<?xml version="1.0" encoding="utf-8"?>
<CoverageSession xmlns:xsd="http://www.w3.org/2001/XMLSchema" xmlns:xsi="http://www.w3.org/2001/XMLSchema-instance" Version="0.0.0.0">
  <Summary numSequencePoints="435" visitedSequencePoints="346" numBranchPoints="0" visitedBranchPoints="0" sequenceCoverage="79.54" branchCoverage="0.0" maxCyclomaticComplexity="0" minCyclomaticComplexity="0" maxCrapScore="0" minCrapScore="0" visitedClasses="13" numClasses="13" visitedMethods="44" numMethods="44" />
  <Modules>
    <Module>
      <Summary numSequencePoints="102" visitedSequencePoints="102" numBranchPoints="0" visitedBranchPoints="0" sequenceCoverage="100.0" branchCoverage="0.0" maxCyclomaticComplexity="0" minCyclomaticComplexity="0" maxCrapScore="0" minCrapScore="0" visitedClasses="5" numClasses="5" visitedMethods="5" numMethods="5" />
      <ModuleTime>0001-01-01T00:00:00</ModuleTime>
      <ModuleName>PlayModeTests</ModuleName>
      <Files>
        <File uid="5" fullPath="D:/Unity/Cours02/Create with Code/TempleRun/EndlessRunner/Assets/Tests/PlayModeTests/PlayerMovementTests.cs" />
        <File uid="6" fullPath="D:/Unity/Cours02/Create with Code/TempleRun/EndlessRunner/Assets/Tests/PlayModeTests/PlayModeTests.cs" />
      </Files>
      <Classes>
        <Class>
          <Summary numSequencePoints="22" visitedSequencePoints="22" numBranchPoints="0" visitedBranchPoints="0" sequenceCoverage="100.0" branchCoverage="0.0" maxCyclomaticComplexity="0" minCyclomaticComplexity="0" maxCrapScore="0" minCrapScore="0" visitedClasses="1" numClasses="1" visitedMethods="1" numMethods="1" />
          <FullName>PlayerMovementTests/&lt;DieMethodDoesNotRunWhenDead&gt;d__2</FullName>
          <Methods>
            <Method visited="true" cyclomaticComplexity="0" nPathComplexity="0" sequenceCoverage="100.0" branchCoverage="0" crapScore="0" isConstructor="false" isStatic="false" isGetter="false" isSetter="false">
              <Summary numSequencePoints="22" visitedSequencePoints="22" numBranchPoints="0" visitedBranchPoints="0" sequenceCoverage="100.0" branchCoverage="0" maxCyclomaticComplexity="0" minCyclomaticComplexity="0" maxCrapScore="0" minCrapScore="0" visitedClasses="0" numClasses="0" visitedMethods="1" numMethods="1" />
              <MetadataToken>100663311</MetadataToken>
              <Name>System.Boolean PlayerMovementTests/&lt;DieMethodDoesNotRunWhenDead&gt;d__2::MoveNext()</Name>
              <FileRef uid="5" />
              <SequencePoints>
                <SequencePoint vc="1" uspid="1433" ordinal="0" offset="45" sl="65" sc="5" el="65" ec="5" bec="0" bev="0" fileid="5" />
                <SequencePoint vc="1" uspid="1434" ordinal="0" offset="46" sl="67" sc="9" el="67" ec="9" bec="0" bev="0" fileid="5" />
                <SequencePoint vc="2" uspid="1435" ordinal="0" offset="65" sl="69" sc="13" el="69" ec="13" bec="0" bev="0" fileid="5" />
                <SequencePoint vc="3" uspid="1436" ordinal="0" offset="88" sl="68" sc="9" el="68" ec="9" bec="0" bev="0" fileid="5" />
                <SequencePoint vc="1" uspid="1437" ordinal="0" offset="106" sl="71" sc="9" el="71" ec="9" bec="0" bev="0" fileid="5" />
                <SequencePoint vc="1" uspid="1438" ordinal="0" offset="122" sl="72" sc="9" el="72" ec="9" bec="0" bev="0" fileid="5" />
                <SequencePoint vc="1" uspid="1439" ordinal="0" offset="134" sl="74" sc="9" el="74" ec="9" bec="0" bev="0" fileid="5" />
                <SequencePoint vc="1" uspid="1440" ordinal="0" offset="151" sl="75" sc="9" el="75" ec="9" bec="0" bev="0" fileid="5" />
                <SequencePoint vc="1" uspid="1441" ordinal="0" offset="163" sl="77" sc="9" el="77" ec="9" bec="0" bev="0" fileid="5" />
                <SequencePoint vc="1" uspid="1442" ordinal="0" offset="184" sl="78" sc="9" el="78" ec="9" bec="0" bev="0" fileid="5" />
                <SequencePoint vc="1" uspid="1443" ordinal="0" offset="202" sl="79" sc="9" el="79" ec="9" bec="0" bev="0" fileid="5" />
                <SequencePoint vc="1" uspid="1444" ordinal="0" offset="220" sl="81" sc="9" el="81" ec="9" bec="0" bev="0" fileid="5" />
                <SequencePoint vc="1" uspid="1445" ordinal="0" offset="237" sl="82" sc="9" el="82" ec="9" bec="0" bev="0" fileid="5" />
                <SequencePoint vc="1" uspid="1446" ordinal="0" offset="249" sl="83" sc="9" el="83" ec="9" bec="0" bev="0" fileid="5" />
                <SequencePoint vc="1" uspid="1447" ordinal="0" offset="276" sl="85" sc="9" el="85" ec="9" bec="0" bev="0" fileid="5" />
                <SequencePoint vc="1" uspid="1448" ordinal="0" offset="293" sl="86" sc="9" el="86" ec="9" bec="0" bev="0" fileid="5" />
                <SequencePoint vc="1" uspid="1449" ordinal="0" offset="305" sl="87" sc="9" el="87" ec="9" bec="0" bev="0" fileid="5" />
                <SequencePoint vc="1" uspid="1450" ordinal="0" offset="332" sl="89" sc="9" el="89" ec="9" bec="0" bev="0" fileid="5" />
                <SequencePoint vc="1" uspid="1451" ordinal="0" offset="344" sl="90" sc="9" el="90" ec="9" bec="0" bev="0" fileid="5" />
                <SequencePoint vc="1" uspid="1452" ordinal="0" offset="371" sl="92" sc="9" el="92" ec="9" bec="0" bev="0" fileid="5" />
                <SequencePoint vc="1" uspid="1453" ordinal="0" offset="398" sl="93" sc="9" el="93" ec="9" bec="0" bev="0" fileid="5" />
                <SequencePoint vc="1" uspid="1454" ordinal="0" offset="425" sl="94" sc="5" el="94" ec="5" bec="0" bev="0" fileid="5" />
              </SequencePoints>
              <BranchPoints />
            </Method>
          </Methods>
        </Class>
        <Class>
          <Summary numSequencePoints="27" visitedSequencePoints="27" numBranchPoints="0" visitedBranchPoints="0" sequenceCoverage="100.0" branchCoverage="0.0" maxCyclomaticComplexity="0" minCyclomaticComplexity="0" maxCrapScore="0" minCrapScore="0" visitedClasses="1" numClasses="1" visitedMethods="1" numMethods="1" />
          <FullName>PlayerMovementTests/&lt;DieMethodRunsWhenAlive&gt;d__3</FullName>
          <Methods>
            <Method visited="true" cyclomaticComplexity="0" nPathComplexity="0" sequenceCoverage="100.0" branchCoverage="0" crapScore="0" isConstructor="false" isStatic="false" isGetter="false" isSetter="false">
              <Summary numSequencePoints="27" visitedSequencePoints="27" numBranchPoints="0" visitedBranchPoints="0" sequenceCoverage="100.0" branchCoverage="0" maxCyclomaticComplexity="0" minCyclomaticComplexity="0" maxCrapScore="0" minCrapScore="0" visitedClasses="0" numClasses="0" visitedMethods="1" numMethods="1" />
              <MetadataToken>100663317</MetadataToken>
              <Name>System.Boolean PlayerMovementTests/&lt;DieMethodRunsWhenAlive&gt;d__3::MoveNext()</Name>
              <FileRef uid="5" />
              <SequencePoints>
                <SequencePoint vc="1" uspid="1455" ordinal="0" offset="45" sl="98" sc="5" el="98" ec="5" bec="0" bev="0" fileid="5" />
                <SequencePoint vc="1" uspid="1456" ordinal="0" offset="46" sl="100" sc="9" el="100" ec="9" bec="0" bev="0" fileid="5" />
                <SequencePoint vc="2" uspid="1457" ordinal="0" offset="65" sl="102" sc="13" el="102" ec="13" bec="0" bev="0" fileid="5" />
                <SequencePoint vc="3" uspid="1458" ordinal="0" offset="88" sl="101" sc="9" el="101" ec="9" bec="0" bev="0" fileid="5" />
                <SequencePoint vc="1" uspid="1459" ordinal="0" offset="106" sl="104" sc="9" el="104" ec="9" bec="0" bev="0" fileid="5" />
                <SequencePoint vc="1" uspid="1460" ordinal="0" offset="122" sl="105" sc="9" el="105" ec="9" bec="0" bev="0" fileid="5" />
                <SequencePoint vc="1" uspid="1461" ordinal="0" offset="134" sl="106" sc="9" el="106" ec="9" bec="0" bev="0" fileid="5" />
                <SequencePoint vc="1" uspid="1462" ordinal="0" offset="150" sl="108" sc="9" el="108" ec="9" bec="0" bev="0" fileid="5" />
                <SequencePoint vc="1" uspid="1463" ordinal="0" offset="167" sl="109" sc="9" el="109" ec="9" bec="0" bev="0" fileid="5" />
                <SequencePoint vc="1" uspid="1464" ordinal="0" offset="179" sl="111" sc="9" el="111" ec="9" bec="0" bev="0" fileid="5" />
                <SequencePoint vc="1" uspid="1465" ordinal="0" offset="200" sl="112" sc="9" el="112" ec="9" bec="0" bev="0" fileid="5" />
                <SequencePoint vc="1" uspid="1466" ordinal="0" offset="218" sl="113" sc="9" el="113" ec="9" bec="0" bev="0" fileid="5" />
                <SequencePoint vc="1" uspid="1467" ordinal="0" offset="236" sl="115" sc="9" el="115" ec="9" bec="0" bev="0" fileid="5" />
                <SequencePoint vc="1" uspid="1468" ordinal="0" offset="253" sl="116" sc="9" el="116" ec="9" bec="0" bev="0" fileid="5" />
                <SequencePoint vc="1" uspid="1469" ordinal="0" offset="265" sl="117" sc="9" el="117" ec="9" bec="0" bev="0" fileid="5" />
                <SequencePoint vc="1" uspid="1470" ordinal="0" offset="292" sl="119" sc="9" el="119" ec="9" bec="0" bev="0" fileid="5" />
                <SequencePoint vc="1" uspid="1471" ordinal="0" offset="309" sl="120" sc="9" el="120" ec="9" bec="0" bev="0" fileid="5" />
                <SequencePoint vc="1" uspid="1472" ordinal="0" offset="321" sl="121" sc="9" el="121" ec="9" bec="0" bev="0" fileid="5" />
                <SequencePoint vc="1" uspid="1473" ordinal="0" offset="348" sl="123" sc="9" el="123" ec="9" bec="0" bev="0" fileid="5" />
                <SequencePoint vc="1" uspid="1474" ordinal="0" offset="365" sl="124" sc="9" el="124" ec="9" bec="0" bev="0" fileid="5" />
                <SequencePoint vc="1" uspid="1475" ordinal="0" offset="377" sl="125" sc="9" el="125" ec="9" bec="0" bev="0" fileid="5" />
                <SequencePoint vc="1" uspid="1476" ordinal="0" offset="404" sl="127" sc="9" el="127" ec="9" bec="0" bev="0" fileid="5" />
                <SequencePoint vc="1" uspid="1477" ordinal="0" offset="416" sl="128" sc="9" el="128" ec="9" bec="0" bev="0" fileid="5" />
                <SequencePoint vc="1" uspid="1478" ordinal="0" offset="443" sl="130" sc="9" el="130" ec="9" bec="0" bev="0" fileid="5" />
                <SequencePoint vc="1" uspid="1479" ordinal="0" offset="470" sl="131" sc="9" el="131" ec="9" bec="0" bev="0" fileid="5" />
                <SequencePoint vc="1" uspid="1480" ordinal="0" offset="497" sl="132" sc="9" el="132" ec="9" bec="0" bev="0" fileid="5" />
                <SequencePoint vc="1" uspid="1481" ordinal="0" offset="524" sl="133" sc="5" el="133" ec="5" bec="0" bev="0" fileid="5" />
              </SequencePoints>
              <BranchPoints />
            </Method>
          </Methods>
        </Class>
        <Class>
          <Summary numSequencePoints="21" visitedSequencePoints="21" numBranchPoints="0" visitedBranchPoints="0" sequenceCoverage="100.0" branchCoverage="0.0" maxCyclomaticComplexity="0" minCyclomaticComplexity="0" maxCrapScore="0" minCrapScore="0" visitedClasses="1" numClasses="1" visitedMethods="1" numMethods="1" />
          <FullName>PlayerMovementTests/&lt;JumpMethodSendsUpwardsThenDown&gt;d__4</FullName>
          <Methods>
            <Method visited="true" cyclomaticComplexity="0" nPathComplexity="0" sequenceCoverage="100.0" branchCoverage="0" crapScore="0" isConstructor="false" isStatic="false" isGetter="false" isSetter="false">
              <Summary numSequencePoints="21" visitedSequencePoints="21" numBranchPoints="0" visitedBranchPoints="0" sequenceCoverage="100.0" branchCoverage="0" maxCyclomaticComplexity="0" minCyclomaticComplexity="0" maxCrapScore="0" minCrapScore="0" visitedClasses="0" numClasses="0" visitedMethods="1" numMethods="1" />
              <MetadataToken>100663323</MetadataToken>
              <Name>System.Boolean PlayerMovementTests/&lt;JumpMethodSendsUpwardsThenDown&gt;d__4::MoveNext()</Name>
              <FileRef uid="5" />
              <SequencePoints>
                <SequencePoint vc="1" uspid="1482" ordinal="0" offset="54" sl="137" sc="5" el="137" ec="5" bec="0" bev="0" fileid="5" />
                <SequencePoint vc="1" uspid="1483" ordinal="0" offset="55" sl="139" sc="9" el="139" ec="9" bec="0" bev="0" fileid="5" />
                <SequencePoint vc="2" uspid="1484" ordinal="0" offset="74" sl="141" sc="13" el="141" ec="13" bec="0" bev="0" fileid="5" />
                <SequencePoint vc="3" uspid="1485" ordinal="0" offset="97" sl="140" sc="9" el="140" ec="9" bec="0" bev="0" fileid="5" />
                <SequencePoint vc="1" uspid="1486" ordinal="0" offset="115" sl="143" sc="9" el="143" ec="9" bec="0" bev="0" fileid="5" />
                <SequencePoint vc="1" uspid="1487" ordinal="0" offset="131" sl="144" sc="9" el="144" ec="9" bec="0" bev="0" fileid="5" />
                <SequencePoint vc="1" uspid="1488" ordinal="0" offset="143" sl="146" sc="9" el="146" ec="9" bec="0" bev="0" fileid="5" />
                <SequencePoint vc="1" uspid="1489" ordinal="0" offset="160" sl="147" sc="9" el="147" ec="9" bec="0" bev="0" fileid="5" />
                <SequencePoint vc="1" uspid="1490" ordinal="0" offset="172" sl="149" sc="9" el="149" ec="9" bec="0" bev="0" fileid="5" />
                <SequencePoint vc="1" uspid="1491" ordinal="0" offset="193" sl="150" sc="9" el="150" ec="9" bec="0" bev="0" fileid="5" />
                <SequencePoint vc="1" uspid="1492" ordinal="0" offset="211" sl="152" sc="9" el="152" ec="9" bec="0" bev="0" fileid="5" />
                <SequencePoint vc="1" uspid="1493" ordinal="0" offset="233" sl="154" sc="9" el="154" ec="9" bec="0" bev="0" fileid="5" />
                <SequencePoint vc="1" uspid="1494" ordinal="0" offset="245" sl="156" sc="9" el="156" ec="9" bec="0" bev="0" fileid="5" />
                <SequencePoint vc="1" uspid="1495" ordinal="0" offset="272" sl="158" sc="9" el="158" ec="9" bec="0" bev="0" fileid="5" />
                <SequencePoint vc="1" uspid="1496" ordinal="0" offset="294" sl="160" sc="9" el="160" ec="9" bec="0" bev="0" fileid="5" />
                <SequencePoint vc="1" uspid="1497" ordinal="0" offset="334" sl="161" sc="9" el="161" ec="9" bec="0" bev="0" fileid="5" />
                <SequencePoint vc="1" uspid="1498" ordinal="0" offset="366" sl="163" sc="9" el="163" ec="9" bec="0" bev="0" fileid="5" />
                <SequencePoint vc="1" uspid="1499" ordinal="0" offset="398" sl="164" sc="9" el="164" ec="9" bec="0" bev="0" fileid="5" />
                <SequencePoint vc="1" uspid="1500" ordinal="0" offset="420" sl="165" sc="9" el="165" ec="9" bec="0" bev="0" fileid="5" />
                <SequencePoint vc="1" uspid="1501" ordinal="0" offset="503" sl="166" sc="9" el="166" ec="9" bec="0" bev="0" fileid="5" />
                <SequencePoint vc="1" uspid="1502" ordinal="0" offset="535" sl="168" sc="5" el="168" ec="5" bec="0" bev="0" fileid="5" />
              </SequencePoints>
              <BranchPoints />
            </Method>
          </Methods>
        </Class>
        <Class>
          <Summary numSequencePoints="16" visitedSequencePoints="16" numBranchPoints="0" visitedBranchPoints="0" sequenceCoverage="100.0" branchCoverage="0.0" maxCyclomaticComplexity="0" minCyclomaticComplexity="0" maxCrapScore="0" minCrapScore="0" visitedClasses="1" numClasses="1" visitedMethods="1" numMethods="1" />
          <FullName>PlayerMovementTests/&lt;TriggerEnterChangesIsOnGround&gt;d__0</FullName>
          <Methods>
            <Method visited="true" cyclomaticComplexity="0" nPathComplexity="0" sequenceCoverage="100.0" branchCoverage="0" crapScore="0" isConstructor="false" isStatic="false" isGetter="false" isSetter="false">
              <Summary numSequencePoints="16" visitedSequencePoints="16" numBranchPoints="0" visitedBranchPoints="0" sequenceCoverage="100.0" branchCoverage="0" maxCyclomaticComplexity="0" minCyclomaticComplexity="0" maxCrapScore="0" minCrapScore="0" visitedClasses="0" numClasses="0" visitedMethods="1" numMethods="1" />
              <MetadataToken>100663329</MetadataToken>
              <Name>System.Boolean PlayerMovementTests/&lt;TriggerEnterChangesIsOnGround&gt;d__0::MoveNext()</Name>
              <FileRef uid="5" />
              <SequencePoints>
                <SequencePoint vc="1" uspid="1503" ordinal="0" offset="45" sl="13" sc="5" el="13" ec="5" bec="0" bev="0" fileid="5" />
                <SequencePoint vc="1" uspid="1504" ordinal="0" offset="46" sl="15" sc="9" el="15" ec="9" bec="0" bev="0" fileid="5" />
                <SequencePoint vc="2" uspid="1505" ordinal="0" offset="65" sl="17" sc="13" el="17" ec="13" bec="0" bev="0" fileid="5" />
                <SequencePoint vc="3" uspid="1506" ordinal="0" offset="88" sl="16" sc="9" el="16" ec="9" bec="0" bev="0" fileid="5" />
                <SequencePoint vc="1" uspid="1507" ordinal="0" offset="106" sl="19" sc="9" el="19" ec="9" bec="0" bev="0" fileid="5" />
                <SequencePoint vc="1" uspid="1508" ordinal="0" offset="122" sl="20" sc="9" el="20" ec="9" bec="0" bev="0" fileid="5" />
                <SequencePoint vc="1" uspid="1509" ordinal="0" offset="134" sl="22" sc="9" el="22" ec="9" bec="0" bev="0" fileid="5" />
                <SequencePoint vc="1" uspid="1510" ordinal="0" offset="151" sl="23" sc="9" el="23" ec="9" bec="0" bev="0" fileid="5" />
                <SequencePoint vc="1" uspid="1511" ordinal="0" offset="163" sl="25" sc="9" el="25" ec="9" bec="0" bev="0" fileid="5" />
                <SequencePoint vc="1" uspid="1512" ordinal="0" offset="184" sl="26" sc="9" el="26" ec="9" bec="0" bev="0" fileid="5" />
                <SequencePoint vc="1" uspid="1513" ordinal="0" offset="202" sl="27" sc="9" el="27" ec="9" bec="0" bev="0" fileid="5" />
                <SequencePoint vc="1" uspid="1514" ordinal="0" offset="271" sl="29" sc="9" el="29" ec="9" bec="0" bev="0" fileid="5" />
                <SequencePoint vc="1" uspid="1515" ordinal="0" offset="303" sl="31" sc="9" el="31" ec="9" bec="0" bev="0" fileid="5" />
                <SequencePoint vc="1" uspid="1516" ordinal="0" offset="310" sl="32" sc="9" el="32" ec="9" bec="0" bev="0" fileid="5" />
                <SequencePoint vc="1" uspid="1517" ordinal="0" offset="332" sl="33" sc="9" el="33" ec="9" bec="0" bev="0" fileid="5" />
                <SequencePoint vc="1" uspid="1518" ordinal="0" offset="360" sl="34" sc="5" el="34" ec="5" bec="0" bev="0" fileid="5" />
              </SequencePoints>
              <BranchPoints />
            </Method>
          </Methods>
        </Class>
        <Class>
          <Summary numSequencePoints="16" visitedSequencePoints="16" numBranchPoints="0" visitedBranchPoints="0" sequenceCoverage="100.0" branchCoverage="0.0" maxCyclomaticComplexity="0" minCyclomaticComplexity="0" maxCrapScore="0" minCrapScore="0" visitedClasses="1" numClasses="1" visitedMethods="1" numMethods="1" />
          <FullName>PlayerMovementTests/&lt;TriggerEnterStartsCoinParticle&gt;d__1</FullName>
          <Methods>
            <Method visited="true" cyclomaticComplexity="0" nPathComplexity="0" sequenceCoverage="100.0" branchCoverage="0" crapScore="0" isConstructor="false" isStatic="false" isGetter="false" isSetter="false">
              <Summary numSequencePoints="16" visitedSequencePoints="16" numBranchPoints="0" visitedBranchPoints="0" sequenceCoverage="100.0" branchCoverage="0" maxCyclomaticComplexity="0" minCyclomaticComplexity="0" maxCrapScore="0" minCrapScore="0" visitedClasses="0" numClasses="0" visitedMethods="1" numMethods="1" />
              <MetadataToken>100663335</MetadataToken>
              <Name>System.Boolean PlayerMovementTests/&lt;TriggerEnterStartsCoinParticle&gt;d__1::MoveNext()</Name>
              <FileRef uid="5" />
              <SequencePoints>
                <SequencePoint vc="1" uspid="1519" ordinal="0" offset="45" sl="38" sc="5" el="38" ec="5" bec="0" bev="0" fileid="5" />
                <SequencePoint vc="1" uspid="1520" ordinal="0" offset="46" sl="40" sc="9" el="40" ec="9" bec="0" bev="0" fileid="5" />
                <SequencePoint vc="2" uspid="1521" ordinal="0" offset="65" sl="42" sc="13" el="42" ec="13" bec="0" bev="0" fileid="5" />
                <SequencePoint vc="3" uspid="1522" ordinal="0" offset="88" sl="41" sc="9" el="41" ec="9" bec="0" bev="0" fileid="5" />
                <SequencePoint vc="1" uspid="1523" ordinal="0" offset="106" sl="44" sc="9" el="44" ec="9" bec="0" bev="0" fileid="5" />
                <SequencePoint vc="1" uspid="1524" ordinal="0" offset="122" sl="45" sc="9" el="45" ec="9" bec="0" bev="0" fileid="5" />
                <SequencePoint vc="1" uspid="1525" ordinal="0" offset="134" sl="47" sc="9" el="47" ec="9" bec="0" bev="0" fileid="5" />
                <SequencePoint vc="1" uspid="1526" ordinal="0" offset="151" sl="48" sc="9" el="48" ec="9" bec="0" bev="0" fileid="5" />
                <SequencePoint vc="1" uspid="1527" ordinal="0" offset="163" sl="50" sc="9" el="50" ec="9" bec="0" bev="0" fileid="5" />
                <SequencePoint vc="1" uspid="1528" ordinal="0" offset="180" sl="51" sc="9" el="51" ec="9" bec="0" bev="0" fileid="5" />
                <SequencePoint vc="1" uspid="1529" ordinal="0" offset="192" sl="52" sc="9" el="52" ec="9" bec="0" bev="0" fileid="5" />
                <SequencePoint vc="1" uspid="1530" ordinal="0" offset="219" sl="55" sc="9" el="55" ec="9" bec="0" bev="0" fileid="5" />
                <SequencePoint vc="1" uspid="1531" ordinal="0" offset="235" sl="56" sc="9" el="56" ec="9" bec="0" bev="0" fileid="5" />
                <SequencePoint vc="1" uspid="1532" ordinal="0" offset="320" sl="58" sc="9" el="58" ec="9" bec="0" bev="0" fileid="5" />
                <SequencePoint vc="1" uspid="1533" ordinal="0" offset="352" sl="60" sc="9" el="60" ec="9" bec="0" bev="0" fileid="5" />
                <SequencePoint vc="1" uspid="1534" ordinal="0" offset="379" sl="61" sc="5" el="61" ec="5" bec="0" bev="0" fileid="5" />
              </SequencePoints>
              <BranchPoints />
            </Method>
          </Methods>
        </Class>
      </Classes>
    </Module>
    <Module>
      <Summary numSequencePoints="333" visitedSequencePoints="244" numBranchPoints="0" visitedBranchPoints="0" sequenceCoverage="73.27" branchCoverage="0.0" maxCyclomaticComplexity="0" minCyclomaticComplexity="0" maxCrapScore="0" minCrapScore="0" visitedClasses="8" numClasses="8" visitedMethods="39" numMethods="39" />
      <ModuleTime>0001-01-01T00:00:00</ModuleTime>
      <ModuleName>Scripts</ModuleName>
      <Files>
        <File uid="7" fullPath="D:/Unity/Cours02/Create with Code/TempleRun/EndlessRunner/Assets/Scripts/CameraFollow.cs" />
        <File uid="8" fullPath="D:/Unity/Cours02/Create with Code/TempleRun/EndlessRunner/Assets/Scripts/Coin.cs" />
        <File uid="9" fullPath="D:/Unity/Cours02/Create with Code/TempleRun/EndlessRunner/Assets/Scripts/GameManager.cs" />
        <File uid="10" fullPath="D:/Unity/Cours02/Create with Code/TempleRun/EndlessRunner/Assets/Scripts/GroundSpawner.cs" />
        <File uid="11" fullPath="D:/Unity/Cours02/Create with Code/TempleRun/EndlessRunner/Assets/Scripts/GroundTile.cs" />
        <File uid="12" fullPath="D:/Unity/Cours02/Create with Code/TempleRun/EndlessRunner/Assets/Scripts/Obstacle.cs" />
        <File uid="13" fullPath="D:/Unity/Cours02/Create with Code/TempleRun/EndlessRunner/Assets/Scripts/PlayerMovement.cs" />
        <File uid="14" fullPath="D:/Unity/Cours02/Create with Code/TempleRun/EndlessRunner/Assets/Scripts/StartButton.cs" />
      </Files>
      <Classes>
        <Class>
          <Summary numSequencePoints="8" visitedSequencePoints="8" numBranchPoints="0" visitedBranchPoints="0" sequenceCoverage="100.0" branchCoverage="0.0" maxCyclomaticComplexity="0" minCyclomaticComplexity="0" maxCrapScore="0" minCrapScore="0" visitedClasses="1" numClasses="1" visitedMethods="2" numMethods="2" />
          <FullName>CameraFollow</FullName>
          <Methods>
            <Method visited="true" cyclomaticComplexity="0" nPathComplexity="0" sequenceCoverage="100.0" branchCoverage="0" crapScore="0" isConstructor="false" isStatic="false" isGetter="false" isSetter="false">
              <Summary numSequencePoints="3" visitedSequencePoints="3" numBranchPoints="0" visitedBranchPoints="0" sequenceCoverage="100.0" branchCoverage="0" maxCyclomaticComplexity="0" minCyclomaticComplexity="0" maxCrapScore="0" minCrapScore="0" visitedClasses="0" numClasses="0" visitedMethods="1" numMethods="1" />
              <MetadataToken>100663297</MetadataToken>
              <Name>System.Void CameraFollow::Start()</Name>
              <FileRef uid="7" />
              <SequencePoints>
                <SequencePoint vc="5" uspid="1589" ordinal="0" offset="0" sl="10" sc="5" el="10" ec="5" bec="0" bev="0" fileid="7" />
                <SequencePoint vc="5" uspid="1590" ordinal="0" offset="1" sl="11" sc="9" el="11" ec="9" bec="0" bev="0" fileid="7" />
                <SequencePoint vc="5" uspid="1591" ordinal="0" offset="34" sl="12" sc="5" el="12" ec="5" bec="0" bev="0" fileid="7" />
              </SequencePoints>
              <BranchPoints />
            </Method>
            <Method visited="true" cyclomaticComplexity="0" nPathComplexity="0" sequenceCoverage="100.0" branchCoverage="0" crapScore="0" isConstructor="false" isStatic="false" isGetter="false" isSetter="false">
              <Summary numSequencePoints="5" visitedSequencePoints="5" numBranchPoints="0" visitedBranchPoints="0" sequenceCoverage="100.0" branchCoverage="0" maxCyclomaticComplexity="0" minCyclomaticComplexity="0" maxCrapScore="0" minCrapScore="0" visitedClasses="0" numClasses="0" visitedMethods="1" numMethods="1" />
              <MetadataToken>100663298</MetadataToken>
              <Name>System.Void CameraFollow::Update()</Name>
              <FileRef uid="7" />
              <SequencePoints>
                <SequencePoint vc="111" uspid="1592" ordinal="0" offset="0" sl="16" sc="5" el="16" ec="5" bec="0" bev="0" fileid="7" />
                <SequencePoint vc="111" uspid="1593" ordinal="0" offset="1" sl="17" sc="9" el="17" ec="9" bec="0" bev="0" fileid="7" />
                <SequencePoint vc="111" uspid="1594" ordinal="0" offset="24" sl="18" sc="9" el="18" ec="9" bec="0" bev="0" fileid="7" />
                <SequencePoint vc="111" uspid="1595" ordinal="0" offset="36" sl="19" sc="9" el="19" ec="9" bec="0" bev="0" fileid="7" />
                <SequencePoint vc="111" uspid="1596" ordinal="0" offset="49" sl="20" sc="5" el="20" ec="5" bec="0" bev="0" fileid="7" />
              </SequencePoints>
              <BranchPoints />
            </Method>
          </Methods>
        </Class>
        <Class>
          <Summary numSequencePoints="30" visitedSequencePoints="22" numBranchPoints="0" visitedBranchPoints="0" sequenceCoverage="73.33" branchCoverage="0.0" maxCyclomaticComplexity="0" minCyclomaticComplexity="0" maxCrapScore="0" minCrapScore="0" visitedClasses="1" numClasses="1" visitedMethods="4" numMethods="4" />
          <FullName>Coin</FullName>
          <Methods>
            <Method visited="true" cyclomaticComplexity="0" nPathComplexity="0" sequenceCoverage="42.86" branchCoverage="0" crapScore="0" isConstructor="false" isStatic="false" isGetter="false" isSetter="false">
              <Summary numSequencePoints="14" visitedSequencePoints="6" numBranchPoints="0" visitedBranchPoints="0" sequenceCoverage="42.86" branchCoverage="0" maxCyclomaticComplexity="0" minCyclomaticComplexity="0" maxCrapScore="0" minCrapScore="0" visitedClasses="0" numClasses="0" visitedMethods="1" numMethods="1" />
              <MetadataToken>100663300</MetadataToken>
              <Name>System.Void Coin::Awake()</Name>
              <FileRef uid="8" />
              <SequencePoints>
                <SequencePoint vc="310" uspid="1597" ordinal="0" offset="0" sl="12" sc="5" el="12" ec="5" bec="0" bev="0" fileid="8" />
                <SequencePoint vc="310" uspid="1598" ordinal="0" offset="1" sl="13" sc="9" el="13" ec="9" bec="0" bev="0" fileid="8" />
                <SequencePoint vc="310" uspid="1599" ordinal="0" offset="12" sl="14" sc="9" el="14" ec="9" bec="0" bev="0" fileid="8" />
                <SequencePoint vc="0" uspid="1600" ordinal="0" offset="23" sl="15" sc="9" el="15" ec="9" bec="0" bev="0" fileid="8" />
                <SequencePoint vc="0" uspid="1601" ordinal="0" offset="24" sl="16" sc="13" el="16" ec="13" bec="0" bev="0" fileid="8" />
                <SequencePoint vc="0" uspid="1602" ordinal="0" offset="35" sl="17" sc="13" el="17" ec="13" bec="0" bev="0" fileid="8" />
                <SequencePoint vc="0" uspid="1603" ordinal="0" offset="43" sl="18" sc="13" el="18" ec="13" bec="0" bev="0" fileid="8" />
                <SequencePoint vc="310" uspid="1604" ordinal="0" offset="45" sl="20" sc="9" el="20" ec="9" bec="0" bev="0" fileid="8" />
                <SequencePoint vc="310" uspid="1605" ordinal="0" offset="57" sl="21" sc="9" el="21" ec="9" bec="0" bev="0" fileid="8" />
                <SequencePoint vc="0" uspid="1606" ordinal="0" offset="73" sl="22" sc="9" el="22" ec="9" bec="0" bev="0" fileid="8" />
                <SequencePoint vc="0" uspid="1607" ordinal="0" offset="74" sl="23" sc="13" el="23" ec="13" bec="0" bev="0" fileid="8" />
                <SequencePoint vc="0" uspid="1608" ordinal="0" offset="85" sl="24" sc="13" el="24" ec="13" bec="0" bev="0" fileid="8" />
                <SequencePoint vc="0" uspid="1609" ordinal="0" offset="93" sl="25" sc="13" el="25" ec="13" bec="0" bev="0" fileid="8" />
                <SequencePoint vc="310" uspid="1610" ordinal="0" offset="95" sl="27" sc="5" el="27" ec="5" bec="0" bev="0" fileid="8" />
              </SequencePoints>
              <BranchPoints />
            </Method>
            <Method visited="true" cyclomaticComplexity="0" nPathComplexity="0" sequenceCoverage="100.0" branchCoverage="0" crapScore="0" isConstructor="false" isStatic="false" isGetter="false" isSetter="false">
              <Summary numSequencePoints="12" visitedSequencePoints="12" numBranchPoints="0" visitedBranchPoints="0" sequenceCoverage="100.0" branchCoverage="0" maxCyclomaticComplexity="0" minCyclomaticComplexity="0" maxCrapScore="0" minCrapScore="0" visitedClasses="0" numClasses="0" visitedMethods="1" numMethods="1" />
              <MetadataToken>100663301</MetadataToken>
              <Name>System.Void Coin::OnTriggerEnter(UnityEngine.Collider)</Name>
              <FileRef uid="8" />
              <SequencePoints>
                <SequencePoint vc="50" uspid="1611" ordinal="0" offset="0" sl="29" sc="5" el="29" ec="5" bec="0" bev="0" fileid="8" />
                <SequencePoint vc="50" uspid="1612" ordinal="0" offset="1" sl="30" sc="9" el="30" ec="9" bec="0" bev="0" fileid="8" />
                <SequencePoint vc="15" uspid="1613" ordinal="0" offset="16" sl="31" sc="9" el="31" ec="9" bec="0" bev="0" fileid="8" />
                <SequencePoint vc="15" uspid="1614" ordinal="0" offset="17" sl="32" sc="13" el="32" ec="13" bec="0" bev="0" fileid="8" />
                <SequencePoint vc="15" uspid="1615" ordinal="0" offset="29" sl="33" sc="13" el="33" ec="13" bec="0" bev="0" fileid="8" />
                <SequencePoint vc="35" uspid="1616" ordinal="0" offset="31" sl="36" sc="9" el="36" ec="9" bec="0" bev="0" fileid="8" />
                <SequencePoint vc="1" uspid="1617" ordinal="0" offset="46" sl="37" sc="9" el="37" ec="9" bec="0" bev="0" fileid="8" />
                <SequencePoint vc="1" uspid="1618" ordinal="0" offset="47" sl="38" sc="13" el="38" ec="13" bec="0" bev="0" fileid="8" />
                <SequencePoint vc="1" uspid="1619" ordinal="0" offset="58" sl="39" sc="13" el="39" ec="13" bec="0" bev="0" fileid="8" />
                <SequencePoint vc="1" uspid="1620" ordinal="0" offset="81" sl="40" sc="13" el="40" ec="13" bec="0" bev="0" fileid="8" />
                <SequencePoint vc="1" uspid="1621" ordinal="0" offset="93" sl="41" sc="13" el="41" ec="13" bec="0" bev="0" fileid="8" />
                <SequencePoint vc="50" uspid="1622" ordinal="0" offset="95" sl="44" sc="5" el="44" ec="5" bec="0" bev="0" fileid="8" />
              </SequencePoints>
              <BranchPoints />
            </Method>
            <Method visited="true" cyclomaticComplexity="0" nPathComplexity="0" sequenceCoverage="100.0" branchCoverage="0" crapScore="0" isConstructor="false" isStatic="false" isGetter="false" isSetter="false">
              <Summary numSequencePoints="3" visitedSequencePoints="3" numBranchPoints="0" visitedBranchPoints="0" sequenceCoverage="100.0" branchCoverage="0" maxCyclomaticComplexity="0" minCyclomaticComplexity="0" maxCrapScore="0" minCrapScore="0" visitedClasses="0" numClasses="0" visitedMethods="1" numMethods="1" />
              <MetadataToken>100663302</MetadataToken>
              <Name>System.Void Coin::Update()</Name>
              <FileRef uid="8" />
              <SequencePoints>
                <SequencePoint vc="6791" uspid="1623" ordinal="0" offset="0" sl="47" sc="5" el="47" ec="5" bec="0" bev="0" fileid="8" />
                <SequencePoint vc="6791" uspid="1624" ordinal="0" offset="1" sl="48" sc="9" el="48" ec="9" bec="0" bev="0" fileid="8" />
                <SequencePoint vc="6791" uspid="1625" ordinal="0" offset="35" sl="49" sc="5" el="49" ec="5" bec="0" bev="0" fileid="8" />
              </SequencePoints>
              <BranchPoints />
            </Method>
            <Method visited="true" cyclomaticComplexity="0" nPathComplexity="0" sequenceCoverage="100.0" branchCoverage="0" crapScore="0" isConstructor="true" isStatic="false" isGetter="false" isSetter="false">
              <Summary numSequencePoints="1" visitedSequencePoints="1" numBranchPoints="0" visitedBranchPoints="0" sequenceCoverage="100.0" branchCoverage="0" maxCyclomaticComplexity="0" minCyclomaticComplexity="0" maxCrapScore="0" minCrapScore="0" visitedClasses="0" numClasses="0" visitedMethods="1" numMethods="1" />
              <MetadataToken>100663303</MetadataToken>
              <Name>Coin::Coin()</Name>
              <FileRef uid="8" />
              <SequencePoints>
                <SequencePoint vc="310" uspid="1626" ordinal="0" offset="0" sl="5" sc="22" el="5" ec="22" bec="0" bev="0" fileid="8" />
              </SequencePoints>
              <BranchPoints />
            </Method>
          </Methods>
        </Class>
        <Class>
          <Summary numSequencePoints="57" visitedSequencePoints="38" numBranchPoints="0" visitedBranchPoints="0" sequenceCoverage="66.67" branchCoverage="0.0" maxCyclomaticComplexity="0" minCyclomaticComplexity="0" maxCrapScore="0" minCrapScore="0" visitedClasses="1" numClasses="1" visitedMethods="7" numMethods="7" />
          <FullName>GameManager</FullName>
          <Methods>
            <Method visited="true" cyclomaticComplexity="0" nPathComplexity="0" sequenceCoverage="42.86" branchCoverage="0" crapScore="0" isConstructor="false" isStatic="false" isGetter="false" isSetter="false">
              <Summary numSequencePoints="21" visitedSequencePoints="9" numBranchPoints="0" visitedBranchPoints="0" sequenceCoverage="42.86" branchCoverage="0" maxCyclomaticComplexity="0" minCyclomaticComplexity="0" maxCrapScore="0" minCrapScore="0" visitedClasses="0" numClasses="0" visitedMethods="1" numMethods="1" />
              <MetadataToken>100663304</MetadataToken>
              <Name>System.Void GameManager::Awake()</Name>
              <FileRef uid="9" />
              <SequencePoints>
                <SequencePoint vc="5" uspid="1627" ordinal="0" offset="0" sl="26" sc="5" el="26" ec="5" bec="0" bev="0" fileid="9" />
                <SequencePoint vc="5" uspid="1628" ordinal="0" offset="1" sl="28" sc="9" el="28" ec="9" bec="0" bev="0" fileid="9" />
                <SequencePoint vc="5" uspid="1629" ordinal="0" offset="7" sl="30" sc="9" el="30" ec="9" bec="0" bev="0" fileid="9" />
                <SequencePoint vc="5" uspid="1630" ordinal="0" offset="18" sl="31" sc="9" el="31" ec="9" bec="0" bev="0" fileid="9" />
                <SequencePoint vc="0" uspid="1631" ordinal="0" offset="29" sl="32" sc="9" el="32" ec="9" bec="0" bev="0" fileid="9" />
                <SequencePoint vc="0" uspid="1632" ordinal="0" offset="30" sl="33" sc="13" el="33" ec="13" bec="0" bev="0" fileid="9" />
                <SequencePoint vc="0" uspid="1633" ordinal="0" offset="41" sl="34" sc="13" el="34" ec="13" bec="0" bev="0" fileid="9" />
                <SequencePoint vc="0" uspid="1634" ordinal="0" offset="49" sl="35" sc="13" el="35" ec="13" bec="0" bev="0" fileid="9" />
                <SequencePoint vc="5" uspid="1635" ordinal="0" offset="51" sl="38" sc="9" el="38" ec="9" bec="0" bev="0" fileid="9" />
                <SequencePoint vc="5" uspid="1636" ordinal="0" offset="63" sl="39" sc="9" el="39" ec="9" bec="0" bev="0" fileid="9" />
                <SequencePoint vc="0" uspid="1637" ordinal="0" offset="79" sl="40" sc="9" el="40" ec="9" bec="0" bev="0" fileid="9" />
                <SequencePoint vc="0" uspid="1638" ordinal="0" offset="80" sl="41" sc="13" el="41" ec="13" bec="0" bev="0" fileid="9" />
                <SequencePoint vc="0" uspid="1639" ordinal="0" offset="91" sl="42" sc="13" el="42" ec="13" bec="0" bev="0" fileid="9" />
                <SequencePoint vc="0" uspid="1640" ordinal="0" offset="99" sl="43" sc="13" el="43" ec="13" bec="0" bev="0" fileid="9" />
                <SequencePoint vc="5" uspid="1641" ordinal="0" offset="101" sl="46" sc="9" el="46" ec="9" bec="0" bev="0" fileid="9" />
                <SequencePoint vc="5" uspid="1642" ordinal="0" offset="113" sl="47" sc="9" el="47" ec="9" bec="0" bev="0" fileid="9" />
                <SequencePoint vc="0" uspid="1643" ordinal="0" offset="129" sl="48" sc="9" el="48" ec="9" bec="0" bev="0" fileid="9" />
                <SequencePoint vc="0" uspid="1644" ordinal="0" offset="130" sl="49" sc="13" el="49" ec="13" bec="0" bev="0" fileid="9" />
                <SequencePoint vc="0" uspid="1645" ordinal="0" offset="152" sl="50" sc="13" el="50" ec="13" bec="0" bev="0" fileid="9" />
                <SequencePoint vc="0" uspid="1646" ordinal="0" offset="160" sl="51" sc="13" el="51" ec="13" bec="0" bev="0" fileid="9" />
                <SequencePoint vc="5" uspid="1647" ordinal="0" offset="162" sl="53" sc="5" el="53" ec="5" bec="0" bev="0" fileid="9" />
              </SequencePoints>
              <BranchPoints />
            </Method>
            <Method visited="true" cyclomaticComplexity="0" nPathComplexity="0" sequenceCoverage="100.0" branchCoverage="0" crapScore="0" isConstructor="false" isStatic="false" isGetter="false" isSetter="false">
              <Summary numSequencePoints="5" visitedSequencePoints="5" numBranchPoints="0" visitedBranchPoints="0" sequenceCoverage="100.0" branchCoverage="0" maxCyclomaticComplexity="0" minCyclomaticComplexity="0" maxCrapScore="0" minCrapScore="0" visitedClasses="0" numClasses="0" visitedMethods="1" numMethods="1" />
              <MetadataToken>100663305</MetadataToken>
              <Name>System.Void GameManager::Start()</Name>
              <FileRef uid="9" />
              <SequencePoints>
                <SequencePoint vc="5" uspid="1648" ordinal="0" offset="0" sl="55" sc="5" el="55" ec="5" bec="0" bev="0" fileid="9" />
                <SequencePoint vc="5" uspid="1649" ordinal="0" offset="1" sl="56" sc="9" el="56" ec="9" bec="0" bev="0" fileid="9" />
                <SequencePoint vc="5" uspid="1650" ordinal="0" offset="8" sl="57" sc="9" el="57" ec="9" bec="0" bev="0" fileid="9" />
                <SequencePoint vc="5" uspid="1651" ordinal="0" offset="19" sl="58" sc="9" el="58" ec="9" bec="0" bev="0" fileid="9" />
                <SequencePoint vc="5" uspid="1652" ordinal="0" offset="26" sl="59" sc="5" el="59" ec="5" bec="0" bev="0" fileid="9" />
              </SequencePoints>
              <BranchPoints />
            </Method>
            <Method visited="true" cyclomaticComplexity="0" nPathComplexity="0" sequenceCoverage="100.0" branchCoverage="0" crapScore="0" isConstructor="false" isStatic="false" isGetter="false" isSetter="false">
              <Summary numSequencePoints="8" visitedSequencePoints="8" numBranchPoints="0" visitedBranchPoints="0" sequenceCoverage="100.0" branchCoverage="0" maxCyclomaticComplexity="0" minCyclomaticComplexity="0" maxCrapScore="0" minCrapScore="0" visitedClasses="0" numClasses="0" visitedMethods="1" numMethods="1" />
              <MetadataToken>100663306</MetadataToken>
              <Name>System.Void GameManager::Update()</Name>
              <FileRef uid="9" />
              <SequencePoints>
                <SequencePoint vc="111" uspid="1653" ordinal="0" offset="0" sl="61" sc="5" el="61" ec="5" bec="0" bev="0" fileid="9" />
                <SequencePoint vc="111" uspid="1654" ordinal="0" offset="1" sl="62" sc="9" el="62" ec="9" bec="0" bev="0" fileid="9" />
                <SequencePoint vc="106" uspid="1655" ordinal="0" offset="11" sl="63" sc="9" el="63" ec="9" bec="0" bev="0" fileid="9" />
                <SequencePoint vc="106" uspid="1656" ordinal="0" offset="12" sl="64" sc="13" el="64" ec="13" bec="0" bev="0" fileid="9" />
                <SequencePoint vc="106" uspid="1657" ordinal="0" offset="36" sl="67" sc="13" el="67" ec="13" bec="0" bev="0" fileid="9" />
                <SequencePoint vc="106" uspid="1658" ordinal="0" offset="77" sl="69" sc="13" el="69" ec="13" bec="0" bev="0" fileid="9" />
                <SequencePoint vc="106" uspid="1659" ordinal="0" offset="84" sl="70" sc="9" el="70" ec="9" bec="0" bev="0" fileid="9" />
                <SequencePoint vc="111" uspid="1660" ordinal="0" offset="85" sl="72" sc="5" el="72" ec="5" bec="0" bev="0" fileid="9" />
              </SequencePoints>
              <BranchPoints />
            </Method>
            <Method visited="true" cyclomaticComplexity="0" nPathComplexity="0" sequenceCoverage="100.0" branchCoverage="0" crapScore="0" isConstructor="false" isStatic="false" isGetter="false" isSetter="false">
              <Summary numSequencePoints="5" visitedSequencePoints="5" numBranchPoints="0" visitedBranchPoints="0" sequenceCoverage="100.0" branchCoverage="0" maxCyclomaticComplexity="0" minCyclomaticComplexity="0" maxCrapScore="0" minCrapScore="0" visitedClasses="0" numClasses="0" visitedMethods="1" numMethods="1" />
              <MetadataToken>100663307</MetadataToken>
              <Name>System.Void GameManager::IncrementScore()</Name>
              <FileRef uid="9" />
              <SequencePoints>
                <SequencePoint vc="1" uspid="1661" ordinal="0" offset="0" sl="76" sc="5" el="76" ec="5" bec="0" bev="0" fileid="9" />
                <SequencePoint vc="1" uspid="1662" ordinal="0" offset="1" sl="77" sc="9" el="77" ec="9" bec="0" bev="0" fileid="9" />
                <SequencePoint vc="1" uspid="1663" ordinal="0" offset="15" sl="78" sc="9" el="78" ec="9" bec="0" bev="0" fileid="9" />
                <SequencePoint vc="1" uspid="1664" ordinal="0" offset="48" sl="79" sc="9" el="79" ec="9" bec="0" bev="0" fileid="9" />
                <SequencePoint vc="1" uspid="1665" ordinal="0" offset="77" sl="80" sc="5" el="80" ec="5" bec="0" bev="0" fileid="9" />
              </SequencePoints>
              <BranchPoints />
            </Method>
            <Method visited="true" cyclomaticComplexity="0" nPathComplexity="0" sequenceCoverage="41.67" branchCoverage="0" crapScore="0" isConstructor="false" isStatic="false" isGetter="false" isSetter="false">
              <Summary numSequencePoints="12" visitedSequencePoints="5" numBranchPoints="0" visitedBranchPoints="0" sequenceCoverage="41.67" branchCoverage="0" maxCyclomaticComplexity="0" minCyclomaticComplexity="0" maxCrapScore="0" minCrapScore="0" visitedClasses="0" numClasses="0" visitedMethods="1" numMethods="1" />
              <MetadataToken>100663308</MetadataToken>
              <Name>System.Void GameManager::CheckMilestone()</Name>
              <FileRef uid="9" />
              <SequencePoints>
                <SequencePoint vc="106" uspid="1666" ordinal="0" offset="0" sl="84" sc="5" el="84" ec="5" bec="0" bev="0" fileid="9" />
                <SequencePoint vc="106" uspid="1667" ordinal="0" offset="1" sl="85" sc="9" el="85" ec="9" bec="0" bev="0" fileid="9" />
                <SequencePoint vc="106" uspid="1668" ordinal="0" offset="13" sl="87" sc="9" el="87" ec="9" bec="0" bev="0" fileid="9" />
                <SequencePoint vc="106" uspid="1669" ordinal="0" offset="21" sl="89" sc="9" el="89" ec="9" bec="0" bev="0" fileid="9" />
                <SequencePoint vc="0" uspid="1670" ordinal="0" offset="45" sl="90" sc="9" el="90" ec="9" bec="0" bev="0" fileid="9" />
                <SequencePoint vc="0" uspid="1671" ordinal="0" offset="46" sl="91" sc="13" el="91" ec="13" bec="0" bev="0" fileid="9" />
                <SequencePoint vc="0" uspid="1672" ordinal="0" offset="79" sl="92" sc="13" el="92" ec="13" bec="0" bev="0" fileid="9" />
                <SequencePoint vc="0" uspid="1673" ordinal="0" offset="80" sl="93" sc="17" el="93" ec="17" bec="0" bev="0" fileid="9" />
                <SequencePoint vc="0" uspid="1674" ordinal="0" offset="98" sl="94" sc="13" el="94" ec="13" bec="0" bev="0" fileid="9" />
                <SequencePoint vc="0" uspid="1675" ordinal="0" offset="99" sl="96" sc="13" el="96" ec="13" bec="0" bev="0" fileid="9" />
                <SequencePoint vc="0" uspid="1676" ordinal="0" offset="106" sl="98" sc="9" el="98" ec="9" bec="0" bev="0" fileid="9" />
                <SequencePoint vc="106" uspid="1677" ordinal="0" offset="107" sl="99" sc="5" el="99" ec="5" bec="0" bev="0" fileid="9" />
              </SequencePoints>
              <BranchPoints />
            </Method>
            <Method visited="true" cyclomaticComplexity="0" nPathComplexity="0" sequenceCoverage="100.0" branchCoverage="0" crapScore="0" isConstructor="false" isStatic="false" isGetter="false" isSetter="false">
              <Summary numSequencePoints="5" visitedSequencePoints="5" numBranchPoints="0" visitedBranchPoints="0" sequenceCoverage="100.0" branchCoverage="0" maxCyclomaticComplexity="0" minCyclomaticComplexity="0" maxCrapScore="0" minCrapScore="0" visitedClasses="0" numClasses="0" visitedMethods="1" numMethods="1" />
              <MetadataToken>100663309</MetadataToken>
              <Name>System.Void GameManager::GameOver()</Name>
              <FileRef uid="9" />
              <SequencePoints>
                <SequencePoint vc="1" uspid="1678" ordinal="0" offset="0" sl="101" sc="5" el="101" ec="5" bec="0" bev="0" fileid="9" />
                <SequencePoint vc="1" uspid="1679" ordinal="0" offset="1" sl="102" sc="9" el="102" ec="9" bec="0" bev="0" fileid="9" />
                <SequencePoint vc="1" uspid="1680" ordinal="0" offset="8" sl="103" sc="9" el="103" ec="9" bec="0" bev="0" fileid="9" />
                <SequencePoint vc="1" uspid="1681" ordinal="0" offset="26" sl="104" sc="9" el="104" ec="9" bec="0" bev="0" fileid="9" />
                <SequencePoint vc="1" uspid="1682" ordinal="0" offset="44" sl="105" sc="5" el="105" ec="5" bec="0" bev="0" fileid="9" />
              </SequencePoints>
              <BranchPoints />
            </Method>
            <Method visited="true" cyclomaticComplexity="0" nPathComplexity="0" sequenceCoverage="100.0" branchCoverage="0" crapScore="0" isConstructor="true" isStatic="false" isGetter="false" isSetter="false">
              <Summary numSequencePoints="1" visitedSequencePoints="1" numBranchPoints="0" visitedBranchPoints="0" sequenceCoverage="100.0" branchCoverage="0" maxCyclomaticComplexity="0" minCyclomaticComplexity="0" maxCrapScore="0" minCrapScore="0" visitedClasses="0" numClasses="0" visitedMethods="1" numMethods="1" />
              <MetadataToken>100663311</MetadataToken>
              <Name>GameManager::GameManager()</Name>
              <FileRef uid="9" />
              <SequencePoints>
                <SequencePoint vc="5" uspid="1686" ordinal="0" offset="0" sl="14" sc="5" el="14" ec="5" bec="0" bev="0" fileid="9" />
              </SequencePoints>
              <BranchPoints />
            </Method>
          </Methods>
        </Class>
        <Class>
          <Summary numSequencePoints="23" visitedSequencePoints="23" numBranchPoints="0" visitedBranchPoints="0" sequenceCoverage="100.0" branchCoverage="0.0" maxCyclomaticComplexity="0" minCyclomaticComplexity="0" maxCrapScore="0" minCrapScore="0" visitedClasses="1" numClasses="1" visitedMethods="2" numMethods="2" />
          <FullName>GroundSpawner</FullName>
          <Methods>
            <Method visited="true" cyclomaticComplexity="0" nPathComplexity="0" sequenceCoverage="100.0" branchCoverage="0" crapScore="0" isConstructor="false" isStatic="false" isGetter="false" isSetter="false">
              <Summary numSequencePoints="9" visitedSequencePoints="9" numBranchPoints="0" visitedBranchPoints="0" sequenceCoverage="100.0" branchCoverage="0" maxCyclomaticComplexity="0" minCyclomaticComplexity="0" maxCrapScore="0" minCrapScore="0" visitedClasses="0" numClasses="0" visitedMethods="1" numMethods="1" />
              <MetadataToken>100663313</MetadataToken>
              <Name>System.Void GroundSpawner::SpawnTile(System.Boolean)</Name>
              <FileRef uid="10" />
              <SequencePoints>
                <SequencePoint vc="77" uspid="1687" ordinal="0" offset="0" sl="14" sc="5" el="14" ec="5" bec="0" bev="0" fileid="10" />
                <SequencePoint vc="77" uspid="1688" ordinal="0" offset="1" sl="15" sc="9" el="15" ec="9" bec="0" bev="0" fileid="10" />
                <SequencePoint vc="77" uspid="1689" ordinal="0" offset="24" sl="16" sc="9" el="16" ec="9" bec="0" bev="0" fileid="10" />
                <SequencePoint vc="77" uspid="1690" ordinal="0" offset="52" sl="18" sc="9" el="18" ec="9" bec="0" bev="0" fileid="10" />
                <SequencePoint vc="62" uspid="1691" ordinal="0" offset="57" sl="19" sc="9" el="19" ec="9" bec="0" bev="0" fileid="10" />
                <SequencePoint vc="62" uspid="1692" ordinal="0" offset="58" sl="20" sc="13" el="20" ec="13" bec="0" bev="0" fileid="10" />
                <SequencePoint vc="62" uspid="1693" ordinal="0" offset="70" sl="21" sc="13" el="21" ec="13" bec="0" bev="0" fileid="10" />
                <SequencePoint vc="62" uspid="1694" ordinal="0" offset="82" sl="22" sc="9" el="22" ec="9" bec="0" bev="0" fileid="10" />
                <SequencePoint vc="77" uspid="1695" ordinal="0" offset="83" sl="23" sc="5" el="23" ec="5" bec="0" bev="0" fileid="10" />
              </SequencePoints>
              <BranchPoints />
            </Method>
            <Method visited="true" cyclomaticComplexity="0" nPathComplexity="0" sequenceCoverage="100.0" branchCoverage="0" crapScore="0" isConstructor="false" isStatic="false" isGetter="false" isSetter="false">
              <Summary numSequencePoints="14" visitedSequencePoints="14" numBranchPoints="0" visitedBranchPoints="0" sequenceCoverage="100.0" branchCoverage="0" maxCyclomaticComplexity="0" minCyclomaticComplexity="0" maxCrapScore="0" minCrapScore="0" visitedClasses="0" numClasses="0" visitedMethods="1" numMethods="1" />
              <MetadataToken>100663314</MetadataToken>
              <Name>System.Void GroundSpawner::Start()</Name>
              <FileRef uid="10" />
              <SequencePoints>
                <SequencePoint vc="5" uspid="1696" ordinal="0" offset="0" sl="25" sc="5" el="25" ec="5" bec="0" bev="0" fileid="10" />
                <SequencePoint vc="5" uspid="1697" ordinal="0" offset="1" sl="26" sc="14" el="26" ec="14" bec="0" bev="0" fileid="10" />
                <SequencePoint vc="75" uspid="1698" ordinal="0" offset="5" sl="27" sc="9" el="27" ec="9" bec="0" bev="0" fileid="10" />
                <SequencePoint vc="75" uspid="1699" ordinal="0" offset="6" sl="28" sc="13" el="28" ec="13" bec="0" bev="0" fileid="10" />
                <SequencePoint vc="15" uspid="1700" ordinal="0" offset="14" sl="29" sc="13" el="29" ec="13" bec="0" bev="0" fileid="10" />
                <SequencePoint vc="15" uspid="1701" ordinal="0" offset="15" sl="30" sc="17" el="30" ec="17" bec="0" bev="0" fileid="10" />
                <SequencePoint vc="15" uspid="1702" ordinal="0" offset="23" sl="31" sc="13" el="31" ec="13" bec="0" bev="0" fileid="10" />
                <SequencePoint vc="60" uspid="1703" ordinal="0" offset="26" sl="33" sc="13" el="33" ec="13" bec="0" bev="0" fileid="10" />
                <SequencePoint vc="60" uspid="1704" ordinal="0" offset="27" sl="34" sc="17" el="34" ec="17" bec="0" bev="0" fileid="10" />
                <SequencePoint vc="60" uspid="1705" ordinal="0" offset="35" sl="35" sc="13" el="35" ec="13" bec="0" bev="0" fileid="10" />
                <SequencePoint vc="75" uspid="1706" ordinal="0" offset="36" sl="36" sc="9" el="36" ec="9" bec="0" bev="0" fileid="10" />
                <SequencePoint vc="75" uspid="1707" ordinal="0" offset="37" sl="26" sc="33" el="26" ec="33" bec="0" bev="0" fileid="10" />
                <SequencePoint vc="80" uspid="1708" ordinal="0" offset="41" sl="26" sc="25" el="26" ec="25" bec="0" bev="0" fileid="10" />
                <SequencePoint vc="5" uspid="1709" ordinal="0" offset="50" sl="37" sc="5" el="37" ec="5" bec="0" bev="0" fileid="10" />
              </SequencePoints>
              <BranchPoints />
            </Method>
          </Methods>
        </Class>
        <Class>
          <Summary numSequencePoints="79" visitedSequencePoints="67" numBranchPoints="0" visitedBranchPoints="0" sequenceCoverage="84.81" branchCoverage="0.0" maxCyclomaticComplexity="0" minCyclomaticComplexity="0" maxCrapScore="0" minCrapScore="0" visitedClasses="1" numClasses="1" visitedMethods="10" numMethods="10" />
          <FullName>GroundTile</FullName>
          <Methods>
            <Method visited="true" cyclomaticComplexity="0" nPathComplexity="0" sequenceCoverage="42.86" branchCoverage="0" crapScore="0" isConstructor="false" isStatic="false" isGetter="false" isSetter="false">
              <Summary numSequencePoints="14" visitedSequencePoints="6" numBranchPoints="0" visitedBranchPoints="0" sequenceCoverage="42.86" branchCoverage="0" maxCyclomaticComplexity="0" minCyclomaticComplexity="0" maxCrapScore="0" minCrapScore="0" visitedClasses="0" numClasses="0" visitedMethods="1" numMethods="1" />
              <MetadataToken>100663316</MetadataToken>
              <Name>System.Void GroundTile::Awake()</Name>
              <FileRef uid="11" />
              <SequencePoints>
                <SequencePoint vc="77" uspid="1710" ordinal="0" offset="0" sl="16" sc="5" el="16" ec="5" bec="0" bev="0" fileid="11" />
                <SequencePoint vc="77" uspid="1711" ordinal="0" offset="1" sl="17" sc="9" el="17" ec="9" bec="0" bev="0" fileid="11" />
                <SequencePoint vc="77" uspid="1712" ordinal="0" offset="12" sl="18" sc="9" el="18" ec="9" bec="0" bev="0" fileid="11" />
                <SequencePoint vc="0" uspid="1713" ordinal="0" offset="23" sl="19" sc="9" el="19" ec="9" bec="0" bev="0" fileid="11" />
                <SequencePoint vc="0" uspid="1714" ordinal="0" offset="24" sl="20" sc="13" el="20" ec="13" bec="0" bev="0" fileid="11" />
                <SequencePoint vc="0" uspid="1715" ordinal="0" offset="35" sl="21" sc="13" el="21" ec="13" bec="0" bev="0" fileid="11" />
                <SequencePoint vc="0" uspid="1716" ordinal="0" offset="43" sl="22" sc="13" el="22" ec="13" bec="0" bev="0" fileid="11" />
                <SequencePoint vc="77" uspid="1717" ordinal="0" offset="45" sl="24" sc="9" el="24" ec="9" bec="0" bev="0" fileid="11" />
                <SequencePoint vc="77" uspid="1718" ordinal="0" offset="57" sl="25" sc="9" el="25" ec="9" bec="0" bev="0" fileid="11" />
                <SequencePoint vc="0" uspid="1719" ordinal="0" offset="70" sl="26" sc="9" el="26" ec="9" bec="0" bev="0" fileid="11" />
                <SequencePoint vc="0" uspid="1720" ordinal="0" offset="71" sl="28" sc="13" el="28" ec="13" bec="0" bev="0" fileid="11" />
                <SequencePoint vc="0" uspid="1721" ordinal="0" offset="82" sl="29" sc="13" el="29" ec="13" bec="0" bev="0" fileid="11" />
                <SequencePoint vc="0" uspid="1722" ordinal="0" offset="90" sl="30" sc="13" el="30" ec="13" bec="0" bev="0" fileid="11" />
                <SequencePoint vc="77" uspid="1723" ordinal="0" offset="92" sl="33" sc="5" el="33" ec="5" bec="0" bev="0" fileid="11" />
              </SequencePoints>
              <BranchPoints />
            </Method>
            <Method visited="true" cyclomaticComplexity="0" nPathComplexity="0" sequenceCoverage="100.0" branchCoverage="0" crapScore="0" isConstructor="false" isStatic="false" isGetter="false" isSetter="false">
              <Summary numSequencePoints="3" visitedSequencePoints="3" numBranchPoints="0" visitedBranchPoints="0" sequenceCoverage="100.0" branchCoverage="0" maxCyclomaticComplexity="0" minCyclomaticComplexity="0" maxCrapScore="0" minCrapScore="0" visitedClasses="0" numClasses="0" visitedMethods="1" numMethods="1" />
              <MetadataToken>100663317</MetadataToken>
              <Name>System.Void GroundTile::OnTriggerExit(UnityEngine.Collider)</Name>
              <FileRef uid="11" />
              <SequencePoints>
                <SequencePoint vc="2" uspid="1724" ordinal="0" offset="0" sl="36" sc="5" el="36" ec="5" bec="0" bev="0" fileid="11" />
                <SequencePoint vc="2" uspid="1725" ordinal="0" offset="1" sl="37" sc="9" el="37" ec="9" bec="0" bev="0" fileid="11" />
                <SequencePoint vc="2" uspid="1726" ordinal="0" offset="9" sl="38" sc="5" el="38" ec="5" bec="0" bev="0" fileid="11" />
              </SequencePoints>
              <BranchPoints />
            </Method>
            <Method visited="true" cyclomaticComplexity="0" nPathComplexity="0" sequenceCoverage="88.89" branchCoverage="0" crapScore="0" isConstructor="false" isStatic="false" isGetter="false" isSetter="false">
              <Summary numSequencePoints="9" visitedSequencePoints="8" numBranchPoints="0" visitedBranchPoints="0" sequenceCoverage="88.89" branchCoverage="0" maxCyclomaticComplexity="0" minCyclomaticComplexity="0" maxCrapScore="0" minCrapScore="0" visitedClasses="0" numClasses="0" visitedMethods="1" numMethods="1" />
              <MetadataToken>100663318</MetadataToken>
              <Name>System.Void GroundTile::TraiterSortie(UnityEngine.Collider)</Name>
              <FileRef uid="11" />
              <SequencePoints>
                <SequencePoint vc="2" uspid="1727" ordinal="0" offset="0" sl="41" sc="5" el="41" ec="5" bec="0" bev="0" fileid="11" />
                <SequencePoint vc="2" uspid="1728" ordinal="0" offset="1" sl="42" sc="9" el="42" ec="9" bec="0" bev="0" fileid="11" />
                <SequencePoint vc="2" uspid="1729" ordinal="0" offset="16" sl="43" sc="9" el="43" ec="9" bec="0" bev="0" fileid="11" />
                <SequencePoint vc="2" uspid="1730" ordinal="0" offset="17" sl="44" sc="13" el="44" ec="13" bec="0" bev="0" fileid="11" />
                <SequencePoint vc="2" uspid="1731" ordinal="0" offset="30" sl="45" sc="13" el="45" ec="13" bec="0" bev="0" fileid="11" />
                <SequencePoint vc="2" uspid="1732" ordinal="0" offset="39" sl="46" sc="17" el="46" ec="17" bec="0" bev="0" fileid="11" />
                <SequencePoint vc="0" uspid="1733" ordinal="0" offset="58" sl="48" sc="17" el="48" ec="17" bec="0" bev="0" fileid="11" />
                <SequencePoint vc="2" uspid="1734" ordinal="0" offset="70" sl="49" sc="9" el="49" ec="9" bec="0" bev="0" fileid="11" />
                <SequencePoint vc="2" uspid="1735" ordinal="0" offset="71" sl="50" sc="5" el="50" ec="5" bec="0" bev="0" fileid="11" />
              </SequencePoints>
              <BranchPoints />
            </Method>
            <Method visited="true" cyclomaticComplexity="0" nPathComplexity="0" sequenceCoverage="100.0" branchCoverage="0" crapScore="0" isConstructor="false" isStatic="false" isGetter="false" isSetter="false">
              <Summary numSequencePoints="4" visitedSequencePoints="4" numBranchPoints="0" visitedBranchPoints="0" sequenceCoverage="100.0" branchCoverage="0" maxCyclomaticComplexity="0" minCyclomaticComplexity="0" maxCrapScore="0" minCrapScore="0" visitedClasses="0" numClasses="0" visitedMethods="1" numMethods="1" />
              <MetadataToken>100663319</MetadataToken>
              <Name>System.Void GroundTile::SpawnObstacle()</Name>
              <FileRef uid="11" />
              <SequencePoints>
                <SequencePoint vc="62" uspid="1736" ordinal="0" offset="0" sl="53" sc="5" el="53" ec="5" bec="0" bev="0" fileid="11" />
                <SequencePoint vc="62" uspid="1737" ordinal="0" offset="1" sl="54" sc="9" el="54" ec="9" bec="0" bev="0" fileid="11" />
                <SequencePoint vc="62" uspid="1738" ordinal="0" offset="8" sl="55" sc="9" el="55" ec="9" bec="0" bev="0" fileid="11" />
                <SequencePoint vc="62" uspid="1739" ordinal="0" offset="43" sl="56" sc="5" el="56" ec="5" bec="0" bev="0" fileid="11" />
              </SequencePoints>
              <BranchPoints />
            </Method>
            <Method visited="true" cyclomaticComplexity="0" nPathComplexity="0" sequenceCoverage="100.0" branchCoverage="0" crapScore="0" isConstructor="false" isStatic="false" isGetter="true" isSetter="false">
              <Summary numSequencePoints="13" visitedSequencePoints="13" numBranchPoints="0" visitedBranchPoints="0" sequenceCoverage="100.0" branchCoverage="0" maxCyclomaticComplexity="0" minCyclomaticComplexity="0" maxCrapScore="0" minCrapScore="0" visitedClasses="0" numClasses="0" visitedMethods="1" numMethods="1" />
              <MetadataToken>100663320</MetadataToken>
              <Name>UnityEngine.GameObject GroundTile::get_RandomGameObject()</Name>
              <FileRef uid="11" />
              <SequencePoints>
                <SequencePoint vc="62" uspid="1740" ordinal="0" offset="0" sl="61" sc="9" el="61" ec="9" bec="0" bev="0" fileid="11" />
                <SequencePoint vc="62" uspid="1741" ordinal="0" offset="1" sl="62" sc="13" el="62" ec="13" bec="0" bev="0" fileid="11" />
                <SequencePoint vc="62" uspid="1742" ordinal="0" offset="16" sl="63" sc="13" el="63" ec="13" bec="0" bev="0" fileid="11" />
                <SequencePoint vc="62" uspid="1743" ordinal="0" offset="25" sl="64" sc="13" el="64" ec="13" bec="0" bev="0" fileid="11" />
                <SequencePoint vc="62" uspid="1744" ordinal="0" offset="43" sl="67" sc="13" el="67" ec="13" bec="0" bev="0" fileid="11" />
                <SequencePoint vc="62" uspid="1745" ordinal="0" offset="59" sl="68" sc="13" el="68" ec="13" bec="0" bev="0" fileid="11" />
                <SequencePoint vc="27" uspid="1746" ordinal="0" offset="72" sl="69" sc="13" el="69" ec="13" bec="0" bev="0" fileid="11" />
                <SequencePoint vc="27" uspid="1747" ordinal="0" offset="73" sl="70" sc="17" el="70" ec="17" bec="0" bev="0" fileid="11" />
                <SequencePoint vc="27" uspid="1748" ordinal="0" offset="88" sl="71" sc="17" el="71" ec="17" bec="0" bev="0" fileid="11" />
                <SequencePoint vc="27" uspid="1749" ordinal="0" offset="97" sl="72" sc="17" el="72" ec="17" bec="0" bev="0" fileid="11" />
                <SequencePoint vc="27" uspid="1750" ordinal="0" offset="115" sl="73" sc="13" el="73" ec="13" bec="0" bev="0" fileid="11" />
                <SequencePoint vc="62" uspid="1751" ordinal="0" offset="116" sl="76" sc="13" el="76" ec="13" bec="0" bev="0" fileid="11" />
                <SequencePoint vc="62" uspid="1752" ordinal="0" offset="121" sl="77" sc="9" el="77" ec="9" bec="0" bev="0" fileid="11" />
              </SequencePoints>
              <BranchPoints />
            </Method>
            <Method visited="true" cyclomaticComplexity="0" nPathComplexity="0" sequenceCoverage="100.0" branchCoverage="0" crapScore="0" isConstructor="false" isStatic="false" isGetter="true" isSetter="false">
              <Summary numSequencePoints="7" visitedSequencePoints="7" numBranchPoints="0" visitedBranchPoints="0" sequenceCoverage="100.0" branchCoverage="0" maxCyclomaticComplexity="0" minCyclomaticComplexity="0" maxCrapScore="0" minCrapScore="0" visitedClasses="0" numClasses="0" visitedMethods="1" numMethods="1" />
              <MetadataToken>100663321</MetadataToken>
              <Name>UnityEngine.Vector3 GroundTile::get_RandomPositionSmall()</Name>
              <FileRef uid="11" />
              <SequencePoints>
                <SequencePoint vc="62" uspid="1753" ordinal="0" offset="0" sl="83" sc="9" el="83" ec="9" bec="0" bev="0" fileid="11" />
                <SequencePoint vc="62" uspid="1754" ordinal="0" offset="1" sl="84" sc="13" el="84" ec="13" bec="0" bev="0" fileid="11" />
                <SequencePoint vc="62" uspid="1755" ordinal="0" offset="17" sl="85" sc="13" el="85" ec="13" bec="0" bev="0" fileid="11" />
                <SequencePoint vc="62" uspid="1756" ordinal="0" offset="34" sl="86" sc="13" el="86" ec="13" bec="0" bev="0" fileid="11" />
                <SequencePoint vc="62" uspid="1757" ordinal="0" offset="51" sl="87" sc="13" el="87" ec="13" bec="0" bev="0" fileid="11" />
                <SequencePoint vc="62" uspid="1758" ordinal="0" offset="61" sl="88" sc="13" el="88" ec="13" bec="0" bev="0" fileid="11" />
                <SequencePoint vc="62" uspid="1759" ordinal="0" offset="66" sl="89" sc="9" el="89" ec="9" bec="0" bev="0" fileid="11" />
              </SequencePoints>
              <BranchPoints />
            </Method>
            <Method visited="true" cyclomaticComplexity="0" nPathComplexity="0" sequenceCoverage="100.0" branchCoverage="0" crapScore="0" isConstructor="false" isStatic="false" isGetter="true" isSetter="false">
              <Summary numSequencePoints="7" visitedSequencePoints="7" numBranchPoints="0" visitedBranchPoints="0" sequenceCoverage="100.0" branchCoverage="0" maxCyclomaticComplexity="0" minCyclomaticComplexity="0" maxCrapScore="0" minCrapScore="0" visitedClasses="0" numClasses="0" visitedMethods="1" numMethods="1" />
              <MetadataToken>100663322</MetadataToken>
              <Name>UnityEngine.Vector3 GroundTile::get_RandomPositionLarge()</Name>
              <FileRef uid="11" />
              <SequencePoints>
                <SequencePoint vc="27" uspid="1760" ordinal="0" offset="0" sl="97" sc="9" el="97" ec="9" bec="0" bev="0" fileid="11" />
                <SequencePoint vc="27" uspid="1761" ordinal="0" offset="1" sl="98" sc="13" el="98" ec="13" bec="0" bev="0" fileid="11" />
                <SequencePoint vc="27" uspid="1762" ordinal="0" offset="17" sl="99" sc="13" el="99" ec="13" bec="0" bev="0" fileid="11" />
                <SequencePoint vc="27" uspid="1763" ordinal="0" offset="34" sl="100" sc="13" el="100" ec="13" bec="0" bev="0" fileid="11" />
                <SequencePoint vc="27" uspid="1764" ordinal="0" offset="51" sl="101" sc="13" el="101" ec="13" bec="0" bev="0" fileid="11" />
                <SequencePoint vc="27" uspid="1765" ordinal="0" offset="61" sl="102" sc="13" el="102" ec="13" bec="0" bev="0" fileid="11" />
                <SequencePoint vc="27" uspid="1766" ordinal="0" offset="66" sl="103" sc="9" el="103" ec="9" bec="0" bev="0" fileid="11" />
              </SequencePoints>
              <BranchPoints />
            </Method>
            <Method visited="true" cyclomaticComplexity="0" nPathComplexity="0" sequenceCoverage="100.0" branchCoverage="0" crapScore="0" isConstructor="false" isStatic="false" isGetter="false" isSetter="false">
              <Summary numSequencePoints="11" visitedSequencePoints="11" numBranchPoints="0" visitedBranchPoints="0" sequenceCoverage="100.0" branchCoverage="0" maxCyclomaticComplexity="0" minCyclomaticComplexity="0" maxCrapScore="0" minCrapScore="0" visitedClasses="0" numClasses="0" visitedMethods="1" numMethods="1" />
              <MetadataToken>100663323</MetadataToken>
              <Name>System.Void GroundTile::SpawnCoins()</Name>
              <FileRef uid="11" />
              <SequencePoints>
                <SequencePoint vc="62" uspid="1767" ordinal="0" offset="0" sl="109" sc="5" el="109" ec="5" bec="0" bev="0" fileid="11" />
                <SequencePoint vc="62" uspid="1768" ordinal="0" offset="1" sl="110" sc="9" el="110" ec="9" bec="0" bev="0" fileid="11" />
                <SequencePoint vc="62" uspid="1769" ordinal="0" offset="3" sl="111" sc="9" el="111" ec="9" bec="0" bev="0" fileid="11" />
                <SequencePoint vc="62" uspid="1770" ordinal="0" offset="10" sl="112" sc="14" el="112" ec="14" bec="0" bev="0" fileid="11" />
                <SequencePoint vc="310" uspid="1771" ordinal="0" offset="14" sl="113" sc="9" el="113" ec="9" bec="0" bev="0" fileid="11" />
                <SequencePoint vc="310" uspid="1772" ordinal="0" offset="15" sl="114" sc="13" el="114" ec="13" bec="0" bev="0" fileid="11" />
                <SequencePoint vc="310" uspid="1773" ordinal="0" offset="33" sl="115" sc="13" el="115" ec="13" bec="0" bev="0" fileid="11" />
                <SequencePoint vc="310" uspid="1774" ordinal="0" offset="52" sl="116" sc="9" el="116" ec="9" bec="0" bev="0" fileid="11" />
                <SequencePoint vc="310" uspid="1775" ordinal="0" offset="53" sl="112" sc="43" el="112" ec="43" bec="0" bev="0" fileid="11" />
                <SequencePoint vc="372" uspid="1776" ordinal="0" offset="57" sl="112" sc="25" el="112" ec="25" bec="0" bev="0" fileid="11" />
                <SequencePoint vc="62" uspid="1777" ordinal="0" offset="67" sl="117" sc="5" el="117" ec="5" bec="0" bev="0" fileid="11" />
              </SequencePoints>
              <BranchPoints />
            </Method>
            <Method visited="true" cyclomaticComplexity="0" nPathComplexity="0" sequenceCoverage="70.00" branchCoverage="0" crapScore="0" isConstructor="false" isStatic="false" isGetter="false" isSetter="false">
              <Summary numSequencePoints="10" visitedSequencePoints="7" numBranchPoints="0" visitedBranchPoints="0" sequenceCoverage="70.00" branchCoverage="0" maxCyclomaticComplexity="0" minCyclomaticComplexity="0" maxCrapScore="0" minCrapScore="0" visitedClasses="0" numClasses="0" visitedMethods="1" numMethods="1" />
              <MetadataToken>100663324</MetadataToken>
              <Name>UnityEngine.Vector3 GroundTile::GetRandomPointInCollider(UnityEngine.Collider)</Name>
              <FileRef uid="11" />
              <SequencePoints>
                <SequencePoint vc="310" uspid="1778" ordinal="0" offset="0" sl="120" sc="5" el="120" ec="5" bec="0" bev="0" fileid="11" />
                <SequencePoint vc="310" uspid="1779" ordinal="0" offset="1" sl="121" sc="9" el="121" ec="9" bec="0" bev="0" fileid="11" />
                <SequencePoint vc="310" uspid="1780" ordinal="0" offset="3" sl="122" sc="9" el="122" ec="9" bec="0" bev="0" fileid="11" />
                <SequencePoint vc="310" uspid="1781" ordinal="0" offset="145" sl="128" sc="9" el="128" ec="9" bec="0" bev="0" fileid="11" />
                <SequencePoint vc="0" uspid="1782" ordinal="0" offset="162" sl="129" sc="9" el="129" ec="9" bec="0" bev="0" fileid="11" />
                <SequencePoint vc="0" uspid="1783" ordinal="0" offset="163" sl="130" sc="13" el="130" ec="13" bec="0" bev="0" fileid="11" />
                <SequencePoint vc="0" uspid="1784" ordinal="0" offset="171" sl="131" sc="9" el="131" ec="9" bec="0" bev="0" fileid="11" />
                <SequencePoint vc="310" uspid="1785" ordinal="0" offset="172" sl="133" sc="9" el="133" ec="9" bec="0" bev="0" fileid="11" />
                <SequencePoint vc="310" uspid="1786" ordinal="0" offset="184" sl="134" sc="9" el="134" ec="9" bec="0" bev="0" fileid="11" />
                <SequencePoint vc="310" uspid="1787" ordinal="0" offset="189" sl="135" sc="5" el="135" ec="5" bec="0" bev="0" fileid="11" />
              </SequencePoints>
              <BranchPoints />
            </Method>
            <Method visited="true" cyclomaticComplexity="0" nPathComplexity="0" sequenceCoverage="100.0" branchCoverage="0" crapScore="0" isConstructor="true" isStatic="false" isGetter="false" isSetter="false">
              <Summary numSequencePoints="1" visitedSequencePoints="1" numBranchPoints="0" visitedBranchPoints="0" sequenceCoverage="100.0" branchCoverage="0" maxCyclomaticComplexity="0" minCyclomaticComplexity="0" maxCrapScore="0" minCrapScore="0" visitedClasses="0" numClasses="0" visitedMethods="1" numMethods="1" />
              <MetadataToken>100663325</MetadataToken>
              <Name>GroundTile::GroundTile()</Name>
              <FileRef uid="11" />
              <SequencePoints>
                <SequencePoint vc="77" uspid="1788" ordinal="0" offset="0" sl="9" sc="5" el="9" ec="5" bec="0" bev="0" fileid="11" />
              </SequencePoints>
              <BranchPoints />
            </Method>
          </Methods>
        </Class>
        <Class>
          <Summary numSequencePoints="14" visitedSequencePoints="6" numBranchPoints="0" visitedBranchPoints="0" sequenceCoverage="42.86" branchCoverage="0.0" maxCyclomaticComplexity="0" minCyclomaticComplexity="0" maxCrapScore="0" minCrapScore="0" visitedClasses="1" numClasses="1" visitedMethods="1" numMethods="1" />
          <FullName>Obstacle</FullName>
          <Methods>
            <Method visited="true" cyclomaticComplexity="0" nPathComplexity="0" sequenceCoverage="42.86" branchCoverage="0" crapScore="0" isConstructor="false" isStatic="false" isGetter="false" isSetter="false">
              <Summary numSequencePoints="14" visitedSequencePoints="6" numBranchPoints="0" visitedBranchPoints="0" sequenceCoverage="42.86" branchCoverage="0" maxCyclomaticComplexity="0" minCyclomaticComplexity="0" maxCrapScore="0" minCrapScore="0" visitedClasses="0" numClasses="0" visitedMethods="1" numMethods="1" />
              <MetadataToken>100663327</MetadataToken>
              <Name>System.Void Obstacle::Awake()</Name>
              <FileRef uid="12" />
              <SequencePoints>
                <SequencePoint vc="62" uspid="1789" ordinal="0" offset="0" sl="12" sc="5" el="12" ec="5" bec="0" bev="0" fileid="12" />
                <SequencePoint vc="62" uspid="1790" ordinal="0" offset="1" sl="14" sc="9" el="14" ec="9" bec="0" bev="0" fileid="12" />
                <SequencePoint vc="62" uspid="1791" ordinal="0" offset="12" sl="15" sc="9" el="15" ec="9" bec="0" bev="0" fileid="12" />
                <SequencePoint vc="0" uspid="1792" ordinal="0" offset="25" sl="16" sc="9" el="16" ec="9" bec="0" bev="0" fileid="12" />
                <SequencePoint vc="0" uspid="1793" ordinal="0" offset="26" sl="17" sc="13" el="17" ec="13" bec="0" bev="0" fileid="12" />
                <SequencePoint vc="0" uspid="1794" ordinal="0" offset="37" sl="18" sc="13" el="18" ec="13" bec="0" bev="0" fileid="12" />
                <SequencePoint vc="0" uspid="1795" ordinal="0" offset="45" sl="19" sc="13" el="19" ec="13" bec="0" bev="0" fileid="12" />
                <SequencePoint vc="62" uspid="1796" ordinal="0" offset="47" sl="21" sc="9" el="21" ec="9" bec="0" bev="0" fileid="12" />
                <SequencePoint vc="62" uspid="1797" ordinal="0" offset="59" sl="23" sc="9" el="23" ec="9" bec="0" bev="0" fileid="12" />
                <SequencePoint vc="0" uspid="1798" ordinal="0" offset="72" sl="24" sc="9" el="24" ec="9" bec="0" bev="0" fileid="12" />
                <SequencePoint vc="0" uspid="1799" ordinal="0" offset="73" sl="25" sc="13" el="25" ec="13" bec="0" bev="0" fileid="12" />
                <SequencePoint vc="0" uspid="1800" ordinal="0" offset="84" sl="26" sc="13" el="26" ec="13" bec="0" bev="0" fileid="12" />
                <SequencePoint vc="0" uspid="1801" ordinal="0" offset="92" sl="27" sc="13" el="27" ec="13" bec="0" bev="0" fileid="12" />
                <SequencePoint vc="62" uspid="1802" ordinal="0" offset="94" sl="30" sc="5" el="30" ec="5" bec="0" bev="0" fileid="12" />
              </SequencePoints>
              <BranchPoints />
            </Method>
          </Methods>
        </Class>
        <Class>
          <Summary numSequencePoints="11" visitedSequencePoints="11" numBranchPoints="0" visitedBranchPoints="0" sequenceCoverage="100.0" branchCoverage="0.0" maxCyclomaticComplexity="0" minCyclomaticComplexity="0" maxCrapScore="0" minCrapScore="0" visitedClasses="1" numClasses="1" visitedMethods="6" numMethods="6" />
          <FullName>PlayerDependencies</FullName>
          <Methods>
            <Method visited="true" cyclomaticComplexity="0" nPathComplexity="0" sequenceCoverage="100.0" branchCoverage="0" crapScore="0" isConstructor="false" isStatic="false" isGetter="true" isSetter="false">
              <Summary numSequencePoints="3" visitedSequencePoints="3" numBranchPoints="0" visitedBranchPoints="0" sequenceCoverage="100.0" branchCoverage="0" maxCyclomaticComplexity="0" minCyclomaticComplexity="0" maxCrapScore="0" minCrapScore="0" visitedClasses="0" numClasses="0" visitedMethods="1" numMethods="1" />
              <MetadataToken>100663331</MetadataToken>
              <Name>System.Boolean PlayerDependencies::get_SpaceInput()</Name>
              <FileRef uid="13" />
              <SequencePoints>
                <SequencePoint vc="14" uspid="1813" ordinal="0" offset="0" sl="8" sc="9" el="8" ec="9" bec="0" bev="0" fileid="13" />
                <SequencePoint vc="14" uspid="1814" ordinal="0" offset="1" sl="9" sc="13" el="9" ec="13" bec="0" bev="0" fileid="13" />
                <SequencePoint vc="14" uspid="1815" ordinal="0" offset="11" sl="10" sc="9" el="10" ec="9" bec="0" bev="0" fileid="13" />
              </SequencePoints>
              <BranchPoints />
            </Method>
            <Method visited="true" cyclomaticComplexity="0" nPathComplexity="0" sequenceCoverage="100.0" branchCoverage="0" crapScore="0" isConstructor="false" isStatic="false" isGetter="true" isSetter="false">
              <Summary numSequencePoints="1" visitedSequencePoints="1" numBranchPoints="0" visitedBranchPoints="0" sequenceCoverage="100.0" branchCoverage="0" maxCyclomaticComplexity="0" minCyclomaticComplexity="0" maxCrapScore="0" minCrapScore="0" visitedClasses="0" numClasses="0" visitedMethods="1" numMethods="1" />
              <MetadataToken>100663332</MetadataToken>
              <Name>System.Boolean PlayerDependencies::get_isOnGround()</Name>
              <FileRef uid="13" />
              <SequencePoints>
                <SequencePoint vc="25" uspid="1816" ordinal="0" offset="0" sl="13" sc="38" el="13" ec="38" bec="0" bev="0" fileid="13" />
              </SequencePoints>
              <BranchPoints />
            </Method>
            <Method visited="true" cyclomaticComplexity="0" nPathComplexity="0" sequenceCoverage="100.0" branchCoverage="0" crapScore="0" isConstructor="false" isStatic="false" isGetter="false" isSetter="true">
              <Summary numSequencePoints="1" visitedSequencePoints="1" numBranchPoints="0" visitedBranchPoints="0" sequenceCoverage="100.0" branchCoverage="0" maxCyclomaticComplexity="0" minCyclomaticComplexity="0" maxCrapScore="0" minCrapScore="0" visitedClasses="0" numClasses="0" visitedMethods="1" numMethods="1" />
              <MetadataToken>100663333</MetadataToken>
              <Name>System.Void PlayerDependencies::set_isOnGround(System.Boolean)</Name>
              <FileRef uid="13" />
              <SequencePoints>
                <SequencePoint vc="5" uspid="1817" ordinal="0" offset="0" sl="13" sc="43" el="13" ec="43" bec="0" bev="0" fileid="13" />
              </SequencePoints>
              <BranchPoints />
            </Method>
            <Method visited="true" cyclomaticComplexity="0" nPathComplexity="0" sequenceCoverage="100.0" branchCoverage="0" crapScore="0" isConstructor="false" isStatic="false" isGetter="true" isSetter="false">
              <Summary numSequencePoints="1" visitedSequencePoints="1" numBranchPoints="0" visitedBranchPoints="0" sequenceCoverage="100.0" branchCoverage="0" maxCyclomaticComplexity="0" minCyclomaticComplexity="0" maxCrapScore="0" minCrapScore="0" visitedClasses="0" numClasses="0" visitedMethods="1" numMethods="1" />
[...]
                <SequencePoint vc="5" uspid="1829" ordinal="0" offset="37" sl="65" sc="9" el="65" ec="9" bec="0" bev="0" fileid="13" />
                <SequencePoint vc="0" uspid="1830" ordinal="0" offset="53" sl="66" sc="9" el="66" ec="9" bec="0" bev="0" fileid="13" />
                <SequencePoint vc="0" uspid="1831" ordinal="0" offset="54" sl="67" sc="13" el="67" ec="13" bec="0" bev="0" fileid="13" />
                <SequencePoint vc="0" uspid="1832" ordinal="0" offset="76" sl="68" sc="13" el="68" ec="13" bec="0" bev="0" fileid="13" />
                <SequencePoint vc="0" uspid="1833" ordinal="0" offset="84" sl="69" sc="13" el="69" ec="13" bec="0" bev="0" fileid="13" />
                <SequencePoint vc="5" uspid="1834" ordinal="0" offset="89" sl="71" sc="9" el="71" ec="9" bec="0" bev="0" fileid="13" />
                <SequencePoint vc="0" uspid="1835" ordinal="0" offset="105" sl="72" sc="9" el="72" ec="9" bec="0" bev="0" fileid="13" />
                <SequencePoint vc="0" uspid="1836" ordinal="0" offset="106" sl="73" sc="13" el="73" ec="13" bec="0" bev="0" fileid="13" />
                <SequencePoint vc="0" uspid="1837" ordinal="0" offset="128" sl="74" sc="13" el="74" ec="13" bec="0" bev="0" fileid="13" />
                <SequencePoint vc="0" uspid="1838" ordinal="0" offset="136" sl="75" sc="13" el="75" ec="13" bec="0" bev="0" fileid="13" />
                <SequencePoint vc="5" uspid="1839" ordinal="0" offset="141" sl="77" sc="9" el="77" ec="9" bec="0" bev="0" fileid="13" />
                <SequencePoint vc="0" uspid="1840" ordinal="0" offset="159" sl="78" sc="9" el="78" ec="9" bec="0" bev="0" fileid="13" />
                <SequencePoint vc="0" uspid="1841" ordinal="0" offset="160" sl="79" sc="13" el="79" ec="13" bec="0" bev="0" fileid="13" />
                <SequencePoint vc="0" uspid="1842" ordinal="0" offset="182" sl="80" sc="13" el="80" ec="13" bec="0" bev="0" fileid="13" />
                <SequencePoint vc="0" uspid="1843" ordinal="0" offset="190" sl="81" sc="13" el="81" ec="13" bec="0" bev="0" fileid="13" />
                <SequencePoint vc="5" uspid="1844" ordinal="0" offset="195" sl="84" sc="9" el="84" ec="9" bec="0" bev="0" fileid="13" />
                <SequencePoint vc="5" uspid="1845" ordinal="0" offset="206" sl="85" sc="9" el="85" ec="9" bec="0" bev="0" fileid="13" />
                <SequencePoint vc="0" uspid="1846" ordinal="0" offset="219" sl="86" sc="9" el="86" ec="9" bec="0" bev="0" fileid="13" />
                <SequencePoint vc="0" uspid="1847" ordinal="0" offset="220" sl="87" sc="13" el="87" ec="13" bec="0" bev="0" fileid="13" />
                <SequencePoint vc="0" uspid="1848" ordinal="0" offset="231" sl="88" sc="13" el="88" ec="13" bec="0" bev="0" fileid="13" />
                <SequencePoint vc="0" uspid="1849" ordinal="0" offset="239" sl="89" sc="13" el="89" ec="13" bec="0" bev="0" fileid="13" />
                <SequencePoint vc="5" uspid="1850" ordinal="0" offset="244" sl="91" sc="9" el="91" ec="9" bec="0" bev="0" fileid="13" />
                <SequencePoint vc="5" uspid="1851" ordinal="0" offset="256" sl="92" sc="9" el="92" ec="9" bec="0" bev="0" fileid="13" />
                <SequencePoint vc="0" uspid="1852" ordinal="0" offset="274" sl="93" sc="9" el="93" ec="9" bec="0" bev="0" fileid="13" />
                <SequencePoint vc="0" uspid="1853" ordinal="0" offset="275" sl="94" sc="13" el="94" ec="13" bec="0" bev="0" fileid="13" />
                <SequencePoint vc="0" uspid="1854" ordinal="0" offset="286" sl="95" sc="13" el="95" ec="13" bec="0" bev="0" fileid="13" />
                <SequencePoint vc="0" uspid="1855" ordinal="0" offset="294" sl="96" sc="13" el="96" ec="13" bec="0" bev="0" fileid="13" />
                <SequencePoint vc="5" uspid="1856" ordinal="0" offset="299" sl="99" sc="9" el="99" ec="9" bec="0" bev="0" fileid="13" />
                <SequencePoint vc="5" uspid="1857" ordinal="0" offset="310" sl="100" sc="9" el="100" ec="9" bec="0" bev="0" fileid="13" />
                <SequencePoint vc="0" uspid="1858" ordinal="0" offset="323" sl="101" sc="9" el="101" ec="9" bec="0" bev="0" fileid="13" />
                <SequencePoint vc="0" uspid="1859" ordinal="0" offset="324" sl="102" sc="13" el="102" ec="13" bec="0" bev="0" fileid="13" />
                <SequencePoint vc="0" uspid="1860" ordinal="0" offset="335" sl="103" sc="13" el="103" ec="13" bec="0" bev="0" fileid="13" />
                <SequencePoint vc="0" uspid="1861" ordinal="0" offset="343" sl="104" sc="13" el="104" ec="13" bec="0" bev="0" fileid="13" />
                <SequencePoint vc="5" uspid="1862" ordinal="0" offset="348" sl="106" sc="9" el="106" ec="9" bec="0" bev="0" fileid="13" />
                <SequencePoint vc="5" uspid="1863" ordinal="0" offset="360" sl="107" sc="9" el="107" ec="9" bec="0" bev="0" fileid="13" />
                <SequencePoint vc="0" uspid="1864" ordinal="0" offset="378" sl="108" sc="9" el="108" ec="9" bec="0" bev="0" fileid="13" />
                <SequencePoint vc="0" uspid="1865" ordinal="0" offset="379" sl="109" sc="13" el="109" ec="13" bec="0" bev="0" fileid="13" />
                <SequencePoint vc="0" uspid="1866" ordinal="0" offset="390" sl="110" sc="13" el="110" ec="13" bec="0" bev="0" fileid="13" />
                <SequencePoint vc="0" uspid="1867" ordinal="0" offset="398" sl="111" sc="13" el="111" ec="13" bec="0" bev="0" fileid="13" />
                <SequencePoint vc="5" uspid="1868" ordinal="0" offset="400" sl="114" sc="9" el="114" ec="9" bec="0" bev="0" fileid="13" />
                <SequencePoint vc="5" uspid="1869" ordinal="0" offset="417" sl="115" sc="9" el="115" ec="9" bec="0" bev="0" fileid="13" />
                <SequencePoint vc="0" uspid="1870" ordinal="0" offset="435" sl="116" sc="9" el="116" ec="9" bec="0" bev="0" fileid="13" />
                <SequencePoint vc="0" uspid="1871" ordinal="0" offset="436" sl="117" sc="13" el="117" ec="13" bec="0" bev="0" fileid="13" />
                <SequencePoint vc="0" uspid="1872" ordinal="0" offset="468" sl="118" sc="13" el="118" ec="13" bec="0" bev="0" fileid="13" />
                <SequencePoint vc="0" uspid="1873" ordinal="0" offset="476" sl="119" sc="13" el="119" ec="13" bec="0" bev="0" fileid="13" />
                <SequencePoint vc="5" uspid="1874" ordinal="0" offset="478" sl="121" sc="9" el="121" ec="9" bec="0" bev="0" fileid="13" />
                <SequencePoint vc="5" uspid="1875" ordinal="0" offset="506" sl="122" sc="5" el="122" ec="5" bec="0" bev="0" fileid="13" />
              </SequencePoints>
              <BranchPoints />
            </Method>
            <Method visited="true" cyclomaticComplexity="0" nPathComplexity="0" sequenceCoverage="62.50" branchCoverage="0" crapScore="0" isConstructor="false" isStatic="false" isGetter="false" isSetter="false">
              <Summary numSequencePoints="8" visitedSequencePoints="5" numBranchPoints="0" visitedBranchPoints="0" sequenceCoverage="62.50" branchCoverage="0" maxCyclomaticComplexity="0" minCyclomaticComplexity="0" maxCrapScore="0" minCrapScore="0" visitedClasses="0" numClasses="0" visitedMethods="1" numMethods="1" />
              <MetadataToken>100663339</MetadataToken>
              <Name>System.Void PlayerMovement::Update()</Name>
              <FileRef uid="13" />
              <SequencePoints>
                <SequencePoint vc="111" uspid="1876" ordinal="0" offset="0" sl="124" sc="5" el="124" ec="5" bec="0" bev="0" fileid="13" />
                <SequencePoint vc="111" uspid="1877" ordinal="0" offset="1" sl="125" sc="9" el="125" ec="9" bec="0" bev="0" fileid="13" />
                <SequencePoint vc="97" uspid="1878" ordinal="0" offset="19" sl="125" sc="38" el="125" ec="38" bec="0" bev="0" fileid="13" />
                <SequencePoint vc="14" uspid="1879" ordinal="0" offset="21" sl="127" sc="9" el="127" ec="9" bec="0" bev="0" fileid="13" />
                <SequencePoint vc="0" uspid="1880" ordinal="0" offset="36" sl="128" sc="9" el="128" ec="9" bec="0" bev="0" fileid="13" />
                <SequencePoint vc="0" uspid="1881" ordinal="0" offset="37" sl="130" sc="13" el="130" ec="13" bec="0" bev="0" fileid="13" />
                <SequencePoint vc="0" uspid="1882" ordinal="0" offset="44" sl="131" sc="9" el="131" ec="9" bec="0" bev="0" fileid="13" />
                <SequencePoint vc="111" uspid="1883" ordinal="0" offset="45" sl="133" sc="5" el="133" ec="5" bec="0" bev="0" fileid="13" />
              </SequencePoints>
              <BranchPoints />
            </Method>
            <Method visited="true" cyclomaticComplexity="0" nPathComplexity="0" sequenceCoverage="61.11" branchCoverage="0" crapScore="0" isConstructor="false" isStatic="false" isGetter="false" isSetter="false">
              <Summary numSequencePoints="18" visitedSequencePoints="11" numBranchPoints="0" visitedBranchPoints="0" sequenceCoverage="61.11" branchCoverage="0" maxCyclomaticComplexity="0" minCyclomaticComplexity="0" maxCrapScore="0" minCrapScore="0" visitedClasses="0" numClasses="0" visitedMethods="1" numMethods="1" />
              <MetadataToken>100663340</MetadataToken>
              <Name>System.Void PlayerMovement::FixedUpdate()</Name>
              <FileRef uid="13" />
              <SequencePoints>
                <SequencePoint vc="184" uspid="1884" ordinal="0" offset="0" sl="136" sc="5" el="136" ec="5" bec="0" bev="0" fileid="13" />
                <SequencePoint vc="184" uspid="1885" ordinal="0" offset="1" sl="137" sc="9" el="137" ec="9" bec="0" bev="0" fileid="13" />
                <SequencePoint vc="159" uspid="1886" ordinal="0" offset="19" sl="137" sc="38" el="137" ec="38" bec="0" bev="0" fileid="13" />
                <SequencePoint vc="25" uspid="1887" ordinal="0" offset="24" sl="140" sc="9" el="140" ec="9" bec="0" bev="0" fileid="13" />
                <SequencePoint vc="25" uspid="1888" ordinal="0" offset="57" sl="141" sc="9" el="141" ec="9" bec="0" bev="0" fileid="13" />
                <SequencePoint vc="25" uspid="1889" ordinal="0" offset="117" sl="142" sc="9" el="142" ec="9" bec="0" bev="0" fileid="13" />
                <SequencePoint vc="25" uspid="1890" ordinal="0" offset="141" sl="144" sc="9" el="144" ec="9" bec="0" bev="0" fileid="13" />
                <SequencePoint vc="0" uspid="1891" ordinal="0" offset="165" sl="145" sc="9" el="145" ec="9" bec="0" bev="0" fileid="13" />
                <SequencePoint vc="0" uspid="1892" ordinal="0" offset="166" sl="146" sc="13" el="146" ec="13" bec="0" bev="0" fileid="13" />
                <SequencePoint vc="0" uspid="1893" ordinal="0" offset="180" sl="147" sc="9" el="147" ec="9" bec="0" bev="0" fileid="13" />
                <SequencePoint vc="25" uspid="1894" ordinal="0" offset="183" sl="148" sc="14" el="148" ec="14" bec="0" bev="0" fileid="13" />
                <SequencePoint vc="0" uspid="1895" ordinal="0" offset="206" sl="149" sc="9" el="149" ec="9" bec="0" bev="0" fileid="13" />
                <SequencePoint vc="0" uspid="1896" ordinal="0" offset="207" sl="150" sc="13" el="150" ec="13" bec="0" bev="0" fileid="13" />
                <SequencePoint vc="0" uspid="1897" ordinal="0" offset="220" sl="151" sc="9" el="151" ec="9" bec="0" bev="0" fileid="13" />
                <SequencePoint vc="25" uspid="1898" ordinal="0" offset="221" sl="152" sc="9" el="152" ec="9" bec="0" bev="0" fileid="13" />
                <SequencePoint vc="25" uspid="1899" ordinal="0" offset="234" sl="154" sc="9" el="154" ec="9" bec="0" bev="0" fileid="13" />
                <SequencePoint vc="0" uspid="1900" ordinal="0" offset="270" sl="155" sc="13" el="155" ec="13" bec="0" bev="0" fileid="13" />
                <SequencePoint vc="184" uspid="1901" ordinal="0" offset="282" sl="156" sc="5" el="156" ec="5" bec="0" bev="0" fileid="13" />
              </SequencePoints>
              <BranchPoints />
            </Method>
            <Method visited="true" cyclomaticComplexity="0" nPathComplexity="0" sequenceCoverage="100.0" branchCoverage="0" crapScore="0" isConstructor="false" isStatic="false" isGetter="false" isSetter="false">
              <Summary numSequencePoints="10" visitedSequencePoints="10" numBranchPoints="0" visitedBranchPoints="0" sequenceCoverage="100.0" branchCoverage="0" maxCyclomaticComplexity="0" minCyclomaticComplexity="0" maxCrapScore="0" minCrapScore="0" visitedClasses="0" numClasses="0" visitedMethods="1" numMethods="1" />
              <MetadataToken>100663341</MetadataToken>
              <Name>System.Void PlayerMovement::OnTriggerEnter(UnityEngine.Collider)</Name>
              <FileRef uid="13" />
              <SequencePoints>
                <SequencePoint vc="8" uspid="1902" ordinal="0" offset="0" sl="159" sc="5" el="159" ec="5" bec="0" bev="0" fileid="13" />
                <SequencePoint vc="8" uspid="1903" ordinal="0" offset="1" sl="160" sc="9" el="160" ec="9" bec="0" bev="0" fileid="13" />
                <SequencePoint vc="7" uspid="1904" ordinal="0" offset="21" sl="161" sc="9" el="161" ec="9" bec="0" bev="0" fileid="13" />
                <SequencePoint vc="7" uspid="1905" ordinal="0" offset="22" sl="162" sc="13" el="162" ec="13" bec="0" bev="0" fileid="13" />
                <SequencePoint vc="7" uspid="1906" ordinal="0" offset="35" sl="163" sc="9" el="163" ec="9" bec="0" bev="0" fileid="13" />
                <SequencePoint vc="8" uspid="1907" ordinal="0" offset="36" sl="164" sc="9" el="164" ec="9" bec="0" bev="0" fileid="13" />
                <SequencePoint vc="1" uspid="1908" ordinal="0" offset="56" sl="165" sc="9" el="165" ec="9" bec="0" bev="0" fileid="13" />
                <SequencePoint vc="1" uspid="1909" ordinal="0" offset="57" sl="166" sc="13" el="166" ec="13" bec="0" bev="0" fileid="13" />
                <SequencePoint vc="1" uspid="1910" ordinal="0" offset="69" sl="167" sc="9" el="167" ec="9" bec="0" bev="0" fileid="13" />
                <SequencePoint vc="8" uspid="1911" ordinal="0" offset="70" sl="168" sc="5" el="168" ec="5" bec="0" bev="0" fileid="13" />
              </SequencePoints>
              <BranchPoints />
            </Method>
            <Method visited="true" cyclomaticComplexity="0" nPathComplexity="0" sequenceCoverage="100.0" branchCoverage="0" crapScore="0" isConstructor="false" isStatic="false" isGetter="false" isSetter="false">
              <Summary numSequencePoints="12" visitedSequencePoints="12" numBranchPoints="0" visitedBranchPoints="0" sequenceCoverage="100.0" branchCoverage="0" maxCyclomaticComplexity="0" minCyclomaticComplexity="0" maxCrapScore="0" minCrapScore="0" visitedClasses="0" numClasses="0" visitedMethods="1" numMethods="1" />
              <MetadataToken>100663342</MetadataToken>
              <Name>System.Void PlayerMovement::Die()</Name>
              <FileRef uid="13" />
              <SequencePoints>
                <SequencePoint vc="2" uspid="1912" ordinal="0" offset="0" sl="171" sc="5" el="171" ec="5" bec="0" bev="0" fileid="13" />
                <SequencePoint vc="2" uspid="1913" ordinal="0" offset="1" sl="172" sc="9" el="172" ec="9" bec="0" bev="0" fileid="13" />
                <SequencePoint vc="1" uspid="1914" ordinal="0" offset="19" sl="172" sc="38" el="172" ec="38" bec="0" bev="0" fileid="13" />
                <SequencePoint vc="1" uspid="1915" ordinal="0" offset="21" sl="173" sc="9" el="173" ec="9" bec="0" bev="0" fileid="13" />
                <SequencePoint vc="1" uspid="1916" ordinal="0" offset="34" sl="175" sc="9" el="175" ec="9" bec="0" bev="0" fileid="13" />
                <SequencePoint vc="1" uspid="1917" ordinal="0" offset="52" sl="176" sc="9" el="176" ec="9" bec="0" bev="0" fileid="13" />
                <SequencePoint vc="1" uspid="1918" ordinal="0" offset="70" sl="177" sc="9" el="177" ec="9" bec="0" bev="0" fileid="13" />
                <SequencePoint vc="1" uspid="1919" ordinal="0" offset="82" sl="178" sc="9" el="178" ec="9" bec="0" bev="0" fileid="13" />
                <SequencePoint vc="1" uspid="1920" ordinal="0" offset="105" sl="179" sc="9" el="179" ec="9" bec="0" bev="0" fileid="13" />
                <SequencePoint vc="1" uspid="1921" ordinal="0" offset="117" sl="180" sc="9" el="180" ec="9" bec="0" bev="0" fileid="13" />
                <SequencePoint vc="1" uspid="1922" ordinal="0" offset="129" sl="181" sc="9" el="181" ec="9" bec="0" bev="0" fileid="13" />
                <SequencePoint vc="2" uspid="1923" ordinal="0" offset="141" sl="182" sc="5" el="182" ec="5" bec="0" bev="0" fileid="13" />
              </SequencePoints>
              <BranchPoints />
            </Method>
            <Method visited="true" cyclomaticComplexity="0" nPathComplexity="0" sequenceCoverage="100.0" branchCoverage="0" crapScore="0" isConstructor="false" isStatic="false" isGetter="false" isSetter="false">
              <Summary numSequencePoints="8" visitedSequencePoints="8" numBranchPoints="0" visitedBranchPoints="0" sequenceCoverage="100.0" branchCoverage="0" maxCyclomaticComplexity="0" minCyclomaticComplexity="0" maxCrapScore="0" minCrapScore="0" visitedClasses="0" numClasses="0" visitedMethods="1" numMethods="1" />
              <MetadataToken>100663343</MetadataToken>
              <Name>System.Void PlayerMovement::Jump()</Name>
              <FileRef uid="13" />
              <SequencePoints>
                <SequencePoint vc="1" uspid="1924" ordinal="0" offset="0" sl="185" sc="5" el="185" ec="5" bec="0" bev="0" fileid="13" />
                <SequencePoint vc="1" uspid="1925" ordinal="0" offset="1" sl="186" sc="9" el="186" ec="9" bec="0" bev="0" fileid="13" />
                <SequencePoint vc="1" uspid="1926" ordinal="0" offset="16" sl="187" sc="9" el="187" ec="9" bec="0" bev="0" fileid="13" />
                <SequencePoint vc="1" uspid="1927" ordinal="0" offset="17" sl="188" sc="13" el="188" ec="13" bec="0" bev="0" fileid="13" />
                <SequencePoint vc="1" uspid="1928" ordinal="0" offset="34" sl="189" sc="13" el="189" ec="13" bec="0" bev="0" fileid="13" />
                <SequencePoint vc="1" uspid="1929" ordinal="0" offset="63" sl="190" sc="13" el="190" ec="13" bec="0" bev="0" fileid="13" />
                <SequencePoint vc="1" uspid="1930" ordinal="0" offset="76" sl="191" sc="9" el="191" ec="9" bec="0" bev="0" fileid="13" />
                <SequencePoint vc="1" uspid="1931" ordinal="0" offset="77" sl="192" sc="5" el="192" ec="5" bec="0" bev="0" fileid="13" />
              </SequencePoints>
              <BranchPoints />
            </Method>
            <Method visited="true" cyclomaticComplexity="0" nPathComplexity="0" sequenceCoverage="100.0" branchCoverage="0" crapScore="0" isConstructor="true" isStatic="false" isGetter="false" isSetter="false">
              <Summary numSequencePoints="4" visitedSequencePoints="4" numBranchPoints="0" visitedBranchPoints="0" sequenceCoverage="100.0" branchCoverage="0" maxCyclomaticComplexity="0" minCyclomaticComplexity="0" maxCrapScore="0" minCrapScore="0" visitedClasses="0" numClasses="0" visitedMethods="1" numMethods="1" />
              <MetadataToken>100663344</MetadataToken>
              <Name>PlayerMovement::PlayerMovement()</Name>
              <FileRef uid="13" />
              <SequencePoints>
                <SequencePoint vc="5" uspid="1932" ordinal="0" offset="0" sl="26" sc="5" el="26" ec="5" bec="0" bev="0" fileid="13" />
                <SequencePoint vc="5" uspid="1933" ordinal="0" offset="11" sl="27" sc="5" el="27" ec="5" bec="0" bev="0" fileid="13" />
                <SequencePoint vc="5" uspid="1934" ordinal="0" offset="22" sl="29" sc="22" el="29" ec="22" bec="0" bev="0" fileid="13" />
                <SequencePoint vc="5" uspid="1935" ordinal="0" offset="33" sl="48" sc="5" el="48" ec="5" bec="0" bev="0" fileid="13" />
              </SequencePoints>
              <BranchPoints />
            </Method>
          </Methods>
        </Class>
      </Classes>
    </Module>
  </Modules>
</CoverageSession>