<?xml version="1.0" encoding="utf-8"?>
<CoverageSession xmlns:xsd="http://www.w3.org/2001/XMLSchema" xmlns:xsi="http://www.w3.org/2001/XMLSchema-instance" Version="0.0.0.0">
  <Summary numSequencePoints="459" visitedSequencePoints="0" numBranchPoints="0" visitedBranchPoints="0" sequenceCoverage="0.0" branchCoverage="0.0" maxCyclomaticComplexity="0" minCyclomaticComplexity="0" maxCrapScore="0" minCrapScore="0" visitedClasses="0" numClasses="11" visitedMethods="0" numMethods="50" />
  <Modules>
    <Module>
      <Summary numSequencePoints="153" visitedSequencePoints="0" numBranchPoints="0" visitedBranchPoints="0" sequenceCoverage="0.0" branchCoverage="0.0" maxCyclomaticComplexity="0" minCyclomaticComplexity="0" maxCrapScore="0" minCrapScore="0" visitedClasses="0" numClasses="1" visitedMethods="0" numMethods="14" />
      <ModuleTime>0001-01-01T00:00:00</ModuleTime>
      <ModuleName>Assembly-CSharp-Editor</ModuleName>
      <Files>
        <File uid="1" fullPath="C:/Ahuntsic/Jeux Vidéos/EndlessRunner/Assets/TutorialInfo/Scripts/Editor/ReadmeEditor.cs" />
      </Files>
      <Classes>
        <Class>
          <Summary numSequencePoints="153" visitedSequencePoints="0" numBranchPoints="0" visitedBranchPoints="0" sequenceCoverage="0.0" branchCoverage="0.0" maxCyclomaticComplexity="0" minCyclomaticComplexity="0" maxCrapScore="0" minCrapScore="0" visitedClasses="0" numClasses="1" visitedMethods="0" numMethods="14" />
          <FullName>ReadmeEditor</FullName>
          <Methods>
            <Method visited="false" cyclomaticComplexity="0" nPathComplexity="0" sequenceCoverage="0.0" branchCoverage="0" crapScore="0" isConstructor="false" isStatic="true" isGetter="false" isSetter="false">
              <Summary numSequencePoints="21" visitedSequencePoints="0" numBranchPoints="0" visitedBranchPoints="0" sequenceCoverage="0.0" branchCoverage="0" maxCyclomaticComplexity="0" minCyclomaticComplexity="0" maxCrapScore="0" minCrapScore="0" visitedClasses="0" numClasses="0" visitedMethods="0" numMethods="1" />
              <MetadataToken>100663298</MetadataToken>
              <Name>static System.Void ReadmeEditor::RemoveTutorial()</Name>
              <FileRef uid="1" />
              <SequencePoints>
                <SequencePoint vc="0" uspid="919" ordinal="0" offset="0" sl="22" sc="0" el="22" ec="0" bec="0" bev="0" fileid="1" />
                <SequencePoint vc="0" uspid="920" ordinal="0" offset="1" sl="23" sc="0" el="23" ec="0" bec="0" bev="0" fileid="1" />
                <SequencePoint vc="0" uspid="921" ordinal="0" offset="48" sl="28" sc="0" el="28" ec="0" bec="0" bev="0" fileid="1" />
                <SequencePoint vc="0" uspid="922" ordinal="0" offset="49" sl="29" sc="0" el="29" ec="0" bec="0" bev="0" fileid="1" />
                <SequencePoint vc="0" uspid="923" ordinal="0" offset="63" sl="30" sc="0" el="30" ec="0" bec="0" bev="0" fileid="1" />
                <SequencePoint vc="0" uspid="924" ordinal="0" offset="64" sl="31" sc="0" el="31" ec="0" bec="0" bev="0" fileid="1" />
                <SequencePoint vc="0" uspid="925" ordinal="0" offset="75" sl="32" sc="0" el="32" ec="0" bec="0" bev="0" fileid="1" />
                <SequencePoint vc="0" uspid="926" ordinal="0" offset="96" sl="33" sc="0" el="33" ec="0" bec="0" bev="0" fileid="1" />
                <SequencePoint vc="0" uspid="927" ordinal="0" offset="99" sl="35" sc="0" el="35" ec="0" bec="0" bev="0" fileid="1" />
                <SequencePoint vc="0" uspid="928" ordinal="0" offset="100" sl="36" sc="0" el="36" ec="0" bec="0" bev="0" fileid="1" />
                <SequencePoint vc="0" uspid="929" ordinal="0" offset="121" sl="37" sc="0" el="37" ec="0" bec="0" bev="0" fileid="1" />
                <SequencePoint vc="0" uspid="930" ordinal="0" offset="122" sl="39" sc="0" el="39" ec="0" bec="0" bev="0" fileid="1" />
                <SequencePoint vc="0" uspid="931" ordinal="0" offset="128" sl="40" sc="0" el="40" ec="0" bec="0" bev="0" fileid="1" />
                <SequencePoint vc="0" uspid="932" ordinal="0" offset="139" sl="41" sc="0" el="41" ec="0" bec="0" bev="0" fileid="1" />
                <SequencePoint vc="0" uspid="933" ordinal="0" offset="140" sl="42" sc="0" el="42" ec="0" bec="0" bev="0" fileid="1" />
                <SequencePoint vc="0" uspid="934" ordinal="0" offset="148" sl="43" sc="0" el="43" ec="0" bec="0" bev="0" fileid="1" />
                <SequencePoint vc="0" uspid="935" ordinal="0" offset="166" sl="44" sc="0" el="44" ec="0" bec="0" bev="0" fileid="1" />
                <SequencePoint vc="0" uspid="936" ordinal="0" offset="174" sl="45" sc="0" el="45" ec="0" bec="0" bev="0" fileid="1" />
                <SequencePoint vc="0" uspid="937" ordinal="0" offset="175" sl="47" sc="0" el="47" ec="0" bec="0" bev="0" fileid="1" />
                <SequencePoint vc="0" uspid="938" ordinal="0" offset="181" sl="48" sc="0" el="48" ec="0" bec="0" bev="0" fileid="1" />
                <SequencePoint vc="0" uspid="939" ordinal="0" offset="182" sl="49" sc="0" el="49" ec="0" bec="0" bev="0" fileid="1" />
              </SequencePoints>
              <BranchPoints />
            </Method>
            <Method visited="false" cyclomaticComplexity="0" nPathComplexity="0" sequenceCoverage="0.0" branchCoverage="0" crapScore="0" isConstructor="false" isStatic="true" isGetter="false" isSetter="false">
              <Summary numSequencePoints="12" visitedSequencePoints="0" numBranchPoints="0" visitedBranchPoints="0" sequenceCoverage="0.0" branchCoverage="0" maxCyclomaticComplexity="0" minCyclomaticComplexity="0" maxCrapScore="0" minCrapScore="0" visitedClasses="0" numClasses="0" visitedMethods="0" numMethods="1" />
              <MetadataToken>100663299</MetadataToken>
              <Name>static System.Void ReadmeEditor::SelectReadmeAutomatically()</Name>
              <FileRef uid="1" />
              <SequencePoints>
                <SequencePoint vc="0" uspid="940" ordinal="0" offset="0" sl="52" sc="5" el="52" ec="5" bec="0" bev="0" fileid="1" />
                <SequencePoint vc="0" uspid="941" ordinal="0" offset="1" sl="53" sc="9" el="53" ec="9" bec="0" bev="0" fileid="1" />
                <SequencePoint vc="0" uspid="942" ordinal="0" offset="19" sl="54" sc="9" el="54" ec="9" bec="0" bev="0" fileid="1" />
                <SequencePoint vc="0" uspid="943" ordinal="0" offset="20" sl="55" sc="13" el="55" ec="13" bec="0" bev="0" fileid="1" />
                <SequencePoint vc="0" uspid="944" ordinal="0" offset="26" sl="56" sc="13" el="56" ec="13" bec="0" bev="0" fileid="1" />
                <SequencePoint vc="0" uspid="945" ordinal="0" offset="38" sl="58" sc="13" el="58" ec="13" bec="0" bev="0" fileid="1" />
                <SequencePoint vc="0" uspid="946" ordinal="0" offset="62" sl="59" sc="13" el="59" ec="13" bec="0" bev="0" fileid="1" />
                <SequencePoint vc="0" uspid="947" ordinal="0" offset="63" sl="60" sc="17" el="60" ec="17" bec="0" bev="0" fileid="1" />
                <SequencePoint vc="0" uspid="948" ordinal="0" offset="69" sl="61" sc="17" el="61" ec="17" bec="0" bev="0" fileid="1" />
                <SequencePoint vc="0" uspid="949" ordinal="0" offset="76" sl="62" sc="13" el="62" ec="13" bec="0" bev="0" fileid="1" />
                <SequencePoint vc="0" uspid="950" ordinal="0" offset="77" sl="63" sc="9" el="63" ec="9" bec="0" bev="0" fileid="1" />
                <SequencePoint vc="0" uspid="951" ordinal="0" offset="78" sl="64" sc="5" el="64" ec="5" bec="0" bev="0" fileid="1" />
              </SequencePoints>
              <BranchPoints />
            </Method>
            <Method visited="false" cyclomaticComplexity="0" nPathComplexity="0" sequenceCoverage="0.0" branchCoverage="0" crapScore="0" isConstructor="false" isStatic="true" isGetter="false" isSetter="false">
              <Summary numSequencePoints="6" visitedSequencePoints="0" numBranchPoints="0" visitedBranchPoints="0" sequenceCoverage="0.0" branchCoverage="0" maxCyclomaticComplexity="0" minCyclomaticComplexity="0" maxCrapScore="0" minCrapScore="0" visitedClasses="0" numClasses="0" visitedMethods="0" numMethods="1" />
              <MetadataToken>100663300</MetadataToken>
              <Name>static System.Void ReadmeEditor::LoadLayout()</Name>
              <FileRef uid="1" />
              <SequencePoints>
                <SequencePoint vc="0" uspid="952" ordinal="0" offset="0" sl="67" sc="0" el="67" ec="0" bec="0" bev="0" fileid="1" />
                <SequencePoint vc="0" uspid="953" ordinal="0" offset="1" sl="68" sc="0" el="68" ec="0" bec="0" bev="0" fileid="1" />
                <SequencePoint vc="0" uspid="954" ordinal="0" offset="17" sl="69" sc="0" el="69" ec="0" bec="0" bev="0" fileid="1" />
                <SequencePoint vc="0" uspid="955" ordinal="0" offset="30" sl="70" sc="0" el="70" ec="0" bec="0" bev="0" fileid="1" />
                <SequencePoint vc="0" uspid="956" ordinal="0" offset="44" sl="71" sc="0" el="71" ec="0" bec="0" bev="0" fileid="1" />
                <SequencePoint vc="0" uspid="957" ordinal="0" offset="85" sl="72" sc="0" el="72" ec="0" bec="0" bev="0" fileid="1" />
              </SequencePoints>
              <BranchPoints />
            </Method>
            <Method visited="false" cyclomaticComplexity="0" nPathComplexity="0" sequenceCoverage="0.0" branchCoverage="0" crapScore="0" isConstructor="false" isStatic="true" isGetter="false" isSetter="false">
              <Summary numSequencePoints="11" visitedSequencePoints="0" numBranchPoints="0" visitedBranchPoints="0" sequenceCoverage="0.0" branchCoverage="0" maxCyclomaticComplexity="0" minCyclomaticComplexity="0" maxCrapScore="0" minCrapScore="0" visitedClasses="0" numClasses="0" visitedMethods="0" numMethods="1" />
              <MetadataToken>100663301</MetadataToken>
              <Name>static Readme ReadmeEditor::SelectReadme()</Name>
              <FileRef uid="1" />
              <SequencePoints>
                <SequencePoint vc="0" uspid="958" ordinal="0" offset="0" sl="75" sc="0" el="75" ec="0" bec="0" bev="0" fileid="1" />
                <SequencePoint vc="0" uspid="959" ordinal="0" offset="1" sl="76" sc="0" el="76" ec="0" bec="0" bev="0" fileid="1" />
                <SequencePoint vc="0" uspid="960" ordinal="0" offset="12" sl="77" sc="0" el="77" ec="0" bec="0" bev="0" fileid="1" />
                <SequencePoint vc="0" uspid="961" ordinal="0" offset="22" sl="78" sc="0" el="78" ec="0" bec="0" bev="0" fileid="1" />
                <SequencePoint vc="0" uspid="962" ordinal="0" offset="23" sl="79" sc="0" el="79" ec="0" bec="0" bev="0" fileid="1" />
                <SequencePoint vc="0" uspid="963" ordinal="0" offset="37" sl="81" sc="0" el="81" ec="0" bec="0" bev="0" fileid="1" />
                <SequencePoint vc="0" uspid="964" ordinal="0" offset="53" sl="83" sc="0" el="83" ec="0" bec="0" bev="0" fileid="1" />
                <SequencePoint vc="0" uspid="965" ordinal="0" offset="62" sl="86" sc="0" el="86" ec="0" bec="0" bev="0" fileid="1" />
                <SequencePoint vc="0" uspid="966" ordinal="0" offset="63" sl="87" sc="0" el="87" ec="0" bec="0" bev="0" fileid="1" />
                <SequencePoint vc="0" uspid="967" ordinal="0" offset="74" sl="88" sc="0" el="88" ec="0" bec="0" bev="0" fileid="1" />
                <SequencePoint vc="0" uspid="968" ordinal="0" offset="78" sl="90" sc="0" el="90" ec="0" bec="0" bev="0" fileid="1" />
              </SequencePoints>
              <BranchPoints />
            </Method>
            <Method visited="false" cyclomaticComplexity="0" nPathComplexity="0" sequenceCoverage="0.0" branchCoverage="0" crapScore="0" isConstructor="false" isStatic="false" isGetter="false" isSetter="false">
              <Summary numSequencePoints="23" visitedSequencePoints="0" numBranchPoints="0" visitedBranchPoints="0" sequenceCoverage="0.0" branchCoverage="0" maxCyclomaticComplexity="0" minCyclomaticComplexity="0" maxCrapScore="0" minCrapScore="0" visitedClasses="0" numClasses="0" visitedMethods="0" numMethods="1" />
              <MetadataToken>100663302</MetadataToken>
              <Name>System.Void ReadmeEditor::OnHeaderGUI()</Name>
              <FileRef uid="1" />
              <SequencePoints>
                <SequencePoint vc="0" uspid="969" ordinal="0" offset="0" sl="93" sc="0" el="93" ec="0" bec="0" bev="0" fileid="1" />
                <SequencePoint vc="0" uspid="970" ordinal="0" offset="1" sl="94" sc="0" el="94" ec="0" bec="0" bev="0" fileid="1" />
                <SequencePoint vc="0" uspid="971" ordinal="0" offset="13" sl="95" sc="0" el="95" ec="0" bec="0" bev="0" fileid="1" />
                <SequencePoint vc="0" uspid="972" ordinal="0" offset="20" sl="97" sc="0" el="97" ec="0" bec="0" bev="0" fileid="1" />
                <SequencePoint vc="0" uspid="973" ordinal="0" offset="48" sl="99" sc="0" el="99" ec="0" bec="0" bev="0" fileid="1" />
                <SequencePoint vc="0" uspid="974" ordinal="0" offset="69" sl="100" sc="0" el="100" ec="0" bec="0" bev="0" fileid="1" />
                <SequencePoint vc="0" uspid="975" ordinal="0" offset="70" sl="101" sc="0" el="101" ec="0" bec="0" bev="0" fileid="1" />
                <SequencePoint vc="0" uspid="976" ordinal="0" offset="86" sl="102" sc="0" el="102" ec="0" bec="0" bev="0" fileid="1" />
                <SequencePoint vc="0" uspid="977" ordinal="0" offset="87" sl="103" sc="0" el="103" ec="0" bec="0" bev="0" fileid="1" />
                <SequencePoint vc="0" uspid="978" ordinal="0" offset="98" sl="104" sc="0" el="104" ec="0" bec="0" bev="0" fileid="1" />
                <SequencePoint vc="0" uspid="979" ordinal="0" offset="134" sl="105" sc="0" el="105" ec="0" bec="0" bev="0" fileid="1" />
                <SequencePoint vc="0" uspid="980" ordinal="0" offset="135" sl="106" sc="0" el="106" ec="0" bec="0" bev="0" fileid="1" />
                <SequencePoint vc="0" uspid="981" ordinal="0" offset="146" sl="107" sc="0" el="107" ec="0" bec="0" bev="0" fileid="1" />
                <SequencePoint vc="0" uspid="982" ordinal="0" offset="157" sl="108" sc="0" el="108" ec="0" bec="0" bev="0" fileid="1" />
                <SequencePoint vc="0" uspid="983" ordinal="0" offset="158" sl="110" sc="0" el="110" ec="0" bec="0" bev="0" fileid="1" />
                <SequencePoint vc="0" uspid="984" ordinal="0" offset="164" sl="111" sc="0" el="111" ec="0" bec="0" bev="0" fileid="1" />
                <SequencePoint vc="0" uspid="985" ordinal="0" offset="187" sl="112" sc="0" el="112" ec="0" bec="0" bev="0" fileid="1" />
                <SequencePoint vc="0" uspid="986" ordinal="0" offset="193" sl="113" sc="0" el="113" ec="0" bec="0" bev="0" fileid="1" />
                <SequencePoint vc="0" uspid="987" ordinal="0" offset="194" sl="114" sc="0" el="114" ec="0" bec="0" bev="0" fileid="1" />
                <SequencePoint vc="0" uspid="988" ordinal="0" offset="200" sl="115" sc="0" el="115" ec="0" bec="0" bev="0" fileid="1" />
                <SequencePoint vc="0" uspid="989" ordinal="0" offset="206" sl="116" sc="0" el="116" ec="0" bec="0" bev="0" fileid="1" />
                <SequencePoint vc="0" uspid="990" ordinal="0" offset="207" sl="117" sc="0" el="117" ec="0" bec="0" bev="0" fileid="1" />
                <SequencePoint vc="0" uspid="991" ordinal="0" offset="213" sl="118" sc="0" el="118" ec="0" bec="0" bev="0" fileid="1" />
              </SequencePoints>
              <BranchPoints />
            </Method>
            <Method visited="false" cyclomaticComplexity="0" nPathComplexity="0" sequenceCoverage="0.0" branchCoverage="0" crapScore="0" isConstructor="false" isStatic="false" isGetter="false" isSetter="false">
              <Summary numSequencePoints="30" visitedSequencePoints="0" numBranchPoints="0" visitedBranchPoints="0" sequenceCoverage="0.0" branchCoverage="0" maxCyclomaticComplexity="0" minCyclomaticComplexity="0" maxCrapScore="0" minCrapScore="0" visitedClasses="0" numClasses="0" visitedMethods="0" numMethods="1" />
              <MetadataToken>100663303</MetadataToken>
              <Name>System.Void ReadmeEditor::OnInspectorGUI()</Name>
              <FileRef uid="1" />
              <SequencePoints>
                <SequencePoint vc="0" uspid="992" ordinal="0" offset="0" sl="121" sc="0" el="121" ec="0" bec="0" bev="0" fileid="1" />
                <SequencePoint vc="0" uspid="993" ordinal="0" offset="1" sl="122" sc="0" el="122" ec="0" bec="0" bev="0" fileid="1" />
                <SequencePoint vc="0" uspid="994" ordinal="0" offset="13" sl="123" sc="0" el="123" ec="0" bec="0" bev="0" fileid="1" />
                <SequencePoint vc="0" uspid="995" ordinal="0" offset="20" sl="125" sc="0" el="125" ec="0" bec="0" bev="0" fileid="1" />
                <SequencePoint vc="0" uspid="996" ordinal="0" offset="21" sl="125" sc="0" el="125" ec="0" bec="0" bev="0" fileid="1" />
                <SequencePoint vc="0" uspid="997" ordinal="0" offset="35" sl="125" sc="0" el="125" ec="0" bec="0" bev="0" fileid="1" />
                <SequencePoint vc="0" uspid="998" ordinal="0" offset="39" sl="126" sc="0" el="126" ec="0" bec="0" bev="0" fileid="1" />
                <SequencePoint vc="0" uspid="999" ordinal="0" offset="40" sl="127" sc="0" el="127" ec="0" bec="0" bev="0" fileid="1" />
                <SequencePoint vc="0" uspid="1000" ordinal="0" offset="60" sl="128" sc="0" el="128" ec="0" bec="0" bev="0" fileid="1" />
                <SequencePoint vc="0" uspid="1001" ordinal="0" offset="61" sl="129" sc="0" el="129" ec="0" bec="0" bev="0" fileid="1" />
                <SequencePoint vc="0" uspid="1002" ordinal="0" offset="84" sl="130" sc="0" el="130" ec="0" bec="0" bev="0" fileid="1" />
                <SequencePoint vc="0" uspid="1003" ordinal="0" offset="85" sl="132" sc="0" el="132" ec="0" bec="0" bev="0" fileid="1" />
                <SequencePoint vc="0" uspid="1004" ordinal="0" offset="105" sl="133" sc="0" el="133" ec="0" bec="0" bev="0" fileid="1" />
                <SequencePoint vc="0" uspid="1005" ordinal="0" offset="106" sl="134" sc="0" el="134" ec="0" bec="0" bev="0" fileid="1" />
                <SequencePoint vc="0" uspid="1006" ordinal="0" offset="129" sl="135" sc="0" el="135" ec="0" bec="0" bev="0" fileid="1" />
                <SequencePoint vc="0" uspid="1007" ordinal="0" offset="130" sl="137" sc="0" el="137" ec="0" bec="0" bev="0" fileid="1" />
                <SequencePoint vc="0" uspid="1008" ordinal="0" offset="150" sl="138" sc="0" el="138" ec="0" bec="0" bev="0" fileid="1" />
                <SequencePoint vc="0" uspid="1009" ordinal="0" offset="151" sl="139" sc="0" el="139" ec="0" bec="0" bev="0" fileid="1" />
                <SequencePoint vc="0" uspid="1010" ordinal="0" offset="179" sl="140" sc="0" el="140" ec="0" bec="0" bev="0" fileid="1" />
                <SequencePoint vc="0" uspid="1011" ordinal="0" offset="180" sl="141" sc="0" el="141" ec="0" bec="0" bev="0" fileid="1" />
                <SequencePoint vc="0" uspid="1012" ordinal="0" offset="192" sl="142" sc="0" el="142" ec="0" bec="0" bev="0" fileid="1" />
                <SequencePoint vc="0" uspid="1013" ordinal="0" offset="193" sl="143" sc="0" el="143" ec="0" bec="0" bev="0" fileid="1" />
                <SequencePoint vc="0" uspid="1014" ordinal="0" offset="194" sl="145" sc="0" el="145" ec="0" bec="0" bev="0" fileid="1" />
                <SequencePoint vc="0" uspid="1015" ordinal="0" offset="205" sl="146" sc="0" el="146" ec="0" bec="0" bev="0" fileid="1" />
                <SequencePoint vc="0" uspid="1016" ordinal="0" offset="210" sl="125" sc="0" el="125" ec="0" bec="0" bev="0" fileid="1" />
                <SequencePoint vc="0" uspid="1017" ordinal="0" offset="219" sl="148" sc="0" el="148" ec="0" bec="0" bev="0" fileid="1" />
                <SequencePoint vc="0" uspid="1018" ordinal="0" offset="246" sl="149" sc="0" el="149" ec="0" bec="0" bev="0" fileid="1" />
                <SequencePoint vc="0" uspid="1019" ordinal="0" offset="247" sl="150" sc="0" el="150" ec="0" bec="0" bev="0" fileid="1" />
                <SequencePoint vc="0" uspid="1020" ordinal="0" offset="253" sl="151" sc="0" el="151" ec="0" bec="0" bev="0" fileid="1" />
                <SequencePoint vc="0" uspid="1021" ordinal="0" offset="254" sl="152" sc="0" el="152" ec="0" bec="0" bev="0" fileid="1" />
              </SequencePoints>
              <BranchPoints />
            </Method>
            <Method visited="false" cyclomaticComplexity="0" nPathComplexity="0" sequenceCoverage="0.0" branchCoverage="0" crapScore="0" isConstructor="false" isStatic="false" isGetter="true" isSetter="false">
              <Summary numSequencePoints="3" visitedSequencePoints="0" numBranchPoints="0" visitedBranchPoints="0" sequenceCoverage="0.0" branchCoverage="0" maxCyclomaticComplexity="0" minCyclomaticComplexity="0" maxCrapScore="0" minCrapScore="0" visitedClasses="0" numClasses="0" visitedMethods="0" numMethods="1" />
              <MetadataToken>100663304</MetadataToken>
              <Name>UnityEngine.GUIStyle ReadmeEditor::get_LinkStyle()</Name>
              <FileRef uid="1" />
              <SequencePoints>
                <SequencePoint vc="0" uspid="1022" ordinal="0" offset="0" sl="158" sc="0" el="158" ec="0" bec="0" bev="0" fileid="1" />
                <SequencePoint vc="0" uspid="1023" ordinal="0" offset="1" sl="158" sc="0" el="158" ec="0" bec="0" bev="0" fileid="1" />
                <SequencePoint vc="0" uspid="1024" ordinal="0" offset="10" sl="158" sc="0" el="158" ec="0" bec="0" bev="0" fileid="1" />
              </SequencePoints>
              <BranchPoints />
            </Method>
            <Method visited="false" cyclomaticComplexity="0" nPathComplexity="0" sequenceCoverage="0.0" branchCoverage="0" crapScore="0" isConstructor="false" isStatic="false" isGetter="true" isSetter="false">
              <Summary numSequencePoints="3" visitedSequencePoints="0" numBranchPoints="0" visitedBranchPoints="0" sequenceCoverage="0.0" branchCoverage="0" maxCyclomaticComplexity="0" minCyclomaticComplexity="0" maxCrapScore="0" minCrapScore="0" visitedClasses="0" numClasses="0" visitedMethods="0" numMethods="1" />
              <MetadataToken>100663305</MetadataToken>
              <Name>UnityEngine.GUIStyle ReadmeEditor::get_TitleStyle()</Name>
              <FileRef uid="1" />
              <SequencePoints>
                <SequencePoint vc="0" uspid="1025" ordinal="0" offset="0" sl="166" sc="0" el="166" ec="0" bec="0" bev="0" fileid="1" />
                <SequencePoint vc="0" uspid="1026" ordinal="0" offset="1" sl="166" sc="0" el="166" ec="0" bec="0" bev="0" fileid="1" />
                <SequencePoint vc="0" uspid="1027" ordinal="0" offset="10" sl="166" sc="0" el="166" ec="0" bec="0" bev="0" fileid="1" />
              </SequencePoints>
              <BranchPoints />
            </Method>
            <Method visited="false" cyclomaticComplexity="0" nPathComplexity="0" sequenceCoverage="0.0" branchCoverage="0" crapScore="0" isConstructor="false" isStatic="false" isGetter="true" isSetter="false">
              <Summary numSequencePoints="3" visitedSequencePoints="0" numBranchPoints="0" visitedBranchPoints="0" sequenceCoverage="0.0" branchCoverage="0" maxCyclomaticComplexity="0" minCyclomaticComplexity="0" maxCrapScore="0" minCrapScore="0" visitedClasses="0" numClasses="0" visitedMethods="0" numMethods="1" />
              <MetadataToken>100663306</MetadataToken>
              <Name>UnityEngine.GUIStyle ReadmeEditor::get_HeadingStyle()</Name>
              <FileRef uid="1" />
              <SequencePoints>
                <SequencePoint vc="0" uspid="1028" ordinal="0" offset="0" sl="174" sc="0" el="174" ec="0" bec="0" bev="0" fileid="1" />
                <SequencePoint vc="0" uspid="1029" ordinal="0" offset="1" sl="174" sc="0" el="174" ec="0" bec="0" bev="0" fileid="1" />
                <SequencePoint vc="0" uspid="1030" ordinal="0" offset="10" sl="174" sc="0" el="174" ec="0" bec="0" bev="0" fileid="1" />
              </SequencePoints>
              <BranchPoints />
            </Method>
            <Method visited="false" cyclomaticComplexity="0" nPathComplexity="0" sequenceCoverage="0.0" branchCoverage="0" crapScore="0" isConstructor="false" isStatic="false" isGetter="true" isSetter="false">
              <Summary numSequencePoints="3" visitedSequencePoints="0" numBranchPoints="0" visitedBranchPoints="0" sequenceCoverage="0.0" branchCoverage="0" maxCyclomaticComplexity="0" minCyclomaticComplexity="0" maxCrapScore="0" minCrapScore="0" visitedClasses="0" numClasses="0" visitedMethods="0" numMethods="1" />
              <MetadataToken>100663307</MetadataToken>
              <Name>UnityEngine.GUIStyle ReadmeEditor::get_BodyStyle()</Name>
              <FileRef uid="1" />
              <SequencePoints>
                <SequencePoint vc="0" uspid="1031" ordinal="0" offset="0" sl="182" sc="0" el="182" ec="0" bec="0" bev="0" fileid="1" />
                <SequencePoint vc="0" uspid="1032" ordinal="0" offset="1" sl="182" sc="0" el="182" ec="0" bec="0" bev="0" fileid="1" />
                <SequencePoint vc="0" uspid="1033" ordinal="0" offset="10" sl="182" sc="0" el="182" ec="0" bec="0" bev="0" fileid="1" />
              </SequencePoints>
              <BranchPoints />
            </Method>
            <Method visited="false" cyclomaticComplexity="0" nPathComplexity="0" sequenceCoverage="0.0" branchCoverage="0" crapScore="0" isConstructor="false" isStatic="false" isGetter="true" isSetter="false">
              <Summary numSequencePoints="3" visitedSequencePoints="0" numBranchPoints="0" visitedBranchPoints="0" sequenceCoverage="0.0" branchCoverage="0" maxCyclomaticComplexity="0" minCyclomaticComplexity="0" maxCrapScore="0" minCrapScore="0" visitedClasses="0" numClasses="0" visitedMethods="0" numMethods="1" />
              <MetadataToken>100663308</MetadataToken>
              <Name>UnityEngine.GUIStyle ReadmeEditor::get_ButtonStyle()</Name>
              <FileRef uid="1" />
              <SequencePoints>
                <SequencePoint vc="0" uspid="1034" ordinal="0" offset="0" sl="190" sc="0" el="190" ec="0" bec="0" bev="0" fileid="1" />
                <SequencePoint vc="0" uspid="1035" ordinal="0" offset="1" sl="190" sc="0" el="190" ec="0" bec="0" bev="0" fileid="1" />
                <SequencePoint vc="0" uspid="1036" ordinal="0" offset="10" sl="190" sc="0" el="190" ec="0" bec="0" bev="0" fileid="1" />
              </SequencePoints>
              <BranchPoints />
            </Method>
            <Method visited="false" cyclomaticComplexity="0" nPathComplexity="0" sequenceCoverage="0.0" branchCoverage="0" crapScore="0" isConstructor="false" isStatic="false" isGetter="false" isSetter="false">
              <Summary numSequencePoints="20" visitedSequencePoints="0" numBranchPoints="0" visitedBranchPoints="0" sequenceCoverage="0.0" branchCoverage="0" maxCyclomaticComplexity="0" minCyclomaticComplexity="0" maxCrapScore="0" minCrapScore="0" visitedClasses="0" numClasses="0" visitedMethods="0" numMethods="1" />
              <MetadataToken>100663309</MetadataToken>
              <Name>System.Void ReadmeEditor::Init()</Name>
              <FileRef uid="1" />
              <SequencePoints>
                <SequencePoint vc="0" uspid="1037" ordinal="0" offset="0" sl="197" sc="0" el="197" ec="0" bec="0" bev="0" fileid="1" />
                <SequencePoint vc="0" uspid="1038" ordinal="0" offset="1" sl="198" sc="0" el="198" ec="0" bec="0" bev="0" fileid="1" />
                <SequencePoint vc="0" uspid="1039" ordinal="0" offset="11" sl="199" sc="0" el="199" ec="0" bec="0" bev="0" fileid="1" />
                <SequencePoint vc="0" uspid="1040" ordinal="0" offset="16" sl="200" sc="0" el="200" ec="0" bec="0" bev="0" fileid="1" />
                <SequencePoint vc="0" uspid="1041" ordinal="0" offset="32" sl="201" sc="0" el="201" ec="0" bec="0" bev="0" fileid="1" />
                <SequencePoint vc="0" uspid="1042" ordinal="0" offset="45" sl="202" sc="0" el="202" ec="0" bec="0" bev="0" fileid="1" />
                <SequencePoint vc="0" uspid="1043" ordinal="0" offset="59" sl="203" sc="0" el="203" ec="0" bec="0" bev="0" fileid="1" />
                <SequencePoint vc="0" uspid="1044" ordinal="0" offset="72" sl="205" sc="0" el="205" ec="0" bec="0" bev="0" fileid="1" />
                <SequencePoint vc="0" uspid="1045" ordinal="0" offset="89" sl="206" sc="0" el="206" ec="0" bec="0" bev="0" fileid="1" />
                <SequencePoint vc="0" uspid="1046" ordinal="0" offset="103" sl="208" sc="0" el="208" ec="0" bec="0" bev="0" fileid="1" />
                <SequencePoint vc="0" uspid="1047" ordinal="0" offset="120" sl="209" sc="0" el="209" ec="0" bec="0" bev="0" fileid="1" />
                <SequencePoint vc="0" uspid="1048" ordinal="0" offset="133" sl="210" sc="0" el="210" ec="0" bec="0" bev="0" fileid="1" />
                <SequencePoint vc="0" uspid="1049" ordinal="0" offset="147" sl="212" sc="0" el="212" ec="0" bec="0" bev="0" fileid="1" />
                <SequencePoint vc="0" uspid="1050" ordinal="0" offset="164" sl="213" sc="0" el="213" ec="0" bec="0" bev="0" fileid="1" />
                <SequencePoint vc="0" uspid="1051" ordinal="0" offset="177" sl="216" sc="0" el="216" ec="0" bec="0" bev="0" fileid="1" />
                <SequencePoint vc="0" uspid="1052" ordinal="0" offset="219" sl="217" sc="0" el="217" ec="0" bec="0" bev="0" fileid="1" />
                <SequencePoint vc="0" uspid="1053" ordinal="0" offset="232" sl="219" sc="0" el="219" ec="0" bec="0" bev="0" fileid="1" />
                <SequencePoint vc="0" uspid="1054" ordinal="0" offset="248" sl="220" sc="0" el="220" ec="0" bec="0" bev="0" fileid="1" />
                <SequencePoint vc="0" uspid="1055" ordinal="0" offset="261" sl="222" sc="0" el="222" ec="0" bec="0" bev="0" fileid="1" />
                <SequencePoint vc="0" uspid="1056" ordinal="0" offset="268" sl="223" sc="0" el="223" ec="0" bec="0" bev="0" fileid="1" />
              </SequencePoints>
              <BranchPoints />
            </Method>
            <Method visited="false" cyclomaticComplexity="0" nPathComplexity="0" sequenceCoverage="0.0" branchCoverage="0" crapScore="0" isConstructor="false" isStatic="false" isGetter="false" isSetter="false">
              <Summary numSequencePoints="10" visitedSequencePoints="0" numBranchPoints="0" visitedBranchPoints="0" sequenceCoverage="0.0" branchCoverage="0" maxCyclomaticComplexity="0" minCyclomaticComplexity="0" maxCrapScore="0" minCrapScore="0" visitedClasses="0" numClasses="0" visitedMethods="0" numMethods="1" />
              <MetadataToken>100663310</MetadataToken>
              <Name>System.Boolean ReadmeEditor::LinkLabel(UnityEngine.GUIContent, UnityEngine.GUILayoutOption[])</Name>
              <FileRef uid="1" />
              <SequencePoints>
                <SequencePoint vc="0" uspid="1057" ordinal="0" offset="0" sl="226" sc="0" el="226" ec="0" bec="0" bev="0" fileid="1" />
                <SequencePoint vc="0" uspid="1058" ordinal="0" offset="1" sl="227" sc="0" el="227" ec="0" bec="0" bev="0" fileid="1" />
                <SequencePoint vc="0" uspid="1059" ordinal="0" offset="15" sl="229" sc="0" el="229" ec="0" bec="0" bev="0" fileid="1" />
                <SequencePoint vc="0" uspid="1060" ordinal="0" offset="21" sl="230" sc="0" el="230" ec="0" bec="0" bev="0" fileid="1" />
                <SequencePoint vc="0" uspid="1061" ordinal="0" offset="43" sl="231" sc="0" el="231" ec="0" bec="0" bev="0" fileid="1" />
                <SequencePoint vc="0" uspid="1062" ordinal="0" offset="87" sl="232" sc="0" el="232" ec="0" bec="0" bev="0" fileid="1" />
                <SequencePoint vc="0" uspid="1063" ordinal="0" offset="98" sl="233" sc="0" el="233" ec="0" bec="0" bev="0" fileid="1" />
                <SequencePoint vc="0" uspid="1064" ordinal="0" offset="104" sl="235" sc="0" el="235" ec="0" bec="0" bev="0" fileid="1" />
                <SequencePoint vc="0" uspid="1065" ordinal="0" offset="112" sl="237" sc="0" el="237" ec="0" bec="0" bev="0" fileid="1" />
                <SequencePoint vc="0" uspid="1066" ordinal="0" offset="128" sl="238" sc="0" el="238" ec="0" bec="0" bev="0" fileid="1" />
              </SequencePoints>
              <BranchPoints />
            </Method>
            <Method visited="false" cyclomaticComplexity="0" nPathComplexity="0" sequenceCoverage="0.0" branchCoverage="0" crapScore="0" isConstructor="true" isStatic="true" isGetter="false" isSetter="false">
              <Summary numSequencePoints="5" visitedSequencePoints="0" numBranchPoints="0" visitedBranchPoints="0" sequenceCoverage="0.0" branchCoverage="0" maxCyclomaticComplexity="0" minCyclomaticComplexity="0" maxCrapScore="0" minCrapScore="0" visitedClasses="0" numClasses="0" visitedMethods="0" numMethods="1" />
              <MetadataToken>100663297</MetadataToken>
              <Name>static ReadmeEditor::ReadmeEditor()</Name>
              <FileRef uid="1" />
              <SequencePoints>
                <SequencePoint vc="0" uspid="1067" ordinal="0" offset="0" sl="10" sc="5" el="10" ec="5" bec="0" bev="0" fileid="1" />
                <SequencePoint vc="0" uspid="1068" ordinal="0" offset="10" sl="12" sc="5" el="12" ec="5" bec="0" bev="0" fileid="1" />
                <SequencePoint vc="0" uspid="1069" ordinal="0" offset="20" sl="17" sc="5" el="17" ec="5" bec="0" bev="0" fileid="1" />
                <SequencePoint vc="0" uspid="1070" ordinal="0" offset="21" sl="18" sc="9" el="18" ec="9" bec="0" bev="0" fileid="1" />
                <SequencePoint vc="0" uspid="1071" ordinal="0" offset="53" sl="19" sc="5" el="19" ec="5" bec="0" bev="0" fileid="1" />
              </SequencePoints>
              <BranchPoints />
            </Method>
          </Methods>
        </Class>
      </Classes>
    </Module>
    <Module>
      <Summary numSequencePoints="35" visitedSequencePoints="0" numBranchPoints="0" visitedBranchPoints="0" sequenceCoverage="0.0" branchCoverage="0.0" maxCyclomaticComplexity="0" minCyclomaticComplexity="0" maxCrapScore="0" minCrapScore="0" visitedClasses="0" numClasses="1" visitedMethods="0" numMethods="3" />
      <ModuleTime>0001-01-01T00:00:00</ModuleTime>
      <ModuleName>EditModeTests</ModuleName>
      <Files>
        <File uid="2" fullPath="C:/Ahuntsic/Jeux Vidéos/EndlessRunner/Assets/Tests/EditModeTests/EditModeTests.cs" />
      </Files>
      <Classes>
        <Class>
          <Summary numSequencePoints="35" visitedSequencePoints="0" numBranchPoints="0" visitedBranchPoints="0" sequenceCoverage="0.0" branchCoverage="0.0" maxCyclomaticComplexity="0" minCyclomaticComplexity="0" maxCrapScore="0" minCrapScore="0" visitedClasses="0" numClasses="1" visitedMethods="0" numMethods="3" />
          <FullName>EditModeTests</FullName>
          <Methods>
            <Method visited="false" cyclomaticComplexity="0" nPathComplexity="0" sequenceCoverage="0.0" branchCoverage="0" crapScore="0" isConstructor="false" isStatic="false" isGetter="false" isSetter="false">
              <Summary numSequencePoints="13" visitedSequencePoints="0" numBranchPoints="0" visitedBranchPoints="0" sequenceCoverage="0.0" branchCoverage="0" maxCyclomaticComplexity="0" minCyclomaticComplexity="0" maxCrapScore="0" minCrapScore="0" visitedClasses="0" numClasses="0" visitedMethods="0" numMethods="1" />
              <MetadataToken>100663297</MetadataToken>
              <Name>System.Void EditModeTests::TestConfigPrefab_Obstacle_Madrid()</Name>
              <FileRef uid="2" />
              <SequencePoints>
                <SequencePoint vc="0" uspid="1072" ordinal="0" offset="0" sl="12" sc="5" el="12" ec="5" bec="0" bev="0" fileid="2" />
                <SequencePoint vc="0" uspid="1073" ordinal="0" offset="1" sl="13" sc="9" el="13" ec="9" bec="0" bev="0" fileid="2" />
                <SequencePoint vc="0" uspid="1074" ordinal="0" offset="7" sl="14" sc="9" el="14" ec="9" bec="0" bev="0" fileid="2" />
                <SequencePoint vc="0" uspid="1075" ordinal="0" offset="14" sl="15" sc="9" el="15" ec="9" bec="0" bev="0" fileid="2" />
                <SequencePoint vc="0" uspid="1076" ordinal="0" offset="31" sl="17" sc="9" el="17" ec="9" bec="0" bev="0" fileid="2" />
                <SequencePoint vc="0" uspid="1077" ordinal="0" offset="38" sl="18" sc="9" el="18" ec="9" bec="0" bev="0" fileid="2" />
                <SequencePoint vc="0" uspid="1078" ordinal="0" offset="55" sl="20" sc="9" el="20" ec="9" bec="0" bev="0" fileid="2" />
                <SequencePoint vc="0" uspid="1079" ordinal="0" offset="62" sl="21" sc="9" el="21" ec="9" bec="0" bev="0" fileid="2" />
                <SequencePoint vc="0" uspid="1080" ordinal="0" offset="79" sl="23" sc="9" el="23" ec="9" bec="0" bev="0" fileid="2" />
                <SequencePoint vc="0" uspid="1081" ordinal="0" offset="86" sl="24" sc="9" el="24" ec="9" bec="0" bev="0" fileid="2" />
                <SequencePoint vc="0" uspid="1082" ordinal="0" offset="95" sl="25" sc="9" el="25" ec="9" bec="0" bev="0" fileid="2" />
                <SequencePoint vc="0" uspid="1083" ordinal="0" offset="120" sl="27" sc="9" el="27" ec="9" bec="0" bev="0" fileid="2" />
                <SequencePoint vc="0" uspid="1084" ordinal="0" offset="144" sl="28" sc="5" el="28" ec="5" bec="0" bev="0" fileid="2" />
              </SequencePoints>
              <BranchPoints />
            </Method>
            <Method visited="false" cyclomaticComplexity="0" nPathComplexity="0" sequenceCoverage="0.0" branchCoverage="0" crapScore="0" isConstructor="false" isStatic="false" isGetter="false" isSetter="false">
              <Summary numSequencePoints="11" visitedSequencePoints="0" numBranchPoints="0" visitedBranchPoints="0" sequenceCoverage="0.0" branchCoverage="0" maxCyclomaticComplexity="0" minCyclomaticComplexity="0" maxCrapScore="0" minCrapScore="0" visitedClasses="0" numClasses="0" visitedMethods="0" numMethods="1" />
              <MetadataToken>100663298</MetadataToken>
              <Name>System.Void EditModeTests::CollisionAvecObsatcle_PlayerMeurt_Madrid()</Name>
              <FileRef uid="2" />
              <SequencePoints>
                <SequencePoint vc="0" uspid="1085" ordinal="0" offset="0" sl="32" sc="5" el="32" ec="5" bec="0" bev="0" fileid="2" />
                <SequencePoint vc="0" uspid="1086" ordinal="0" offset="1" sl="33" sc="9" el="33" ec="9" bec="0" bev="0" fileid="2" />
                <SequencePoint vc="0" uspid="1087" ordinal="0" offset="12" sl="34" sc="9" el="34" ec="9" bec="0" bev="0" fileid="2" />
                <SequencePoint vc="0" uspid="1088" ordinal="0" offset="19" sl="36" sc="9" el="36" ec="9" bec="0" bev="0" fileid="2" />
                <SequencePoint vc="0" uspid="1089" ordinal="0" offset="30" sl="38" sc="9" el="38" ec="9" bec="0" bev="0" fileid="2" />
                <SequencePoint vc="0" uspid="1090" ordinal="0" offset="37" sl="40" sc="9" el="40" ec="9" bec="0" bev="0" fileid="2" />
                <SequencePoint vc="0" uspid="1091" ordinal="0" offset="48" sl="42" sc="9" el="42" ec="9" bec="0" bev="0" fileid="2" />
                <SequencePoint vc="0" uspid="1092" ordinal="0" offset="56" sl="44" sc="9" el="44" ec="9" bec="0" bev="0" fileid="2" />
                <SequencePoint vc="0" uspid="1093" ordinal="0" offset="69" sl="46" sc="9" el="46" ec="9" bec="0" bev="0" fileid="2" />
                <SequencePoint vc="0" uspid="1094" ordinal="0" offset="76" sl="47" sc="9" el="47" ec="9" bec="0" bev="0" fileid="2" />
                <SequencePoint vc="0" uspid="1095" ordinal="0" offset="83" sl="48" sc="5" el="48" ec="5" bec="0" bev="0" fileid="2" />
              </SequencePoints>
              <BranchPoints />
            </Method>
            <Method visited="false" cyclomaticComplexity="0" nPathComplexity="0" sequenceCoverage="0.0" branchCoverage="0" crapScore="0" isConstructor="false" isStatic="false" isGetter="false" isSetter="false">
              <Summary numSequencePoints="11" visitedSequencePoints="0" numBranchPoints="0" visitedBranchPoints="0" sequenceCoverage="0.0" branchCoverage="0" maxCyclomaticComplexity="0" minCyclomaticComplexity="0" maxCrapScore="0" minCrapScore="0" visitedClasses="0" numClasses="0" visitedMethods="0" numMethods="1" />
              <MetadataToken>100663299</MetadataToken>
              <Name>System.Void EditModeTests::CollisionSol_PlayerMeurtPas_Madrid()</Name>
              <FileRef uid="2" />
              <SequencePoints>
                <SequencePoint vc="0" uspid="1096" ordinal="0" offset="0" sl="52" sc="5" el="52" ec="5" bec="0" bev="0" fileid="2" />
                <SequencePoint vc="0" uspid="1097" ordinal="0" offset="1" sl="53" sc="9" el="53" ec="9" bec="0" bev="0" fileid="2" />
                <SequencePoint vc="0" uspid="1098" ordinal="0" offset="12" sl="54" sc="9" el="54" ec="9" bec="0" bev="0" fileid="2" />
                <SequencePoint vc="0" uspid="1099" ordinal="0" offset="19" sl="56" sc="9" el="56" ec="9" bec="0" bev="0" fileid="2" />
                <SequencePoint vc="0" uspid="1100" ordinal="0" offset="30" sl="57" sc="9" el="57" ec="9" bec="0" bev="0" fileid="2" />
                <SequencePoint vc="0" uspid="1101" ordinal="0" offset="37" sl="59" sc="9" el="59" ec="9" bec="0" bev="0" fileid="2" />
                <SequencePoint vc="0" uspid="1102" ordinal="0" offset="48" sl="61" sc="9" el="61" ec="9" bec="0" bev="0" fileid="2" />
                <SequencePoint vc="0" uspid="1103" ordinal="0" offset="56" sl="63" sc="9" el="63" ec="9" bec="0" bev="0" fileid="2" />
                <SequencePoint vc="0" uspid="1104" ordinal="0" offset="68" sl="65" sc="9" el="65" ec="9" bec="0" bev="0" fileid="2" />
                <SequencePoint vc="0" uspid="1105" ordinal="0" offset="75" sl="66" sc="9" el="66" ec="9" bec="0" bev="0" fileid="2" />
                <SequencePoint vc="0" uspid="1106" ordinal="0" offset="82" sl="67" sc="5" el="67" ec="5" bec="0" bev="0" fileid="2" />
              </SequencePoints>
              <BranchPoints />
            </Method>
          </Methods>
        </Class>
      </Classes>
    </Module>
    <Module>
      <Summary numSequencePoints="34" visitedSequencePoints="0" numBranchPoints="0" visitedBranchPoints="0" sequenceCoverage="0.0" branchCoverage="0.0" maxCyclomaticComplexity="0" minCyclomaticComplexity="0" maxCrapScore="0" minCrapScore="0" visitedClasses="0" numClasses="2" visitedMethods="0" numMethods="2" />
      <ModuleTime>0001-01-01T00:00:00</ModuleTime>
      <ModuleName>PlayModeTests</ModuleName>
      <Files>
        <File uid="3" fullPath="C:/Ahuntsic/Jeux Vidéos/EndlessRunner/Assets/Tests/PlayModeTests/PlayModeTests.cs" />
      </Files>
      <Classes>
        <Class>
          <Summary numSequencePoints="19" visitedSequencePoints="0" numBranchPoints="0" visitedBranchPoints="0" sequenceCoverage="0.0" branchCoverage="0.0" maxCyclomaticComplexity="0" minCyclomaticComplexity="0" maxCrapScore="0" minCrapScore="0" visitedClasses="0" numClasses="1" visitedMethods="0" numMethods="1" />
          <FullName>PlayModeTests/&lt;GameTest_Madrid&gt;d__0</FullName>
          <Methods>
            <Method visited="false" cyclomaticComplexity="0" nPathComplexity="0" sequenceCoverage="0.0" branchCoverage="0" crapScore="0" isConstructor="false" isStatic="false" isGetter="false" isSetter="false">
              <Summary numSequencePoints="19" visitedSequencePoints="0" numBranchPoints="0" visitedBranchPoints="0" sequenceCoverage="0.0" branchCoverage="0" maxCyclomaticComplexity="0" minCyclomaticComplexity="0" maxCrapScore="0" minCrapScore="0" visitedClasses="0" numClasses="0" visitedMethods="0" numMethods="1" />
              <MetadataToken>100663304</MetadataToken>
              <Name>System.Boolean PlayModeTests/&lt;GameTest_Madrid&gt;d__0::MoveNext()</Name>
              <FileRef uid="3" />
              <SequencePoints>
                <SequencePoint vc="0" uspid="1107" ordinal="0" offset="63" sl="11" sc="0" el="11" ec="0" bec="0" bev="0" fileid="3" />
                <SequencePoint vc="0" uspid="1108" ordinal="0" offset="64" sl="13" sc="0" el="13" ec="0" bec="0" bev="0" fileid="3" />
                <SequencePoint vc="0" uspid="1109" ordinal="0" offset="83" sl="16" sc="0" el="16" ec="0" bec="0" bev="0" fileid="3" />
                <SequencePoint vc="0" uspid="1110" ordinal="0" offset="84" sl="17" sc="0" el="17" ec="0" bec="0" bev="0" fileid="3" />
                <SequencePoint vc="0" uspid="1111" ordinal="0" offset="107" sl="19" sc="0" el="19" ec="0" bec="0" bev="0" fileid="3" />
                <SequencePoint vc="0" uspid="1112" ordinal="0" offset="108" sl="15" sc="0" el="15" ec="0" bec="0" bev="0" fileid="3" />
                <SequencePoint vc="0" uspid="1113" ordinal="0" offset="126" sl="21" sc="0" el="21" ec="0" bec="0" bev="0" fileid="3" />
                <SequencePoint vc="0" uspid="1114" ordinal="0" offset="142" sl="22" sc="0" el="22" ec="0" bec="0" bev="0" fileid="3" />
                <SequencePoint vc="0" uspid="1115" ordinal="0" offset="170" sl="24" sc="0" el="24" ec="0" bec="0" bev="0" fileid="3" />
                <SequencePoint vc="0" uspid="1116" ordinal="0" offset="187" sl="25" sc="0" el="25" ec="0" bec="0" bev="0" fileid="3" />
                <SequencePoint vc="0" uspid="1117" ordinal="0" offset="215" sl="27" sc="0" el="27" ec="0" bec="0" bev="0" fileid="3" />
                <SequencePoint vc="0" uspid="1118" ordinal="0" offset="242" sl="29" sc="0" el="29" ec="0" bec="0" bev="0" fileid="3" />
                <SequencePoint vc="0" uspid="1119" ordinal="0" offset="274" sl="31" sc="0" el="31" ec="0" bec="0" bev="0" fileid="3" />
                <SequencePoint vc="0" uspid="1120" ordinal="0" offset="290" sl="32" sc="0" el="32" ec="0" bec="0" bev="0" fileid="3" />
                <SequencePoint vc="0" uspid="1121" ordinal="0" offset="312" sl="34" sc="0" el="34" ec="0" bec="0" bev="0" fileid="3" />
                <SequencePoint vc="0" uspid="1122" ordinal="0" offset="345" sl="36" sc="0" el="36" ec="0" bec="0" bev="0" fileid="3" />
                <SequencePoint vc="0" uspid="1123" ordinal="0" offset="372" sl="37" sc="0" el="37" ec="0" bec="0" bev="0" fileid="3" />
                <SequencePoint vc="0" uspid="1124" ordinal="0" offset="404" sl="39" sc="0" el="39" ec="0" bec="0" bev="0" fileid="3" />
                <SequencePoint vc="0" uspid="1125" ordinal="0" offset="431" sl="40" sc="0" el="40" ec="0" bec="0" bev="0" fileid="3" />
              </SequencePoints>
              <BranchPoints />
            </Method>
          </Methods>
        </Class>
        <Class>
          <Summary numSequencePoints="15" visitedSequencePoints="0" numBranchPoints="0" visitedBranchPoints="0" sequenceCoverage="0.0" branchCoverage="0.0" maxCyclomaticComplexity="0" minCyclomaticComplexity="0" maxCrapScore="0" minCrapScore="0" visitedClasses="0" numClasses="1" visitedMethods="0" numMethods="1" />
          <FullName>PlayModeTests/&lt;ObstacleSansJoueurMovement_Madrid&gt;d__1</FullName>
          <Methods>
            <Method visited="false" cyclomaticComplexity="0" nPathComplexity="0" sequenceCoverage="0.0" branchCoverage="0" crapScore="0" isConstructor="false" isStatic="false" isGetter="false" isSetter="false">
              <Summary numSequencePoints="15" visitedSequencePoints="0" numBranchPoints="0" visitedBranchPoints="0" sequenceCoverage="0.0" branchCoverage="0" maxCyclomaticComplexity="0" minCyclomaticComplexity="0" maxCrapScore="0" minCrapScore="0" visitedClasses="0" numClasses="0" visitedMethods="0" numMethods="1" />
              <MetadataToken>100663310</MetadataToken>
              <Name>System.Boolean PlayModeTests/&lt;ObstacleSansJoueurMovement_Madrid&gt;d__1::MoveNext()</Name>
              <FileRef uid="3" />
              <SequencePoints>
                <SequencePoint vc="0" uspid="1126" ordinal="0" offset="45" sl="44" sc="0" el="44" ec="0" bec="0" bev="0" fileid="3" />
                <SequencePoint vc="0" uspid="1127" ordinal="0" offset="46" sl="46" sc="0" el="46" ec="0" bec="0" bev="0" fileid="3" />
                <SequencePoint vc="0" uspid="1128" ordinal="0" offset="65" sl="49" sc="0" el="49" ec="0" bec="0" bev="0" fileid="3" />
                <SequencePoint vc="0" uspid="1129" ordinal="0" offset="66" sl="50" sc="0" el="50" ec="0" bec="0" bev="0" fileid="3" />
                <SequencePoint vc="0" uspid="1130" ordinal="0" offset="89" sl="52" sc="0" el="52" ec="0" bec="0" bev="0" fileid="3" />
                <SequencePoint vc="0" uspid="1131" ordinal="0" offset="90" sl="48" sc="0" el="48" ec="0" bec="0" bev="0" fileid="3" />
                <SequencePoint vc="0" uspid="1132" ordinal="0" offset="108" sl="54" sc="0" el="54" ec="0" bec="0" bev="0" fileid="3" />
                <SequencePoint vc="0" uspid="1133" ordinal="0" offset="124" sl="55" sc="0" el="55" ec="0" bec="0" bev="0" fileid="3" />
                <SequencePoint vc="0" uspid="1134" ordinal="0" offset="146" sl="58" sc="0" el="58" ec="0" bec="0" bev="0" fileid="3" />
                <SequencePoint vc="0" uspid="1135" ordinal="0" offset="163" sl="59" sc="0" el="59" ec="0" bec="0" bev="0" fileid="3" />
                <SequencePoint vc="0" uspid="1136" ordinal="0" offset="175" sl="61" sc="0" el="61" ec="0" bec="0" bev="0" fileid="3" />
                <SequencePoint vc="0" uspid="1137" ordinal="0" offset="198" sl="63" sc="0" el="63" ec="0" bec="0" bev="0" fileid="3" />
                <SequencePoint vc="0" uspid="1138" ordinal="0" offset="214" sl="64" sc="0" el="64" ec="0" bec="0" bev="0" fileid="3" />
                <SequencePoint vc="0" uspid="1139" ordinal="0" offset="231" sl="65" sc="0" el="65" ec="0" bec="0" bev="0" fileid="3" />
                <SequencePoint vc="0" uspid="1140" ordinal="0" offset="238" sl="68" sc="0" el="68" ec="0" bec="0" bev="0" fileid="3" />
              </SequencePoints>
              <BranchPoints />
            </Method>
          </Methods>
        </Class>
      </Classes>
    </Module>
    <Module>
      <Summary numSequencePoints="237" visitedSequencePoints="0" numBranchPoints="0" visitedBranchPoints="0" sequenceCoverage="0.0" branchCoverage="0.0" maxCyclomaticComplexity="0" minCyclomaticComplexity="0" maxCrapScore="0" minCrapScore="0" visitedClasses="0" numClasses="7" visitedMethods="0" numMethods="31" />
      <ModuleTime>0001-01-01T00:00:00</ModuleTime>
      <ModuleName>Scripts</ModuleName>
      <Files>
        <File uid="4" fullPath="C:/Ahuntsic/Jeux Vidéos/EndlessRunner/Assets/Scripts/CameraFollow.cs" />
        <File uid="5" fullPath="C:/Ahuntsic/Jeux Vidéos/EndlessRunner/Assets/Scripts/Coin.cs" />
        <File uid="6" fullPath="C:/Ahuntsic/Jeux Vidéos/EndlessRunner/Assets/Scripts/GameManager.cs" />
        <File uid="7" fullPath="C:/Ahuntsic/Jeux Vidéos/EndlessRunner/Assets/Scripts/GroundSpawner.cs" />
        <File uid="8" fullPath="C:/Ahuntsic/Jeux Vidéos/EndlessRunner/Assets/Scripts/GroundTile.cs" />
        <File uid="9" fullPath="C:/Ahuntsic/Jeux Vidéos/EndlessRunner/Assets/Scripts/Obstacle.cs" />
        <File uid="10" fullPath="C:/Ahuntsic/Jeux Vidéos/EndlessRunner/Assets/Scripts/PlayerMovement.cs" />
      </Files>
      <Classes>
        <Class>
          <Summary numSequencePoints="8" visitedSequencePoints="0" numBranchPoints="0" visitedBranchPoints="0" sequenceCoverage="0.0" branchCoverage="0.0" maxCyclomaticComplexity="0" minCyclomaticComplexity="0" maxCrapScore="0" minCrapScore="0" visitedClasses="0" numClasses="1" visitedMethods="0" numMethods="2" />
          <FullName>CameraFollow</FullName>
          <Methods>
            <Method visited="false" cyclomaticComplexity="0" nPathComplexity="0" sequenceCoverage="0.0" branchCoverage="0" crapScore="0" isConstructor="false" isStatic="false" isGetter="false" isSetter="false">
              <Summary numSequencePoints="3" visitedSequencePoints="0" numBranchPoints="0" visitedBranchPoints="0" sequenceCoverage="0.0" branchCoverage="0" maxCyclomaticComplexity="0" minCyclomaticComplexity="0" maxCrapScore="0" minCrapScore="0" visitedClasses="0" numClasses="0" visitedMethods="0" numMethods="1" />
              <MetadataToken>100663297</MetadataToken>
              <Name>System.Void CameraFollow::Start()</Name>
              <FileRef uid="4" />
              <SequencePoints>
                <SequencePoint vc="0" uspid="1141" ordinal="0" offset="0" sl="10" sc="0" el="10" ec="0" bec="0" bev="0" fileid="4" />
                <SequencePoint vc="0" uspid="1142" ordinal="0" offset="1" sl="11" sc="0" el="11" ec="0" bec="0" bev="0" fileid="4" />
                <SequencePoint vc="0" uspid="1143" ordinal="0" offset="34" sl="12" sc="0" el="12" ec="0" bec="0" bev="0" fileid="4" />
              </SequencePoints>
              <BranchPoints />
            </Method>
            <Method visited="false" cyclomaticComplexity="0" nPathComplexity="0" sequenceCoverage="0.0" branchCoverage="0" crapScore="0" isConstructor="false" isStatic="false" isGetter="false" isSetter="false">
              <Summary numSequencePoints="5" visitedSequencePoints="0" numBranchPoints="0" visitedBranchPoints="0" sequenceCoverage="0.0" branchCoverage="0" maxCyclomaticComplexity="0" minCyclomaticComplexity="0" maxCrapScore="0" minCrapScore="0" visitedClasses="0" numClasses="0" visitedMethods="0" numMethods="1" />
              <MetadataToken>100663298</MetadataToken>
              <Name>System.Void CameraFollow::Update()</Name>
              <FileRef uid="4" />
              <SequencePoints>
                <SequencePoint vc="0" uspid="1144" ordinal="0" offset="0" sl="16" sc="0" el="16" ec="0" bec="0" bev="0" fileid="4" />
                <SequencePoint vc="0" uspid="1145" ordinal="0" offset="1" sl="17" sc="0" el="17" ec="0" bec="0" bev="0" fileid="4" />
                <SequencePoint vc="0" uspid="1146" ordinal="0" offset="24" sl="18" sc="0" el="18" ec="0" bec="0" bev="0" fileid="4" />
                <SequencePoint vc="0" uspid="1147" ordinal="0" offset="36" sl="19" sc="0" el="19" ec="0" bec="0" bev="0" fileid="4" />
                <SequencePoint vc="0" uspid="1148" ordinal="0" offset="49" sl="20" sc="0" el="20" ec="0" bec="0" bev="0" fileid="4" />
              </SequencePoints>
              <BranchPoints />
            </Method>
          </Methods>
        </Class>
        <Class>
          <Summary numSequencePoints="15" visitedSequencePoints="0" numBranchPoints="0" visitedBranchPoints="0" sequenceCoverage="0.0" branchCoverage="0.0" maxCyclomaticComplexity="0" minCyclomaticComplexity="0" maxCrapScore="0" minCrapScore="0" visitedClasses="0" numClasses="1" visitedMethods="0" numMethods="3" />
          <FullName>Coin</FullName>
          <Methods>
            <Method visited="false" cyclomaticComplexity="0" nPathComplexity="0" sequenceCoverage="0.0" branchCoverage="0" crapScore="0" isConstructor="false" isStatic="false" isGetter="false" isSetter="false">
              <Summary numSequencePoints="11" visitedSequencePoints="0" numBranchPoints="0" visitedBranchPoints="0" sequenceCoverage="0.0" branchCoverage="0" maxCyclomaticComplexity="0" minCyclomaticComplexity="0" maxCrapScore="0" minCrapScore="0" visitedClasses="0" numClasses="0" visitedMethods="0" numMethods="1" />
              <MetadataToken>100663300</MetadataToken>
              <Name>System.Void Coin::OnTriggerEnter(UnityEngine.Collider)</Name>
              <FileRef uid="5" />
              <SequencePoints>
                <SequencePoint vc="0" uspid="1149" ordinal="0" offset="0" sl="7" sc="0" el="7" ec="0" bec="0" bev="0" fileid="5" />
                <SequencePoint vc="0" uspid="1150" ordinal="0" offset="1" sl="8" sc="0" el="8" ec="0" bec="0" bev="0" fileid="5" />
                <SequencePoint vc="0" uspid="1151" ordinal="0" offset="16" sl="9" sc="0" el="9" ec="0" bec="0" bev="0" fileid="5" />
                <SequencePoint vc="0" uspid="1152" ordinal="0" offset="17" sl="10" sc="0" el="10" ec="0" bec="0" bev="0" fileid="5" />
                <SequencePoint vc="0" uspid="1153" ordinal="0" offset="29" sl="11" sc="0" el="11" ec="0" bec="0" bev="0" fileid="5" />
                <SequencePoint vc="0" uspid="1154" ordinal="0" offset="31" sl="14" sc="0" el="14" ec="0" bec="0" bev="0" fileid="5" />
                <SequencePoint vc="0" uspid="1155" ordinal="0" offset="49" sl="15" sc="0" el="15" ec="0" bec="0" bev="0" fileid="5" />
                <SequencePoint vc="0" uspid="1156" ordinal="0" offset="50" sl="16" sc="0" el="16" ec="0" bec="0" bev="0" fileid="5" />
                <SequencePoint vc="0" uspid="1157" ordinal="0" offset="52" sl="19" sc="0" el="19" ec="0" bec="0" bev="0" fileid="5" />
                <SequencePoint vc="0" uspid="1158" ordinal="0" offset="63" sl="21" sc="0" el="21" ec="0" bec="0" bev="0" fileid="5" />
                <SequencePoint vc="0" uspid="1159" ordinal="0" offset="75" sl="22" sc="0" el="22" ec="0" bec="0" bev="0" fileid="5" />
              </SequencePoints>
              <BranchPoints />
            </Method>
            <Method visited="false" cyclomaticComplexity="0" nPathComplexity="0" sequenceCoverage="0.0" branchCoverage="0" crapScore="0" isConstructor="false" isStatic="false" isGetter="false" isSetter="false">
              <Summary numSequencePoints="3" visitedSequencePoints="0" numBranchPoints="0" visitedBranchPoints="0" sequenceCoverage="0.0" branchCoverage="0" maxCyclomaticComplexity="0" minCyclomaticComplexity="0" maxCrapScore="0" minCrapScore="0" visitedClasses="0" numClasses="0" visitedMethods="0" numMethods="1" />
              <MetadataToken>100663301</MetadataToken>
              <Name>System.Void Coin::Update()</Name>
              <FileRef uid="5" />
              <SequencePoints>
                <SequencePoint vc="0" uspid="1160" ordinal="0" offset="0" sl="26" sc="0" el="26" ec="0" bec="0" bev="0" fileid="5" />
                <SequencePoint vc="0" uspid="1161" ordinal="0" offset="1" sl="27" sc="0" el="27" ec="0" bec="0" bev="0" fileid="5" />
                <SequencePoint vc="0" uspid="1162" ordinal="0" offset="35" sl="28" sc="0" el="28" ec="0" bec="0" bev="0" fileid="5" />
              </SequencePoints>
              <BranchPoints />
            </Method>
            <Method visited="false" cyclomaticComplexity="0" nPathComplexity="0" sequenceCoverage="0.0" branchCoverage="0" crapScore="0" isConstructor="true" isStatic="false" isGetter="false" isSetter="false">
              <Summary numSequencePoints="1" visitedSequencePoints="0" numBranchPoints="0" visitedBranchPoints="0" sequenceCoverage="0.0" branchCoverage="0" maxCyclomaticComplexity="0" minCyclomaticComplexity="0" maxCrapScore="0" minCrapScore="0" visitedClasses="0" numClasses="0" visitedMethods="0" numMethods="1" />
              <MetadataToken>100663302</MetadataToken>
              <Name>Coin::Coin()</Name>
              <FileRef uid="5" />
              <SequencePoints>
                <SequencePoint vc="0" uspid="1163" ordinal="0" offset="0" sl="5" sc="22" el="5" ec="22" bec="0" bev="0" fileid="5" />
              </SequencePoints>
              <BranchPoints />
            </Method>
          </Methods>
        </Class>
        <Class>
          <Summary numSequencePoints="44" visitedSequencePoints="0" numBranchPoints="0" visitedBranchPoints="0" sequenceCoverage="0.0" branchCoverage="0.0" maxCyclomaticComplexity="0" minCyclomaticComplexity="0" maxCrapScore="0" minCrapScore="0" visitedClasses="0" numClasses="1" visitedMethods="0" numMethods="8" />
          <FullName>GameManager</FullName>
          <Methods>
            <Method visited="false" cyclomaticComplexity="0" nPathComplexity="0" sequenceCoverage="0.0" branchCoverage="0" crapScore="0" isConstructor="false" isStatic="false" isGetter="false" isSetter="false">
              <Summary numSequencePoints="7" visitedSequencePoints="0" numBranchPoints="0" visitedBranchPoints="0" sequenceCoverage="0.0" branchCoverage="0" maxCyclomaticComplexity="0" minCyclomaticComplexity="0" maxCrapScore="0" minCrapScore="0" visitedClasses="0" numClasses="0" visitedMethods="0" numMethods="1" />
              <MetadataToken>100663303</MetadataToken>
              <Name>System.Void GameManager::Start()</Name>
              <FileRef uid="6" />
              <SequencePoints>
                <SequencePoint vc="0" uspid="1164" ordinal="0" offset="0" sl="24" sc="0" el="24" ec="0" bec="0" bev="0" fileid="6" />
                <SequencePoint vc="0" uspid="1165" ordinal="0" offset="1" sl="25" sc="0" el="25" ec="0" bec="0" bev="0" fileid="6" />
                <SequencePoint vc="0" uspid="1166" ordinal="0" offset="8" sl="26" sc="0" el="26" ec="0" bec="0" bev="0" fileid="6" />
                <SequencePoint vc="0" uspid="1167" ordinal="0" offset="29" sl="27" sc="0" el="27" ec="0" bec="0" bev="0" fileid="6" />
                <SequencePoint vc="0" uspid="1168" ordinal="0" offset="41" sl="30" sc="0" el="30" ec="0" bec="0" bev="0" fileid="6" />
                <SequencePoint vc="0" uspid="1169" ordinal="0" offset="52" sl="31" sc="0" el="31" ec="0" bec="0" bev="0" fileid="6" />
                <SequencePoint vc="0" uspid="1170" ordinal="0" offset="59" sl="32" sc="0" el="32" ec="0" bec="0" bev="0" fileid="6" />
              </SequencePoints>
              <BranchPoints />
            </Method>
            <Method visited="false" cyclomaticComplexity="0" nPathComplexity="0" sequenceCoverage="0.0" branchCoverage="0" crapScore="0" isConstructor="false" isStatic="false" isGetter="false" isSetter="false">
              <Summary numSequencePoints="8" visitedSequencePoints="0" numBranchPoints="0" visitedBranchPoints="0" sequenceCoverage="0.0" branchCoverage="0" maxCyclomaticComplexity="0" minCyclomaticComplexity="0" maxCrapScore="0" minCrapScore="0" visitedClasses="0" numClasses="0" visitedMethods="0" numMethods="1" />
              <MetadataToken>100663304</MetadataToken>
              <Name>System.Void GameManager::Update()</Name>
              <FileRef uid="6" />
              <SequencePoints>
                <SequencePoint vc="0" uspid="1171" ordinal="0" offset="0" sl="34" sc="0" el="34" ec="0" bec="0" bev="0" fileid="6" />
                <SequencePoint vc="0" uspid="1172" ordinal="0" offset="1" sl="35" sc="0" el="35" ec="0" bec="0" bev="0" fileid="6" />
                <SequencePoint vc="0" uspid="1173" ordinal="0" offset="11" sl="36" sc="0" el="36" ec="0" bec="0" bev="0" fileid="6" />
                <SequencePoint vc="0" uspid="1174" ordinal="0" offset="12" sl="37" sc="0" el="37" ec="0" bec="0" bev="0" fileid="6" />
                <SequencePoint vc="0" uspid="1175" ordinal="0" offset="36" sl="40" sc="0" el="40" ec="0" bec="0" bev="0" fileid="6" />
                <SequencePoint vc="0" uspid="1176" ordinal="0" offset="77" sl="42" sc="0" el="42" ec="0" bec="0" bev="0" fileid="6" />
                <SequencePoint vc="0" uspid="1177" ordinal="0" offset="84" sl="43" sc="0" el="43" ec="0" bec="0" bev="0" fileid="6" />
                <SequencePoint vc="0" uspid="1178" ordinal="0" offset="85" sl="45" sc="0" el="45" ec="0" bec="0" bev="0" fileid="6" />
              </SequencePoints>
              <BranchPoints />
            </Method>
            <Method visited="false" cyclomaticComplexity="0" nPathComplexity="0" sequenceCoverage="0.0" branchCoverage="0" crapScore="0" isConstructor="false" isStatic="false" isGetter="false" isSetter="false">
              <Summary numSequencePoints="5" visitedSequencePoints="0" numBranchPoints="0" visitedBranchPoints="0" sequenceCoverage="0.0" branchCoverage="0" maxCyclomaticComplexity="0" minCyclomaticComplexity="0" maxCrapScore="0" minCrapScore="0" visitedClasses="0" numClasses="0" visitedMethods="0" numMethods="1" />
              <MetadataToken>100663305</MetadataToken>
              <Name>System.Void GameManager::IncrementScore()</Name>
              <FileRef uid="6" />
              <SequencePoints>
                <SequencePoint vc="0" uspid="1179" ordinal="0" offset="0" sl="49" sc="0" el="49" ec="0" bec="0" bev="0" fileid="6" />
                <SequencePoint vc="0" uspid="1180" ordinal="0" offset="1" sl="50" sc="0" el="50" ec="0" bec="0" bev="0" fileid="6" />
                <SequencePoint vc="0" uspid="1181" ordinal="0" offset="15" sl="51" sc="0" el="51" ec="0" bec="0" bev="0" fileid="6" />
                <SequencePoint vc="0" uspid="1182" ordinal="0" offset="48" sl="52" sc="0" el="52" ec="0" bec="0" bev="0" fileid="6" />
                <SequencePoint vc="0" uspid="1183" ordinal="0" offset="77" sl="53" sc="0" el="53" ec="0" bec="0" bev="0" fileid="6" />
              </SequencePoints>
              <BranchPoints />
            </Method>
            <Method visited="false" cyclomaticComplexity="0" nPathComplexity="0" sequenceCoverage="0.0" branchCoverage="0" crapScore="0" isConstructor="false" isStatic="false" isGetter="false" isSetter="false">
              <Summary numSequencePoints="3" visitedSequencePoints="0" numBranchPoints="0" visitedBranchPoints="0" sequenceCoverage="0.0" branchCoverage="0" maxCyclomaticComplexity="0" minCyclomaticComplexity="0" maxCrapScore="0" minCrapScore="0" visitedClasses="0" numClasses="0" visitedMethods="0" numMethods="1" />
              <MetadataToken>100663306</MetadataToken>
              <Name>System.Void GameManager::Awake()</Name>
              <FileRef uid="6" />
              <SequencePoints>
                <SequencePoint vc="0" uspid="1184" ordinal="0" offset="0" sl="56" sc="0" el="56" ec="0" bec="0" bev="0" fileid="6" />
                <SequencePoint vc="0" uspid="1185" ordinal="0" offset="1" sl="57" sc="0" el="57" ec="0" bec="0" bev="0" fileid="6" />
                <SequencePoint vc="0" uspid="1186" ordinal="0" offset="7" sl="58" sc="0" el="58" ec="0" bec="0" bev="0" fileid="6" />
              </SequencePoints>
              <BranchPoints />
            </Method>
            <Method visited="false" cyclomaticComplexity="0" nPathComplexity="0" sequenceCoverage="0.0" branchCoverage="0" crapScore="0" isConstructor="false" isStatic="false" isGetter="false" isSetter="false">
              <Summary numSequencePoints="12" visitedSequencePoints="0" numBranchPoints="0" visitedBranchPoints="0" sequenceCoverage="0.0" branchCoverage="0" maxCyclomaticComplexity="0" minCyclomaticComplexity="0" maxCrapScore="0" minCrapScore="0" visitedClasses="0" numClasses="0" visitedMethods="0" numMethods="1" />
              <MetadataToken>100663307</MetadataToken>
              <Name>System.Void GameManager::CheckMilestone()</Name>
              <FileRef uid="6" />
              <SequencePoints>
                <SequencePoint vc="0" uspid="1187" ordinal="0" offset="0" sl="61" sc="0" el="61" ec="0" bec="0" bev="0" fileid="6" />
                <SequencePoint vc="0" uspid="1188" ordinal="0" offset="1" sl="62" sc="0" el="62" ec="0" bec="0" bev="0" fileid="6" />
                <SequencePoint vc="0" uspid="1189" ordinal="0" offset="13" sl="64" sc="0" el="64" ec="0" bec="0" bev="0" fileid="6" />
                <SequencePoint vc="0" uspid="1190" ordinal="0" offset="21" sl="66" sc="0" el="66" ec="0" bec="0" bev="0" fileid="6" />
                <SequencePoint vc="0" uspid="1191" ordinal="0" offset="45" sl="67" sc="0" el="67" ec="0" bec="0" bev="0" fileid="6" />
                <SequencePoint vc="0" uspid="1192" ordinal="0" offset="46" sl="68" sc="0" el="68" ec="0" bec="0" bev="0" fileid="6" />
                <SequencePoint vc="0" uspid="1193" ordinal="0" offset="79" sl="69" sc="0" el="69" ec="0" bec="0" bev="0" fileid="6" />
                <SequencePoint vc="0" uspid="1194" ordinal="0" offset="80" sl="70" sc="0" el="70" ec="0" bec="0" bev="0" fileid="6" />
                <SequencePoint vc="0" uspid="1195" ordinal="0" offset="98" sl="71" sc="0" el="71" ec="0" bec="0" bev="0" fileid="6" />
                <SequencePoint vc="0" uspid="1196" ordinal="0" offset="99" sl="73" sc="0" el="73" ec="0" bec="0" bev="0" fileid="6" />
                <SequencePoint vc="0" uspid="1197" ordinal="0" offset="106" sl="75" sc="0" el="75" ec="0" bec="0" bev="0" fileid="6" />
                <SequencePoint vc="0" uspid="1198" ordinal="0" offset="107" sl="76" sc="0" el="76" ec="0" bec="0" bev="0" fileid="6" />
              </SequencePoints>
              <BranchPoints />
            </Method>
            <Method visited="false" cyclomaticComplexity="0" nPathComplexity="0" sequenceCoverage="0.0" branchCoverage="0" crapScore="0" isConstructor="false" isStatic="false" isGetter="false" isSetter="false">
              <Summary numSequencePoints="5" visitedSequencePoints="0" numBranchPoints="0" visitedBranchPoints="0" sequenceCoverage="0.0" branchCoverage="0" maxCyclomaticComplexity="0" minCyclomaticComplexity="0" maxCrapScore="0" minCrapScore="0" visitedClasses="0" numClasses="0" visitedMethods="0" numMethods="1" />
              <MetadataToken>100663308</MetadataToken>
              <Name>System.Void GameManager::GameOver()</Name>
              <FileRef uid="6" />
              <SequencePoints>
                <SequencePoint vc="0" uspid="1199" ordinal="0" offset="0" sl="79" sc="0" el="79" ec="0" bec="0" bev="0" fileid="6" />
                <SequencePoint vc="0" uspid="1200" ordinal="0" offset="1" sl="80" sc="0" el="80" ec="0" bec="0" bev="0" fileid="6" />
                <SequencePoint vc="0" uspid="1201" ordinal="0" offset="8" sl="81" sc="0" el="81" ec="0" bec="0" bev="0" fileid="6" />
                <SequencePoint vc="0" uspid="1202" ordinal="0" offset="26" sl="82" sc="0" el="82" ec="0" bec="0" bev="0" fileid="6" />
                <SequencePoint vc="0" uspid="1203" ordinal="0" offset="44" sl="83" sc="0" el="83" ec="0" bec="0" bev="0" fileid="6" />
              </SequencePoints>
              <BranchPoints />
            </Method>
            <Method visited="false" cyclomaticComplexity="0" nPathComplexity="0" sequenceCoverage="0.0" branchCoverage="0" crapScore="0" isConstructor="false" isStatic="false" isGetter="false" isSetter="false">
              <Summary numSequencePoints="3" visitedSequencePoints="0" numBranchPoints="0" visitedBranchPoints="0" sequenceCoverage="0.0" branchCoverage="0" maxCyclomaticComplexity="0" minCyclomaticComplexity="0" maxCrapScore="0" minCrapScore="0" visitedClasses="0" numClasses="0" visitedMethods="0" numMethods="1" />
              <MetadataToken>100663309</MetadataToken>
              <Name>System.Void GameManager::RestartGame()</Name>
              <FileRef uid="6" />
              <SequencePoints>
                <SequencePoint vc="0" uspid="1204" ordinal="0" offset="0" sl="86" sc="0" el="86" ec="0" bec="0" bev="0" fileid="6" />
                <SequencePoint vc="0" uspid="1205" ordinal="0" offset="1" sl="87" sc="0" el="87" ec="0" bec="0" bev="0" fileid="6" />
                <SequencePoint vc="0" uspid="1206" ordinal="0" offset="20" sl="88" sc="0" el="88" ec="0" bec="0" bev="0" fileid="6" />
              </SequencePoints>
              <BranchPoints />
            </Method>
            <Method visited="false" cyclomaticComplexity="0" nPathComplexity="0" sequenceCoverage="0.0" branchCoverage="0" crapScore="0" isConstructor="true" isStatic="false" isGetter="false" isSetter="false">
              <Summary numSequencePoints="1" visitedSequencePoints="0" numBranchPoints="0" visitedBranchPoints="0" sequenceCoverage="0.0" branchCoverage="0" maxCyclomaticComplexity="0" minCyclomaticComplexity="0" maxCrapScore="0" minCrapScore="0" visitedClasses="0" numClasses="0" visitedMethods="0" numMethods="1" />
              <MetadataToken>100663310</MetadataToken>
              <Name>GameManager::GameManager()</Name>
              <FileRef uid="6" />
              <SequencePoints>
                <SequencePoint vc="0" uspid="1207" ordinal="0" offset="0" sl="14" sc="5" el="14" ec="5" bec="0" bev="0" fileid="6" />
              </SequencePoints>
              <BranchPoints />
            </Method>
          </Methods>
        </Class>
        <Class>
          <Summary numSequencePoints="23" visitedSequencePoints="0" numBranchPoints="0" visitedBranchPoints="0" sequenceCoverage="0.0" branchCoverage="0.0" maxCyclomaticComplexity="0" minCyclomaticComplexity="0" maxCrapScore="0" minCrapScore="0" visitedClasses="0" numClasses="1" visitedMethods="0" numMethods="2" />
          <FullName>GroundSpawner</FullName>
          <Methods>
            <Method visited="false" cyclomaticComplexity="0" nPathComplexity="0" sequenceCoverage="0.0" branchCoverage="0" crapScore="0" isConstructor="false" isStatic="false" isGetter="false" isSetter="false">
              <Summary numSequencePoints="9" visitedSequencePoints="0" numBranchPoints="0" visitedBranchPoints="0" sequenceCoverage="0.0" branchCoverage="0" maxCyclomaticComplexity="0" minCyclomaticComplexity="0" maxCrapScore="0" minCrapScore="0" visitedClasses="0" numClasses="0" visitedMethods="0" numMethods="1" />
              <MetadataToken>100663311</MetadataToken>
              <Name>System.Void GroundSpawner::SpawnTile(System.Boolean)</Name>
              <FileRef uid="7" />
              <SequencePoints>
                <SequencePoint vc="0" uspid="1208" ordinal="0" offset="0" sl="9" sc="0" el="9" ec="0" bec="0" bev="0" fileid="7" />
                <SequencePoint vc="0" uspid="1209" ordinal="0" offset="1" sl="10" sc="0" el="10" ec="0" bec="0" bev="0" fileid="7" />
                <SequencePoint vc="0" uspid="1210" ordinal="0" offset="24" sl="11" sc="0" el="11" ec="0" bec="0" bev="0" fileid="7" />
                <SequencePoint vc="0" uspid="1211" ordinal="0" offset="52" sl="13" sc="0" el="13" ec="0" bec="0" bev="0" fileid="7" />
                <SequencePoint vc="0" uspid="1212" ordinal="0" offset="57" sl="14" sc="0" el="14" ec="0" bec="0" bev="0" fileid="7" />
                <SequencePoint vc="0" uspid="1213" ordinal="0" offset="58" sl="15" sc="0" el="15" ec="0" bec="0" bev="0" fileid="7" />
                <SequencePoint vc="0" uspid="1214" ordinal="0" offset="70" sl="16" sc="0" el="16" ec="0" bec="0" bev="0" fileid="7" />
                <SequencePoint vc="0" uspid="1215" ordinal="0" offset="82" sl="17" sc="0" el="17" ec="0" bec="0" bev="0" fileid="7" />
                <SequencePoint vc="0" uspid="1216" ordinal="0" offset="83" sl="18" sc="0" el="18" ec="0" bec="0" bev="0" fileid="7" />
              </SequencePoints>
              <BranchPoints />
            </Method>
            <Method visited="false" cyclomaticComplexity="0" nPathComplexity="0" sequenceCoverage="0.0" branchCoverage="0" crapScore="0" isConstructor="false" isStatic="false" isGetter="false" isSetter="false">
              <Summary numSequencePoints="14" visitedSequencePoints="0" numBranchPoints="0" visitedBranchPoints="0" sequenceCoverage="0.0" branchCoverage="0" maxCyclomaticComplexity="0" minCyclomaticComplexity="0" maxCrapScore="0" minCrapScore="0" visitedClasses="0" numClasses="0" visitedMethods="0" numMethods="1" />
              <MetadataToken>100663312</MetadataToken>
              <Name>System.Void GroundSpawner::Start()</Name>
              <FileRef uid="7" />
              <SequencePoints>
                <SequencePoint vc="0" uspid="1217" ordinal="0" offset="0" sl="20" sc="0" el="20" ec="0" bec="0" bev="0" fileid="7" />
                <SequencePoint vc="0" uspid="1218" ordinal="0" offset="1" sl="21" sc="0" el="21" ec="0" bec="0" bev="0" fileid="7" />
                <SequencePoint vc="0" uspid="1219" ordinal="0" offset="5" sl="22" sc="0" el="22" ec="0" bec="0" bev="0" fileid="7" />
                <SequencePoint vc="0" uspid="1220" ordinal="0" offset="6" sl="23" sc="0" el="23" ec="0" bec="0" bev="0" fileid="7" />
                <SequencePoint vc="0" uspid="1221" ordinal="0" offset="14" sl="24" sc="0" el="24" ec="0" bec="0" bev="0" fileid="7" />
                <SequencePoint vc="0" uspid="1222" ordinal="0" offset="15" sl="25" sc="0" el="25" ec="0" bec="0" bev="0" fileid="7" />
                <SequencePoint vc="0" uspid="1223" ordinal="0" offset="23" sl="26" sc="0" el="26" ec="0" bec="0" bev="0" fileid="7" />
                <SequencePoint vc="0" uspid="1224" ordinal="0" offset="26" sl="28" sc="0" el="28" ec="0" bec="0" bev="0" fileid="7" />
                <SequencePoint vc="0" uspid="1225" ordinal="0" offset="27" sl="29" sc="0" el="29" ec="0" bec="0" bev="0" fileid="7" />
                <SequencePoint vc="0" uspid="1226" ordinal="0" offset="35" sl="30" sc="0" el="30" ec="0" bec="0" bev="0" fileid="7" />
                <SequencePoint vc="0" uspid="1227" ordinal="0" offset="36" sl="31" sc="0" el="31" ec="0" bec="0" bev="0" fileid="7" />
                <SequencePoint vc="0" uspid="1228" ordinal="0" offset="37" sl="21" sc="0" el="21" ec="0" bec="0" bev="0" fileid="7" />
                <SequencePoint vc="0" uspid="1229" ordinal="0" offset="41" sl="21" sc="0" el="21" ec="0" bec="0" bev="0" fileid="7" />
                <SequencePoint vc="0" uspid="1230" ordinal="0" offset="50" sl="32" sc="0" el="32" ec="0" bec="0" bev="0" fileid="7" />
              </SequencePoints>
              <BranchPoints />
            </Method>
          </Methods>
        </Class>
        <Class>
          <Summary numSequencePoints="53" visitedSequencePoints="0" numBranchPoints="0" visitedBranchPoints="0" sequenceCoverage="0.0" branchCoverage="0.0" maxCyclomaticComplexity="0" minCyclomaticComplexity="0" maxCrapScore="0" minCrapScore="0" visitedClasses="0" numClasses="1" visitedMethods="0" numMethods="6" />
          <FullName>GroundTile</FullName>
          <Methods>
            <Method visited="false" cyclomaticComplexity="0" nPathComplexity="0" sequenceCoverage="0.0" branchCoverage="0" crapScore="0" isConstructor="false" isStatic="false" isGetter="false" isSetter="false">
              <Summary numSequencePoints="14" visitedSequencePoints="0" numBranchPoints="0" visitedBranchPoints="0" sequenceCoverage="0.0" branchCoverage="0" maxCyclomaticComplexity="0" minCyclomaticComplexity="0" maxCrapScore="0" minCrapScore="0" visitedClasses="0" numClasses="0" visitedMethods="0" numMethods="1" />
              <MetadataToken>100663314</MetadataToken>
              <Name>System.Void GroundTile::Awake()</Name>
              <FileRef uid="8" />
              <SequencePoints>
                <SequencePoint vc="0" uspid="1231" ordinal="0" offset="0" sl="12" sc="0" el="12" ec="0" bec="0" bev="0" fileid="8" />
                <SequencePoint vc="0" uspid="1232" ordinal="0" offset="1" sl="14" sc="0" el="14" ec="0" bec="0" bev="0" fileid="8" />
                <SequencePoint vc="0" uspid="1233" ordinal="0" offset="12" sl="15" sc="0" el="15" ec="0" bec="0" bev="0" fileid="8" />
                <SequencePoint vc="0" uspid="1234" ordinal="0" offset="25" sl="16" sc="0" el="16" ec="0" bec="0" bev="0" fileid="8" />
                <SequencePoint vc="0" uspid="1235" ordinal="0" offset="26" sl="17" sc="0" el="17" ec="0" bec="0" bev="0" fileid="8" />
                <SequencePoint vc="0" uspid="1236" ordinal="0" offset="37" sl="18" sc="0" el="18" ec="0" bec="0" bev="0" fileid="8" />
                <SequencePoint vc="0" uspid="1237" ordinal="0" offset="45" sl="19" sc="0" el="19" ec="0" bec="0" bev="0" fileid="8" />
                <SequencePoint vc="0" uspid="1238" ordinal="0" offset="47" sl="21" sc="0" el="21" ec="0" bec="0" bev="0" fileid="8" />
                <SequencePoint vc="0" uspid="1239" ordinal="0" offset="59" sl="22" sc="0" el="22" ec="0" bec="0" bev="0" fileid="8" />
                <SequencePoint vc="0" uspid="1240" ordinal="0" offset="77" sl="23" sc="0" el="23" ec="0" bec="0" bev="0" fileid="8" />
                <SequencePoint vc="0" uspid="1241" ordinal="0" offset="78" sl="24" sc="0" el="24" ec="0" bec="0" bev="0" fileid="8" />
                <SequencePoint vc="0" uspid="1242" ordinal="0" offset="89" sl="25" sc="0" el="25" ec="0" bec="0" bev="0" fileid="8" />
                <SequencePoint vc="0" uspid="1243" ordinal="0" offset="97" sl="26" sc="0" el="26" ec="0" bec="0" bev="0" fileid="8" />
                <SequencePoint vc="0" uspid="1244" ordinal="0" offset="99" sl="29" sc="0" el="29" ec="0" bec="0" bev="0" fileid="8" />
              </SequencePoints>
              <BranchPoints />
            </Method>
[...]
                <SequencePoint vc="0" uspid="1289" ordinal="0" offset="37" sl="17" sc="0" el="17" ec="0" bec="0" bev="0" fileid="9" />
                <SequencePoint vc="0" uspid="1290" ordinal="0" offset="45" sl="18" sc="0" el="18" ec="0" bec="0" bev="0" fileid="9" />
                <SequencePoint vc="0" uspid="1291" ordinal="0" offset="47" sl="20" sc="0" el="20" ec="0" bec="0" bev="0" fileid="9" />
                <SequencePoint vc="0" uspid="1292" ordinal="0" offset="59" sl="22" sc="0" el="22" ec="0" bec="0" bev="0" fileid="9" />
                <SequencePoint vc="0" uspid="1293" ordinal="0" offset="72" sl="23" sc="0" el="23" ec="0" bec="0" bev="0" fileid="9" />
                <SequencePoint vc="0" uspid="1294" ordinal="0" offset="73" sl="24" sc="0" el="24" ec="0" bec="0" bev="0" fileid="9" />
                <SequencePoint vc="0" uspid="1295" ordinal="0" offset="84" sl="25" sc="0" el="25" ec="0" bec="0" bev="0" fileid="9" />
                <SequencePoint vc="0" uspid="1296" ordinal="0" offset="92" sl="26" sc="0" el="26" ec="0" bec="0" bev="0" fileid="9" />
                <SequencePoint vc="0" uspid="1297" ordinal="0" offset="94" sl="29" sc="0" el="29" ec="0" bec="0" bev="0" fileid="9" />
              </SequencePoints>
              <BranchPoints />
            </Method>
            <Method visited="false" cyclomaticComplexity="0" nPathComplexity="0" sequenceCoverage="0.0" branchCoverage="0" crapScore="0" isConstructor="false" isStatic="false" isGetter="false" isSetter="false">
              <Summary numSequencePoints="3" visitedSequencePoints="0" numBranchPoints="0" visitedBranchPoints="0" sequenceCoverage="0.0" branchCoverage="0" maxCyclomaticComplexity="0" minCyclomaticComplexity="0" maxCrapScore="0" minCrapScore="0" visitedClasses="0" numClasses="0" visitedMethods="0" numMethods="1" />
              <MetadataToken>100663322</MetadataToken>
              <Name>System.Void Obstacle::OnCollisionEnter(UnityEngine.Collision)</Name>
              <FileRef uid="9" />
              <SequencePoints>
                <SequencePoint vc="0" uspid="1298" ordinal="0" offset="0" sl="32" sc="0" el="32" ec="0" bec="0" bev="0" fileid="9" />
                <SequencePoint vc="0" uspid="1299" ordinal="0" offset="1" sl="33" sc="0" el="33" ec="0" bec="0" bev="0" fileid="9" />
                <SequencePoint vc="0" uspid="1300" ordinal="0" offset="14" sl="34" sc="0" el="34" ec="0" bec="0" bev="0" fileid="9" />
              </SequencePoints>
              <BranchPoints />
            </Method>
            <Method visited="false" cyclomaticComplexity="0" nPathComplexity="0" sequenceCoverage="0.0" branchCoverage="0" crapScore="0" isConstructor="false" isStatic="false" isGetter="false" isSetter="false">
              <Summary numSequencePoints="7" visitedSequencePoints="0" numBranchPoints="0" visitedBranchPoints="0" sequenceCoverage="0.0" branchCoverage="0" maxCyclomaticComplexity="0" minCyclomaticComplexity="0" maxCrapScore="0" minCrapScore="0" visitedClasses="0" numClasses="0" visitedMethods="0" numMethods="1" />
              <MetadataToken>100663323</MetadataToken>
              <Name>System.Void Obstacle::CheckCollision(UnityEngine.GameObject)</Name>
              <FileRef uid="9" />
              <SequencePoints>
                <SequencePoint vc="0" uspid="1301" ordinal="0" offset="0" sl="37" sc="5" el="37" ec="5" bec="0" bev="0" fileid="9" />
                <SequencePoint vc="0" uspid="1302" ordinal="0" offset="1" sl="38" sc="9" el="38" ec="9" bec="0" bev="0" fileid="9" />
                <SequencePoint vc="0" uspid="1303" ordinal="0" offset="21" sl="39" sc="9" el="39" ec="9" bec="0" bev="0" fileid="9" />
                <SequencePoint vc="0" uspid="1304" ordinal="0" offset="22" sl="40" sc="13" el="40" ec="13" bec="0" bev="0" fileid="9" />
                <SequencePoint vc="0" uspid="1305" ordinal="0" offset="35" sl="40" sc="41" el="40" ec="41" bec="0" bev="0" fileid="9" />
                <SequencePoint vc="0" uspid="1306" ordinal="0" offset="47" sl="41" sc="9" el="41" ec="9" bec="0" bev="0" fileid="9" />
                <SequencePoint vc="0" uspid="1307" ordinal="0" offset="48" sl="42" sc="5" el="42" ec="5" bec="0" bev="0" fileid="9" />
              </SequencePoints>
              <BranchPoints />
            </Method>
          </Methods>
        </Class>
        <Class>
          <Summary numSequencePoints="70" visitedSequencePoints="0" numBranchPoints="0" visitedBranchPoints="0" sequenceCoverage="0.0" branchCoverage="0.0" maxCyclomaticComplexity="0" minCyclomaticComplexity="0" maxCrapScore="0" minCrapScore="0" visitedClasses="0" numClasses="1" visitedMethods="0" numMethods="7" />
          <FullName>PlayerMovement</FullName>
          <Methods>
            <Method visited="false" cyclomaticComplexity="0" nPathComplexity="0" sequenceCoverage="0.0" branchCoverage="0" crapScore="0" isConstructor="false" isStatic="false" isGetter="false" isSetter="false">
              <Summary numSequencePoints="17" visitedSequencePoints="0" numBranchPoints="0" visitedBranchPoints="0" sequenceCoverage="0.0" branchCoverage="0" maxCyclomaticComplexity="0" minCyclomaticComplexity="0" maxCrapScore="0" minCrapScore="0" visitedClasses="0" numClasses="0" visitedMethods="0" numMethods="1" />
              <MetadataToken>100663325</MetadataToken>
              <Name>System.Void PlayerMovement::Awake()</Name>
              <FileRef uid="10" />
              <SequencePoints>
                <SequencePoint vc="0" uspid="1308" ordinal="0" offset="0" sl="25" sc="0" el="25" ec="0" bec="0" bev="0" fileid="10" />
                <SequencePoint vc="0" uspid="1309" ordinal="0" offset="1" sl="26" sc="0" el="26" ec="0" bec="0" bev="0" fileid="10" />
                <SequencePoint vc="0" uspid="1310" ordinal="0" offset="13" sl="27" sc="0" el="27" ec="0" bec="0" bev="0" fileid="10" />
                <SequencePoint vc="0" uspid="1311" ordinal="0" offset="25" sl="28" sc="0" el="28" ec="0" bec="0" bev="0" fileid="10" />
                <SequencePoint vc="0" uspid="1312" ordinal="0" offset="37" sl="29" sc="0" el="29" ec="0" bec="0" bev="0" fileid="10" />
                <SequencePoint vc="0" uspid="1313" ordinal="0" offset="58" sl="30" sc="0" el="30" ec="0" bec="0" bev="0" fileid="10" />
                <SequencePoint vc="0" uspid="1314" ordinal="0" offset="79" sl="32" sc="0" el="32" ec="0" bec="0" bev="0" fileid="10" />
                <SequencePoint vc="0" uspid="1315" ordinal="0" offset="97" sl="33" sc="0" el="33" ec="0" bec="0" bev="0" fileid="10" />
                <SequencePoint vc="0" uspid="1316" ordinal="0" offset="98" sl="34" sc="0" el="34" ec="0" bec="0" bev="0" fileid="10" />
                <SequencePoint vc="0" uspid="1317" ordinal="0" offset="109" sl="35" sc="0" el="35" ec="0" bec="0" bev="0" fileid="10" />
                <SequencePoint vc="0" uspid="1318" ordinal="0" offset="117" sl="36" sc="0" el="36" ec="0" bec="0" bev="0" fileid="10" />
                <SequencePoint vc="0" uspid="1319" ordinal="0" offset="119" sl="38" sc="0" el="38" ec="0" bec="0" bev="0" fileid="10" />
                <SequencePoint vc="0" uspid="1320" ordinal="0" offset="137" sl="39" sc="0" el="39" ec="0" bec="0" bev="0" fileid="10" />
                <SequencePoint vc="0" uspid="1321" ordinal="0" offset="138" sl="40" sc="0" el="40" ec="0" bec="0" bev="0" fileid="10" />
                <SequencePoint vc="0" uspid="1322" ordinal="0" offset="149" sl="41" sc="0" el="41" ec="0" bec="0" bev="0" fileid="10" />
                <SequencePoint vc="0" uspid="1323" ordinal="0" offset="157" sl="42" sc="0" el="42" ec="0" bec="0" bev="0" fileid="10" />
                <SequencePoint vc="0" uspid="1324" ordinal="0" offset="159" sl="45" sc="0" el="45" ec="0" bec="0" bev="0" fileid="10" />
              </SequencePoints>
              <BranchPoints />
            </Method>
            <Method visited="false" cyclomaticComplexity="0" nPathComplexity="0" sequenceCoverage="0.0" branchCoverage="0" crapScore="0" isConstructor="false" isStatic="false" isGetter="false" isSetter="false">
              <Summary numSequencePoints="11" visitedSequencePoints="0" numBranchPoints="0" visitedBranchPoints="0" sequenceCoverage="0.0" branchCoverage="0" maxCyclomaticComplexity="0" minCyclomaticComplexity="0" maxCrapScore="0" minCrapScore="0" visitedClasses="0" numClasses="0" visitedMethods="0" numMethods="1" />
              <MetadataToken>100663326</MetadataToken>
              <Name>System.Void PlayerMovement::Update()</Name>
              <FileRef uid="10" />
              <SequencePoints>
                <SequencePoint vc="0" uspid="1325" ordinal="0" offset="0" sl="47" sc="0" el="47" ec="0" bec="0" bev="0" fileid="10" />
                <SequencePoint vc="0" uspid="1326" ordinal="0" offset="1" sl="48" sc="0" el="48" ec="0" bec="0" bev="0" fileid="10" />
                <SequencePoint vc="0" uspid="1327" ordinal="0" offset="17" sl="50" sc="0" el="50" ec="0" bec="0" bev="0" fileid="10" />
                <SequencePoint vc="0" uspid="1328" ordinal="0" offset="28" sl="51" sc="0" el="51" ec="0" bec="0" bev="0" fileid="10" />
                <SequencePoint vc="0" uspid="1329" ordinal="0" offset="29" sl="52" sc="0" el="52" ec="0" bec="0" bev="0" fileid="10" />
                <SequencePoint vc="0" uspid="1330" ordinal="0" offset="36" sl="53" sc="0" el="53" ec="0" bec="0" bev="0" fileid="10" />
                <SequencePoint vc="0" uspid="1331" ordinal="0" offset="37" sl="55" sc="0" el="55" ec="0" bec="0" bev="0" fileid="10" />
                <SequencePoint vc="0" uspid="1332" ordinal="0" offset="64" sl="56" sc="0" el="56" ec="0" bec="0" bev="0" fileid="10" />
                <SequencePoint vc="0" uspid="1333" ordinal="0" offset="65" sl="57" sc="0" el="57" ec="0" bec="0" bev="0" fileid="10" />
                <SequencePoint vc="0" uspid="1334" ordinal="0" offset="72" sl="58" sc="0" el="58" ec="0" bec="0" bev="0" fileid="10" />
                <SequencePoint vc="0" uspid="1335" ordinal="0" offset="73" sl="59" sc="0" el="59" ec="0" bec="0" bev="0" fileid="10" />
              </SequencePoints>
              <BranchPoints />
            </Method>
            <Method visited="false" cyclomaticComplexity="0" nPathComplexity="0" sequenceCoverage="0.0" branchCoverage="0" crapScore="0" isConstructor="false" isStatic="false" isGetter="false" isSetter="false">
              <Summary numSequencePoints="14" visitedSequencePoints="0" numBranchPoints="0" visitedBranchPoints="0" sequenceCoverage="0.0" branchCoverage="0" maxCyclomaticComplexity="0" minCyclomaticComplexity="0" maxCrapScore="0" minCrapScore="0" visitedClasses="0" numClasses="0" visitedMethods="0" numMethods="1" />
              <MetadataToken>100663327</MetadataToken>
              <Name>System.Void PlayerMovement::FixedUpdate()</Name>
              <FileRef uid="10" />
              <SequencePoints>
                <SequencePoint vc="0" uspid="1336" ordinal="0" offset="0" sl="61" sc="0" el="61" ec="0" bec="0" bev="0" fileid="10" />
                <SequencePoint vc="0" uspid="1337" ordinal="0" offset="1" sl="62" sc="0" el="62" ec="0" bec="0" bev="0" fileid="10" />
                <SequencePoint vc="0" uspid="1338" ordinal="0" offset="14" sl="62" sc="0" el="62" ec="0" bec="0" bev="0" fileid="10" />
                <SequencePoint vc="0" uspid="1339" ordinal="0" offset="19" sl="64" sc="0" el="64" ec="0" bec="0" bev="0" fileid="10" />
                <SequencePoint vc="0" uspid="1340" ordinal="0" offset="47" sl="65" sc="0" el="65" ec="0" bec="0" bev="0" fileid="10" />
                <SequencePoint vc="0" uspid="1341" ordinal="0" offset="80" sl="66" sc="0" el="66" ec="0" bec="0" bev="0" fileid="10" />
                <SequencePoint vc="0" uspid="1342" ordinal="0" offset="157" sl="68" sc="0" el="68" ec="0" bec="0" bev="0" fileid="10" />
                <SequencePoint vc="0" uspid="1343" ordinal="0" offset="158" sl="69" sc="0" el="69" ec="0" bec="0" bev="0" fileid="10" />
                <SequencePoint vc="0" uspid="1344" ordinal="0" offset="169" sl="70" sc="0" el="70" ec="0" bec="0" bev="0" fileid="10" />
                <SequencePoint vc="0" uspid="1345" ordinal="0" offset="170" sl="71" sc="0" el="71" ec="0" bec="0" bev="0" fileid="10" />
                <SequencePoint vc="0" uspid="1346" ordinal="0" offset="225" sl="73" sc="0" el="73" ec="0" bec="0" bev="0" fileid="10" />
                <SequencePoint vc="0" uspid="1347" ordinal="0" offset="260" sl="75" sc="0" el="75" ec="0" bec="0" bev="0" fileid="10" />
                <SequencePoint vc="0" uspid="1348" ordinal="0" offset="272" sl="76" sc="0" el="76" ec="0" bec="0" bev="0" fileid="10" />
                <SequencePoint vc="0" uspid="1349" ordinal="0" offset="284" sl="77" sc="0" el="77" ec="0" bec="0" bev="0" fileid="10" />
              </SequencePoints>
              <BranchPoints />
            </Method>
            <Method visited="false" cyclomaticComplexity="0" nPathComplexity="0" sequenceCoverage="0.0" branchCoverage="0" crapScore="0" isConstructor="false" isStatic="false" isGetter="false" isSetter="false">
              <Summary numSequencePoints="6" visitedSequencePoints="0" numBranchPoints="0" visitedBranchPoints="0" sequenceCoverage="0.0" branchCoverage="0" maxCyclomaticComplexity="0" minCyclomaticComplexity="0" maxCrapScore="0" minCrapScore="0" visitedClasses="0" numClasses="0" visitedMethods="0" numMethods="1" />
              <MetadataToken>100663328</MetadataToken>
              <Name>System.Void PlayerMovement::OnTriggerEnter(UnityEngine.Collider)</Name>
              <FileRef uid="10" />
              <SequencePoints>
                <SequencePoint vc="0" uspid="1350" ordinal="0" offset="0" sl="80" sc="0" el="80" ec="0" bec="0" bev="0" fileid="10" />
                <SequencePoint vc="0" uspid="1351" ordinal="0" offset="1" sl="81" sc="0" el="81" ec="0" bec="0" bev="0" fileid="10" />
                <SequencePoint vc="0" uspid="1352" ordinal="0" offset="21" sl="82" sc="0" el="82" ec="0" bec="0" bev="0" fileid="10" />
                <SequencePoint vc="0" uspid="1353" ordinal="0" offset="22" sl="83" sc="0" el="83" ec="0" bec="0" bev="0" fileid="10" />
                <SequencePoint vc="0" uspid="1354" ordinal="0" offset="29" sl="84" sc="0" el="84" ec="0" bec="0" bev="0" fileid="10" />
                <SequencePoint vc="0" uspid="1355" ordinal="0" offset="30" sl="85" sc="0" el="85" ec="0" bec="0" bev="0" fileid="10" />
              </SequencePoints>
              <BranchPoints />
            </Method>
            <Method visited="false" cyclomaticComplexity="0" nPathComplexity="0" sequenceCoverage="0.0" branchCoverage="0" crapScore="0" isConstructor="false" isStatic="false" isGetter="false" isSetter="false">
              <Summary numSequencePoints="12" visitedSequencePoints="0" numBranchPoints="0" visitedBranchPoints="0" sequenceCoverage="0.0" branchCoverage="0" maxCyclomaticComplexity="0" minCyclomaticComplexity="0" maxCrapScore="0" minCrapScore="0" visitedClasses="0" numClasses="0" visitedMethods="0" numMethods="1" />
              <MetadataToken>100663329</MetadataToken>
              <Name>System.Void PlayerMovement::Die()</Name>
              <FileRef uid="10" />
              <SequencePoints>
                <SequencePoint vc="0" uspid="1356" ordinal="0" offset="0" sl="88" sc="0" el="88" ec="0" bec="0" bev="0" fileid="10" />
                <SequencePoint vc="0" uspid="1357" ordinal="0" offset="1" sl="89" sc="0" el="89" ec="0" bec="0" bev="0" fileid="10" />
                <SequencePoint vc="0" uspid="1358" ordinal="0" offset="14" sl="89" sc="0" el="89" ec="0" bec="0" bev="0" fileid="10" />
                <SequencePoint vc="0" uspid="1359" ordinal="0" offset="16" sl="90" sc="0" el="90" ec="0" bec="0" bev="0" fileid="10" />
                <SequencePoint vc="0" uspid="1360" ordinal="0" offset="23" sl="92" sc="0" el="92" ec="0" bec="0" bev="0" fileid="10" />
                <SequencePoint vc="0" uspid="1361" ordinal="0" offset="41" sl="93" sc="0" el="93" ec="0" bec="0" bev="0" fileid="10" />
                <SequencePoint vc="0" uspid="1362" ordinal="0" offset="59" sl="94" sc="0" el="94" ec="0" bec="0" bev="0" fileid="10" />
                <SequencePoint vc="0" uspid="1363" ordinal="0" offset="71" sl="95" sc="0" el="95" ec="0" bec="0" bev="0" fileid="10" />
                <SequencePoint vc="0" uspid="1364" ordinal="0" offset="94" sl="96" sc="0" el="96" ec="0" bec="0" bev="0" fileid="10" />
                <SequencePoint vc="0" uspid="1365" ordinal="0" offset="106" sl="97" sc="0" el="97" ec="0" bec="0" bev="0" fileid="10" />
                <SequencePoint vc="0" uspid="1366" ordinal="0" offset="118" sl="98" sc="0" el="98" ec="0" bec="0" bev="0" fileid="10" />
                <SequencePoint vc="0" uspid="1367" ordinal="0" offset="130" sl="99" sc="0" el="99" ec="0" bec="0" bev="0" fileid="10" />
              </SequencePoints>
              <BranchPoints />
            </Method>
            <Method visited="false" cyclomaticComplexity="0" nPathComplexity="0" sequenceCoverage="0.0" branchCoverage="0" crapScore="0" isConstructor="false" isStatic="false" isGetter="false" isSetter="false">
              <Summary numSequencePoints="6" visitedSequencePoints="0" numBranchPoints="0" visitedBranchPoints="0" sequenceCoverage="0.0" branchCoverage="0" maxCyclomaticComplexity="0" minCyclomaticComplexity="0" maxCrapScore="0" minCrapScore="0" visitedClasses="0" numClasses="0" visitedMethods="0" numMethods="1" />
              <MetadataToken>100663330</MetadataToken>
              <Name>System.Void PlayerMovement::Jump()</Name>
              <FileRef uid="10" />
              <SequencePoints>
                <SequencePoint vc="0" uspid="1368" ordinal="0" offset="0" sl="102" sc="0" el="102" ec="0" bec="0" bev="0" fileid="10" />
                <SequencePoint vc="0" uspid="1369" ordinal="0" offset="1" sl="103" sc="0" el="103" ec="0" bec="0" bev="0" fileid="10" />
                <SequencePoint vc="0" uspid="1370" ordinal="0" offset="26" sl="104" sc="0" el="104" ec="0" bec="0" bev="0" fileid="10" />
                <SequencePoint vc="0" uspid="1371" ordinal="0" offset="72" sl="106" sc="0" el="106" ec="0" bec="0" bev="0" fileid="10" />
                <SequencePoint vc="0" uspid="1372" ordinal="0" offset="101" sl="107" sc="0" el="107" ec="0" bec="0" bev="0" fileid="10" />
                <SequencePoint vc="0" uspid="1373" ordinal="0" offset="108" sl="108" sc="0" el="108" ec="0" bec="0" bev="0" fileid="10" />
              </SequencePoints>
              <BranchPoints />
            </Method>
            <Method visited="false" cyclomaticComplexity="0" nPathComplexity="0" sequenceCoverage="0.0" branchCoverage="0" crapScore="0" isConstructor="true" isStatic="false" isGetter="false" isSetter="false">
              <Summary numSequencePoints="4" visitedSequencePoints="0" numBranchPoints="0" visitedBranchPoints="0" sequenceCoverage="0.0" branchCoverage="0" maxCyclomaticComplexity="0" minCyclomaticComplexity="0" maxCrapScore="0" minCrapScore="0" visitedClasses="0" numClasses="0" visitedMethods="0" numMethods="1" />
              <MetadataToken>100663331</MetadataToken>
              <Name>PlayerMovement::PlayerMovement()</Name>
              <FileRef uid="10" />
              <SequencePoints>
                <SequencePoint vc="0" uspid="1374" ordinal="0" offset="0" sl="7" sc="5" el="7" ec="5" bec="0" bev="0" fileid="10" />
                <SequencePoint vc="0" uspid="1375" ordinal="0" offset="7" sl="8" sc="5" el="8" ec="5" bec="0" bev="0" fileid="10" />
                <SequencePoint vc="0" uspid="1376" ordinal="0" offset="18" sl="13" sc="5" el="13" ec="5" bec="0" bev="0" fileid="10" />
                <SequencePoint vc="0" uspid="1377" ordinal="0" offset="29" sl="16" sc="22" el="16" ec="22" bec="0" bev="0" fileid="10" />
              </SequencePoints>
              <BranchPoints />
            </Method>
          </Methods>
        </Class>
      </Classes>
    </Module>
  </Modules>
</CoverageSession>