<?xml version="1.0" encoding="utf-8"?>
<CoverageSession xmlns:xsd="http://www.w3.org/2001/XMLSchema" xmlns:xsi="http://www.w3.org/2001/XMLSchema-instance" Version="0.0.0.0">
  <Summary numSequencePoints="315" visitedSequencePoints="0" numBranchPoints="0" visitedBranchPoints="0" sequenceCoverage="0.0" branchCoverage="0.0" maxCyclomaticComplexity="0" minCyclomaticComplexity="0" maxCrapScore="0" minCrapScore="0" visitedClasses="0" numClasses="10" visitedMethods="0" numMethods="48" />
  <Modules>
    <Module>
      <Summary numSequencePoints="99" visitedSequencePoints="0" numBranchPoints="0" visitedBranchPoints="0" sequenceCoverage="0.0" branchCoverage="0.0" maxCyclomaticComplexity="0" minCyclomaticComplexity="0" maxCrapScore="0" minCrapScore="0" visitedClasses="0" numClasses="1" visitedMethods="0" numMethods="14" />
      <ModuleTime>0001-01-01T00:00:00</ModuleTime>
      <ModuleName>Assembly-CSharp-Editor</ModuleName>
      <Files>
        <File uid="1" fullPath="C:/Ahuntsic/Jeux Vidéos/EndlessRunner/Assets/TutorialInfo/Scripts/Editor/ReadmeEditor.cs" />
      </Files>
      <Classes>
        <Class>
          <Summary numSequencePoints="99" visitedSequencePoints="0" numBranchPoints="0" visitedBranchPoints="0" sequenceCoverage="0.0" branchCoverage="0.0" maxCyclomaticComplexity="0" minCyclomaticComplexity="0" maxCrapScore="0" minCrapScore="0" visitedClasses="0" numClasses="1" visitedMethods="0" numMethods="14" />
          <FullName>ReadmeEditor</FullName>
          <Methods>
            <Method visited="false" cyclomaticComplexity="0" nPathComplexity="0" sequenceCoverage="0.0" branchCoverage="0" crapScore="0" isConstructor="false" isStatic="true" isGetter="false" isSetter="false">
              <Summary numSequencePoints="12" visitedSequencePoints="0" numBranchPoints="0" visitedBranchPoints="0" sequenceCoverage="0.0" branchCoverage="0" maxCyclomaticComplexity="0" minCyclomaticComplexity="0" maxCrapScore="0" minCrapScore="0" visitedClasses="0" numClasses="0" visitedMethods="0" numMethods="1" />
              <MetadataToken>100663298</MetadataToken>
              <Name>static System.Void ReadmeEditor::RemoveTutorial()</Name>
              <FileRef uid="1" />
              <SequencePoints>
                <SequencePoint vc="0" uspid="1" ordinal="0" offset="0" sl="23" sc="0" el="23" ec="0" bec="0" bev="0" fileid="1" />
                <SequencePoint vc="0" uspid="2" ordinal="0" offset="42" sl="29" sc="0" el="29" ec="0" bec="0" bev="0" fileid="1" />
                <SequencePoint vc="0" uspid="3" ordinal="0" offset="54" sl="31" sc="0" el="31" ec="0" bec="0" bev="0" fileid="1" />
                <SequencePoint vc="0" uspid="4" ordinal="0" offset="65" sl="32" sc="0" el="32" ec="0" bec="0" bev="0" fileid="1" />
                <SequencePoint vc="0" uspid="5" ordinal="0" offset="88" sl="36" sc="0" el="36" ec="0" bec="0" bev="0" fileid="1" />
                <SequencePoint vc="0" uspid="6" ordinal="0" offset="108" sl="39" sc="0" el="39" ec="0" bec="0" bev="0" fileid="1" />
                <SequencePoint vc="0" uspid="7" ordinal="0" offset="114" sl="40" sc="0" el="40" ec="0" bec="0" bev="0" fileid="1" />
                <SequencePoint vc="0" uspid="8" ordinal="0" offset="123" sl="42" sc="0" el="42" ec="0" bec="0" bev="0" fileid="1" />
                <SequencePoint vc="0" uspid="9" ordinal="0" offset="129" sl="43" sc="0" el="43" ec="0" bec="0" bev="0" fileid="1" />
                <SequencePoint vc="0" uspid="10" ordinal="0" offset="146" sl="44" sc="0" el="44" ec="0" bec="0" bev="0" fileid="1" />
                <SequencePoint vc="0" uspid="11" ordinal="0" offset="152" sl="47" sc="0" el="47" ec="0" bec="0" bev="0" fileid="1" />
                <SequencePoint vc="0" uspid="12" ordinal="0" offset="157" sl="49" sc="0" el="49" ec="0" bec="0" bev="0" fileid="1" />
              </SequencePoints>
              <BranchPoints />
            </Method>
            <Method visited="false" cyclomaticComplexity="0" nPathComplexity="0" sequenceCoverage="0.0" branchCoverage="0" crapScore="0" isConstructor="false" isStatic="true" isGetter="false" isSetter="false">
              <Summary numSequencePoints="7" visitedSequencePoints="0" numBranchPoints="0" visitedBranchPoints="0" sequenceCoverage="0.0" branchCoverage="0" maxCyclomaticComplexity="0" minCyclomaticComplexity="0" maxCrapScore="0" minCrapScore="0" visitedClasses="0" numClasses="0" visitedMethods="0" numMethods="1" />
              <MetadataToken>100663299</MetadataToken>
              <Name>static System.Void ReadmeEditor::SelectReadmeAutomatically()</Name>
              <FileRef uid="1" />
              <SequencePoints>
                <SequencePoint vc="0" uspid="13" ordinal="0" offset="0" sl="53" sc="9" el="53" ec="9" bec="0" bev="0" fileid="1" />
                <SequencePoint vc="0" uspid="14" ordinal="0" offset="13" sl="55" sc="13" el="55" ec="13" bec="0" bev="0" fileid="1" />
                <SequencePoint vc="0" uspid="15" ordinal="0" offset="19" sl="56" sc="13" el="56" ec="13" bec="0" bev="0" fileid="1" />
                <SequencePoint vc="0" uspid="16" ordinal="0" offset="30" sl="58" sc="13" el="58" ec="13" bec="0" bev="0" fileid="1" />
                <SequencePoint vc="0" uspid="17" ordinal="0" offset="46" sl="60" sc="17" el="60" ec="17" bec="0" bev="0" fileid="1" />
                <SequencePoint vc="0" uspid="18" ordinal="0" offset="51" sl="61" sc="17" el="61" ec="17" bec="0" bev="0" fileid="1" />
                <SequencePoint vc="0" uspid="19" ordinal="0" offset="58" sl="64" sc="5" el="64" ec="5" bec="0" bev="0" fileid="1" />
              </SequencePoints>
              <BranchPoints />
            </Method>
            <Method visited="false" cyclomaticComplexity="0" nPathComplexity="0" sequenceCoverage="0.0" branchCoverage="0" crapScore="0" isConstructor="false" isStatic="true" isGetter="false" isSetter="false">
              <Summary numSequencePoints="5" visitedSequencePoints="0" numBranchPoints="0" visitedBranchPoints="0" sequenceCoverage="0.0" branchCoverage="0" maxCyclomaticComplexity="0" minCyclomaticComplexity="0" maxCrapScore="0" minCrapScore="0" visitedClasses="0" numClasses="0" visitedMethods="0" numMethods="1" />
              <MetadataToken>100663300</MetadataToken>
              <Name>static System.Void ReadmeEditor::LoadLayout()</Name>
              <FileRef uid="1" />
              <SequencePoints>
                <SequencePoint vc="0" uspid="20" ordinal="0" offset="0" sl="68" sc="0" el="68" ec="0" bec="0" bev="0" fileid="1" />
                <SequencePoint vc="0" uspid="21" ordinal="0" offset="15" sl="69" sc="0" el="69" ec="0" bec="0" bev="0" fileid="1" />
                <SequencePoint vc="0" uspid="22" ordinal="0" offset="26" sl="70" sc="0" el="70" ec="0" bec="0" bev="0" fileid="1" />
                <SequencePoint vc="0" uspid="23" ordinal="0" offset="38" sl="71" sc="0" el="71" ec="0" bec="0" bev="0" fileid="1" />
                <SequencePoint vc="0" uspid="24" ordinal="0" offset="78" sl="72" sc="0" el="72" ec="0" bec="0" bev="0" fileid="1" />
              </SequencePoints>
              <BranchPoints />
            </Method>
            <Method visited="false" cyclomaticComplexity="0" nPathComplexity="0" sequenceCoverage="0.0" branchCoverage="0" crapScore="0" isConstructor="false" isStatic="true" isGetter="false" isSetter="false">
              <Summary numSequencePoints="7" visitedSequencePoints="0" numBranchPoints="0" visitedBranchPoints="0" sequenceCoverage="0.0" branchCoverage="0" maxCyclomaticComplexity="0" minCyclomaticComplexity="0" maxCrapScore="0" minCrapScore="0" visitedClasses="0" numClasses="0" visitedMethods="0" numMethods="1" />
              <MetadataToken>100663301</MetadataToken>
              <Name>static Readme ReadmeEditor::SelectReadme()</Name>
              <FileRef uid="1" />
              <SequencePoints>
                <SequencePoint vc="0" uspid="25" ordinal="0" offset="0" sl="76" sc="0" el="76" ec="0" bec="0" bev="0" fileid="1" />
                <SequencePoint vc="0" uspid="26" ordinal="0" offset="11" sl="77" sc="0" el="77" ec="0" bec="0" bev="0" fileid="1" />
                <SequencePoint vc="0" uspid="27" ordinal="0" offset="17" sl="79" sc="0" el="79" ec="0" bec="0" bev="0" fileid="1" />
                <SequencePoint vc="0" uspid="28" ordinal="0" offset="31" sl="81" sc="0" el="81" ec="0" bec="0" bev="0" fileid="1" />
                <SequencePoint vc="0" uspid="29" ordinal="0" offset="46" sl="83" sc="0" el="83" ec="0" bec="0" bev="0" fileid="1" />
                <SequencePoint vc="0" uspid="30" ordinal="0" offset="53" sl="87" sc="0" el="87" ec="0" bec="0" bev="0" fileid="1" />
                <SequencePoint vc="0" uspid="31" ordinal="0" offset="63" sl="88" sc="0" el="88" ec="0" bec="0" bev="0" fileid="1" />
              </SequencePoints>
              <BranchPoints />
            </Method>
            <Method visited="false" cyclomaticComplexity="0" nPathComplexity="0" sequenceCoverage="0.0" branchCoverage="0" crapScore="0" isConstructor="false" isStatic="false" isGetter="false" isSetter="false">
              <Summary numSequencePoints="16" visitedSequencePoints="0" numBranchPoints="0" visitedBranchPoints="0" sequenceCoverage="0.0" branchCoverage="0" maxCyclomaticComplexity="0" minCyclomaticComplexity="0" maxCrapScore="0" minCrapScore="0" visitedClasses="0" numClasses="0" visitedMethods="0" numMethods="1" />
              <MetadataToken>100663302</MetadataToken>
              <Name>System.Void ReadmeEditor::OnHeaderGUI()</Name>
              <FileRef uid="1" />
              <SequencePoints>
                <SequencePoint vc="0" uspid="32" ordinal="0" offset="0" sl="94" sc="0" el="94" ec="0" bec="0" bev="0" fileid="1" />
                <SequencePoint vc="0" uspid="33" ordinal="0" offset="12" sl="95" sc="0" el="95" ec="0" bec="0" bev="0" fileid="1" />
                <SequencePoint vc="0" uspid="34" ordinal="0" offset="18" sl="97" sc="0" el="97" ec="0" bec="0" bev="0" fileid="1" />
                <SequencePoint vc="0" uspid="35" ordinal="0" offset="46" sl="99" sc="0" el="99" ec="0" bec="0" bev="0" fileid="1" />
                <SequencePoint vc="0" uspid="36" ordinal="0" offset="66" sl="101" sc="0" el="101" ec="0" bec="0" bev="0" fileid="1" />
                <SequencePoint vc="0" uspid="37" ordinal="0" offset="80" sl="103" sc="0" el="103" ec="0" bec="0" bev="0" fileid="1" />
                <SequencePoint vc="0" uspid="38" ordinal="0" offset="90" sl="104" sc="0" el="104" ec="0" bec="0" bev="0" fileid="1" />
                <SequencePoint vc="0" uspid="39" ordinal="0" offset="125" sl="106" sc="0" el="106" ec="0" bec="0" bev="0" fileid="1" />
                <SequencePoint vc="0" uspid="40" ordinal="0" offset="135" sl="107" sc="0" el="107" ec="0" bec="0" bev="0" fileid="1" />
                <SequencePoint vc="0" uspid="41" ordinal="0" offset="145" sl="110" sc="0" el="110" ec="0" bec="0" bev="0" fileid="1" />
                <SequencePoint vc="0" uspid="42" ordinal="0" offset="150" sl="111" sc="0" el="111" ec="0" bec="0" bev="0" fileid="1" />
                <SequencePoint vc="0" uspid="43" ordinal="0" offset="172" sl="112" sc="0" el="112" ec="0" bec="0" bev="0" fileid="1" />
                <SequencePoint vc="0" uspid="44" ordinal="0" offset="177" sl="114" sc="0" el="114" ec="0" bec="0" bev="0" fileid="1" />
                <SequencePoint vc="0" uspid="45" ordinal="0" offset="182" sl="115" sc="0" el="115" ec="0" bec="0" bev="0" fileid="1" />
                <SequencePoint vc="0" uspid="46" ordinal="0" offset="187" sl="117" sc="0" el="117" ec="0" bec="0" bev="0" fileid="1" />
                <SequencePoint vc="0" uspid="47" ordinal="0" offset="192" sl="118" sc="0" el="118" ec="0" bec="0" bev="0" fileid="1" />
              </SequencePoints>
              <BranchPoints />
            </Method>
            <Method visited="false" cyclomaticComplexity="0" nPathComplexity="0" sequenceCoverage="0.0" branchCoverage="0" crapScore="0" isConstructor="false" isStatic="false" isGetter="false" isSetter="false">
              <Summary numSequencePoints="16" visitedSequencePoints="0" numBranchPoints="0" visitedBranchPoints="0" sequenceCoverage="0.0" branchCoverage="0" maxCyclomaticComplexity="0" minCyclomaticComplexity="0" maxCrapScore="0" minCrapScore="0" visitedClasses="0" numClasses="0" visitedMethods="0" numMethods="1" />
              <MetadataToken>100663303</MetadataToken>
              <Name>System.Void ReadmeEditor::OnInspectorGUI()</Name>
              <FileRef uid="1" />
              <SequencePoints>
                <SequencePoint vc="0" uspid="48" ordinal="0" offset="0" sl="122" sc="0" el="122" ec="0" bec="0" bev="0" fileid="1" />
                <SequencePoint vc="0" uspid="49" ordinal="0" offset="11" sl="123" sc="0" el="123" ec="0" bec="0" bev="0" fileid="1" />
                <SequencePoint vc="0" uspid="50" ordinal="0" offset="17" sl="125" sc="0" el="125" ec="0" bec="0" bev="0" fileid="1" />
                <SequencePoint vc="0" uspid="51" ordinal="0" offset="30" sl="125" sc="0" el="125" ec="0" bec="0" bev="0" fileid="1" />
                <SequencePoint vc="0" uspid="52" ordinal="0" offset="34" sl="127" sc="0" el="127" ec="0" bec="0" bev="0" fileid="1" />
                <SequencePoint vc="0" uspid="53" ordinal="0" offset="47" sl="129" sc="0" el="129" ec="0" bec="0" bev="0" fileid="1" />
                <SequencePoint vc="0" uspid="54" ordinal="0" offset="69" sl="132" sc="0" el="132" ec="0" bec="0" bev="0" fileid="1" />
                <SequencePoint vc="0" uspid="55" ordinal="0" offset="82" sl="134" sc="0" el="134" ec="0" bec="0" bev="0" fileid="1" />
                <SequencePoint vc="0" uspid="56" ordinal="0" offset="104" sl="137" sc="0" el="137" ec="0" bec="0" bev="0" fileid="1" />
                <SequencePoint vc="0" uspid="57" ordinal="0" offset="117" sl="139" sc="0" el="139" ec="0" bec="0" bev="0" fileid="1" />
                <SequencePoint vc="0" uspid="58" ordinal="0" offset="141" sl="141" sc="0" el="141" ec="0" bec="0" bev="0" fileid="1" />
                <SequencePoint vc="0" uspid="59" ordinal="0" offset="152" sl="145" sc="0" el="145" ec="0" bec="0" bev="0" fileid="1" />
                <SequencePoint vc="0" uspid="60" ordinal="0" offset="166" sl="125" sc="0" el="125" ec="0" bec="0" bev="0" fileid="1" />
                <SequencePoint vc="0" uspid="61" ordinal="0" offset="175" sl="148" sc="0" el="148" ec="0" bec="0" bev="0" fileid="1" />
                <SequencePoint vc="0" uspid="62" ordinal="0" offset="198" sl="150" sc="0" el="150" ec="0" bec="0" bev="0" fileid="1" />
                <SequencePoint vc="0" uspid="63" ordinal="0" offset="203" sl="152" sc="0" el="152" ec="0" bec="0" bev="0" fileid="1" />
              </SequencePoints>
              <BranchPoints />
            </Method>
            <Method visited="false" cyclomaticComplexity="0" nPathComplexity="0" sequenceCoverage="0.0" branchCoverage="0" crapScore="0" isConstructor="false" isStatic="false" isGetter="true" isSetter="false">
              <Summary numSequencePoints="1" visitedSequencePoints="0" numBranchPoints="0" visitedBranchPoints="0" sequenceCoverage="0.0" branchCoverage="0" maxCyclomaticComplexity="0" minCyclomaticComplexity="0" maxCrapScore="0" minCrapScore="0" visitedClasses="0" numClasses="0" visitedMethods="0" numMethods="1" />
              <MetadataToken>100663304</MetadataToken>
              <Name>UnityEngine.GUIStyle ReadmeEditor::get_LinkStyle()</Name>
              <FileRef uid="1" />
              <SequencePoints>
                <SequencePoint vc="0" uspid="64" ordinal="0" offset="0" sl="158" sc="0" el="158" ec="0" bec="0" bev="0" fileid="1" />
              </SequencePoints>
              <BranchPoints />
            </Method>
            <Method visited="false" cyclomaticComplexity="0" nPathComplexity="0" sequenceCoverage="0.0" branchCoverage="0" crapScore="0" isConstructor="false" isStatic="false" isGetter="true" isSetter="false">
              <Summary numSequencePoints="1" visitedSequencePoints="0" numBranchPoints="0" visitedBranchPoints="0" sequenceCoverage="0.0" branchCoverage="0" maxCyclomaticComplexity="0" minCyclomaticComplexity="0" maxCrapScore="0" minCrapScore="0" visitedClasses="0" numClasses="0" visitedMethods="0" numMethods="1" />
              <MetadataToken>100663305</MetadataToken>
              <Name>UnityEngine.GUIStyle ReadmeEditor::get_TitleStyle()</Name>
              <FileRef uid="1" />
              <SequencePoints>
                <SequencePoint vc="0" uspid="65" ordinal="0" offset="0" sl="166" sc="0" el="166" ec="0" bec="0" bev="0" fileid="1" />
              </SequencePoints>
              <BranchPoints />
            </Method>
            <Method visited="false" cyclomaticComplexity="0" nPathComplexity="0" sequenceCoverage="0.0" branchCoverage="0" crapScore="0" isConstructor="false" isStatic="false" isGetter="true" isSetter="false">
              <Summary numSequencePoints="1" visitedSequencePoints="0" numBranchPoints="0" visitedBranchPoints="0" sequenceCoverage="0.0" branchCoverage="0" maxCyclomaticComplexity="0" minCyclomaticComplexity="0" maxCrapScore="0" minCrapScore="0" visitedClasses="0" numClasses="0" visitedMethods="0" numMethods="1" />
              <MetadataToken>100663306</MetadataToken>
              <Name>UnityEngine.GUIStyle ReadmeEditor::get_HeadingStyle()</Name>
              <FileRef uid="1" />
              <SequencePoints>
                <SequencePoint vc="0" uspid="66" ordinal="0" offset="0" sl="174" sc="0" el="174" ec="0" bec="0" bev="0" fileid="1" />
              </SequencePoints>
              <BranchPoints />
            </Method>
            <Method visited="false" cyclomaticComplexity="0" nPathComplexity="0" sequenceCoverage="0.0" branchCoverage="0" crapScore="0" isConstructor="false" isStatic="false" isGetter="true" isSetter="false">
              <Summary numSequencePoints="1" visitedSequencePoints="0" numBranchPoints="0" visitedBranchPoints="0" sequenceCoverage="0.0" branchCoverage="0" maxCyclomaticComplexity="0" minCyclomaticComplexity="0" maxCrapScore="0" minCrapScore="0" visitedClasses="0" numClasses="0" visitedMethods="0" numMethods="1" />
              <MetadataToken>100663307</MetadataToken>
              <Name>UnityEngine.GUIStyle ReadmeEditor::get_BodyStyle()</Name>
              <FileRef uid="1" />
              <SequencePoints>
                <SequencePoint vc="0" uspid="67" ordinal="0" offset="0" sl="182" sc="0" el="182" ec="0" bec="0" bev="0" fileid="1" />
              </SequencePoints>
              <BranchPoints />
            </Method>
            <Method visited="false" cyclomaticComplexity="0" nPathComplexity="0" sequenceCoverage="0.0" branchCoverage="0" crapScore="0" isConstructor="false" isStatic="false" isGetter="true" isSetter="false">
              <Summary numSequencePoints="1" visitedSequencePoints="0" numBranchPoints="0" visitedBranchPoints="0" sequenceCoverage="0.0" branchCoverage="0" maxCyclomaticComplexity="0" minCyclomaticComplexity="0" maxCrapScore="0" minCrapScore="0" visitedClasses="0" numClasses="0" visitedMethods="0" numMethods="1" />
              <MetadataToken>100663308</MetadataToken>
              <Name>UnityEngine.GUIStyle ReadmeEditor::get_ButtonStyle()</Name>
              <FileRef uid="1" />
              <SequencePoints>
                <SequencePoint vc="0" uspid="68" ordinal="0" offset="0" sl="190" sc="0" el="190" ec="0" bec="0" bev="0" fileid="1" />
              </SequencePoints>
              <BranchPoints />
            </Method>
            <Method visited="false" cyclomaticComplexity="0" nPathComplexity="0" sequenceCoverage="0.0" branchCoverage="0" crapScore="0" isConstructor="false" isStatic="false" isGetter="false" isSetter="false">
              <Summary numSequencePoints="19" visitedSequencePoints="0" numBranchPoints="0" visitedBranchPoints="0" sequenceCoverage="0.0" branchCoverage="0" maxCyclomaticComplexity="0" minCyclomaticComplexity="0" maxCrapScore="0" minCrapScore="0" visitedClasses="0" numClasses="0" visitedMethods="0" numMethods="1" />
              <MetadataToken>100663309</MetadataToken>
              <Name>System.Void ReadmeEditor::Init()</Name>
              <FileRef uid="1" />
              <SequencePoints>
                <SequencePoint vc="0" uspid="69" ordinal="0" offset="0" sl="198" sc="0" el="198" ec="0" bec="0" bev="0" fileid="1" />
                <SequencePoint vc="0" uspid="70" ordinal="0" offset="8" sl="199" sc="0" el="199" ec="0" bec="0" bev="0" fileid="1" />
                <SequencePoint vc="0" uspid="71" ordinal="0" offset="9" sl="200" sc="0" el="200" ec="0" bec="0" bev="0" fileid="1" />
                <SequencePoint vc="0" uspid="72" ordinal="0" offset="25" sl="201" sc="0" el="201" ec="0" bec="0" bev="0" fileid="1" />
                <SequencePoint vc="0" uspid="73" ordinal="0" offset="37" sl="202" sc="0" el="202" ec="0" bec="0" bev="0" fileid="1" />
                <SequencePoint vc="0" uspid="74" ordinal="0" offset="50" sl="203" sc="0" el="203" ec="0" bec="0" bev="0" fileid="1" />
                <SequencePoint vc="0" uspid="75" ordinal="0" offset="62" sl="205" sc="0" el="205" ec="0" bec="0" bev="0" fileid="1" />
                <SequencePoint vc="0" uspid="76" ordinal="0" offset="79" sl="206" sc="0" el="206" ec="0" bec="0" bev="0" fileid="1" />
                <SequencePoint vc="0" uspid="77" ordinal="0" offset="92" sl="208" sc="0" el="208" ec="0" bec="0" bev="0" fileid="1" />
                <SequencePoint vc="0" uspid="78" ordinal="0" offset="109" sl="209" sc="0" el="209" ec="0" bec="0" bev="0" fileid="1" />
                <SequencePoint vc="0" uspid="79" ordinal="0" offset="121" sl="210" sc="0" el="210" ec="0" bec="0" bev="0" fileid="1" />
                <SequencePoint vc="0" uspid="80" ordinal="0" offset="134" sl="212" sc="0" el="212" ec="0" bec="0" bev="0" fileid="1" />
                <SequencePoint vc="0" uspid="81" ordinal="0" offset="151" sl="213" sc="0" el="213" ec="0" bec="0" bev="0" fileid="1" />
                <SequencePoint vc="0" uspid="82" ordinal="0" offset="163" sl="216" sc="0" el="216" ec="0" bec="0" bev="0" fileid="1" />
                <SequencePoint vc="0" uspid="83" ordinal="0" offset="204" sl="217" sc="0" el="217" ec="0" bec="0" bev="0" fileid="1" />
                <SequencePoint vc="0" uspid="84" ordinal="0" offset="216" sl="219" sc="0" el="219" ec="0" bec="0" bev="0" fileid="1" />
                <SequencePoint vc="0" uspid="85" ordinal="0" offset="232" sl="220" sc="0" el="220" ec="0" bec="0" bev="0" fileid="1" />
                <SequencePoint vc="0" uspid="86" ordinal="0" offset="244" sl="222" sc="0" el="222" ec="0" bec="0" bev="0" fileid="1" />
                <SequencePoint vc="0" uspid="87" ordinal="0" offset="251" sl="223" sc="0" el="223" ec="0" bec="0" bev="0" fileid="1" />
              </SequencePoints>
              <BranchPoints />
            </Method>
            <Method visited="false" cyclomaticComplexity="0" nPathComplexity="0" sequenceCoverage="0.0" branchCoverage="0" crapScore="0" isConstructor="false" isStatic="false" isGetter="false" isSetter="false">
              <Summary numSequencePoints="8" visitedSequencePoints="0" numBranchPoints="0" visitedBranchPoints="0" sequenceCoverage="0.0" branchCoverage="0" maxCyclomaticComplexity="0" minCyclomaticComplexity="0" maxCrapScore="0" minCrapScore="0" visitedClasses="0" numClasses="0" visitedMethods="0" numMethods="1" />
              <MetadataToken>100663310</MetadataToken>
              <Name>System.Boolean ReadmeEditor::LinkLabel(UnityEngine.GUIContent, UnityEngine.GUILayoutOption[])</Name>
              <FileRef uid="1" />
              <SequencePoints>
                <SequencePoint vc="0" uspid="88" ordinal="0" offset="0" sl="227" sc="0" el="227" ec="0" bec="0" bev="0" fileid="1" />
                <SequencePoint vc="0" uspid="89" ordinal="0" offset="14" sl="229" sc="0" el="229" ec="0" bec="0" bev="0" fileid="1" />
                <SequencePoint vc="0" uspid="90" ordinal="0" offset="19" sl="230" sc="0" el="230" ec="0" bec="0" bev="0" fileid="1" />
                <SequencePoint vc="0" uspid="91" ordinal="0" offset="40" sl="231" sc="0" el="231" ec="0" bec="0" bev="0" fileid="1" />
                <SequencePoint vc="0" uspid="92" ordinal="0" offset="83" sl="232" sc="0" el="232" ec="0" bec="0" bev="0" fileid="1" />
                <SequencePoint vc="0" uspid="93" ordinal="0" offset="93" sl="233" sc="0" el="233" ec="0" bec="0" bev="0" fileid="1" />
                <SequencePoint vc="0" uspid="94" ordinal="0" offset="98" sl="235" sc="0" el="235" ec="0" bec="0" bev="0" fileid="1" />
                <SequencePoint vc="0" uspid="95" ordinal="0" offset="105" sl="237" sc="0" el="237" ec="0" bec="0" bev="0" fileid="1" />
              </SequencePoints>
              <BranchPoints />
            </Method>
            <Method visited="false" cyclomaticComplexity="0" nPathComplexity="0" sequenceCoverage="0.0" branchCoverage="0" crapScore="0" isConstructor="true" isStatic="true" isGetter="false" isSetter="false">
              <Summary numSequencePoints="4" visitedSequencePoints="0" numBranchPoints="0" visitedBranchPoints="0" sequenceCoverage="0.0" branchCoverage="0" maxCyclomaticComplexity="0" minCyclomaticComplexity="0" maxCrapScore="0" minCrapScore="0" visitedClasses="0" numClasses="0" visitedMethods="0" numMethods="1" />
              <MetadataToken>100663297</MetadataToken>
              <Name>static ReadmeEditor::ReadmeEditor()</Name>
              <FileRef uid="1" />
              <SequencePoints>
                <SequencePoint vc="0" uspid="96" ordinal="0" offset="0" sl="10" sc="5" el="10" ec="5" bec="0" bev="0" fileid="1" />
                <SequencePoint vc="0" uspid="97" ordinal="0" offset="10" sl="12" sc="5" el="12" ec="5" bec="0" bev="0" fileid="1" />
                <SequencePoint vc="0" uspid="98" ordinal="0" offset="20" sl="18" sc="9" el="18" ec="9" bec="0" bev="0" fileid="1" />
                <SequencePoint vc="0" uspid="99" ordinal="0" offset="52" sl="19" sc="5" el="19" ec="5" bec="0" bev="0" fileid="1" />
              </SequencePoints>
              <BranchPoints />
            </Method>
          </Methods>
        </Class>
      </Classes>
    </Module>
    <Module>
      <Summary numSequencePoints="32" visitedSequencePoints="0" numBranchPoints="0" visitedBranchPoints="0" sequenceCoverage="0.0" branchCoverage="0.0" maxCyclomaticComplexity="0" minCyclomaticComplexity="0" maxCrapScore="0" minCrapScore="0" visitedClasses="0" numClasses="1" visitedMethods="0" numMethods="3" />
      <ModuleTime>0001-01-01T00:00:00</ModuleTime>
      <ModuleName>EditModeTests</ModuleName>
      <Files>
        <File uid="2" fullPath="C:/Ahuntsic/Jeux Vidéos/EndlessRunner/Assets/Tests/EditModeTests/EditModeTests.cs" />
      </Files>
      <Classes>
        <Class>
          <Summary numSequencePoints="32" visitedSequencePoints="0" numBranchPoints="0" visitedBranchPoints="0" sequenceCoverage="0.0" branchCoverage="0.0" maxCyclomaticComplexity="0" minCyclomaticComplexity="0" maxCrapScore="0" minCrapScore="0" visitedClasses="0" numClasses="1" visitedMethods="0" numMethods="3" />
          <FullName>EditModeTests</FullName>
          <Methods>
            <Method visited="false" cyclomaticComplexity="0" nPathComplexity="0" sequenceCoverage="0.0" branchCoverage="0" crapScore="0" isConstructor="false" isStatic="false" isGetter="false" isSetter="false">
              <Summary numSequencePoints="12" visitedSequencePoints="0" numBranchPoints="0" visitedBranchPoints="0" sequenceCoverage="0.0" branchCoverage="0" maxCyclomaticComplexity="0" minCyclomaticComplexity="0" maxCrapScore="0" minCrapScore="0" visitedClasses="0" numClasses="0" visitedMethods="0" numMethods="1" />
              <MetadataToken>100663297</MetadataToken>
              <Name>System.Void EditModeTests::TestConfigPrefab_Obstacle_Madrid()</Name>
              <FileRef uid="2" />
              <SequencePoints>
                <SequencePoint vc="0" uspid="100" ordinal="0" offset="0" sl="13" sc="0" el="13" ec="0" bec="0" bev="0" fileid="2" />
                <SequencePoint vc="0" uspid="101" ordinal="0" offset="5" sl="14" sc="0" el="14" ec="0" bec="0" bev="0" fileid="2" />
                <SequencePoint vc="0" uspid="102" ordinal="0" offset="10" sl="15" sc="0" el="15" ec="0" bec="0" bev="0" fileid="2" />
                <SequencePoint vc="0" uspid="103" ordinal="0" offset="26" sl="17" sc="0" el="17" ec="0" bec="0" bev="0" fileid="2" />
                <SequencePoint vc="0" uspid="104" ordinal="0" offset="32" sl="18" sc="0" el="18" ec="0" bec="0" bev="0" fileid="2" />
                <SequencePoint vc="0" uspid="105" ordinal="0" offset="47" sl="20" sc="0" el="20" ec="0" bec="0" bev="0" fileid="2" />
                <SequencePoint vc="0" uspid="106" ordinal="0" offset="53" sl="21" sc="0" el="21" ec="0" bec="0" bev="0" fileid="2" />
                <SequencePoint vc="0" uspid="107" ordinal="0" offset="69" sl="23" sc="0" el="23" ec="0" bec="0" bev="0" fileid="2" />
                <SequencePoint vc="0" uspid="108" ordinal="0" offset="75" sl="24" sc="0" el="24" ec="0" bec="0" bev="0" fileid="2" />
                <SequencePoint vc="0" uspid="109" ordinal="0" offset="81" sl="25" sc="0" el="25" ec="0" bec="0" bev="0" fileid="2" />
                <SequencePoint vc="0" uspid="110" ordinal="0" offset="103" sl="27" sc="0" el="27" ec="0" bec="0" bev="0" fileid="2" />
                <SequencePoint vc="0" uspid="111" ordinal="0" offset="124" sl="28" sc="0" el="28" ec="0" bec="0" bev="0" fileid="2" />
              </SequencePoints>
              <BranchPoints />
            </Method>
            <Method visited="false" cyclomaticComplexity="0" nPathComplexity="0" sequenceCoverage="0.0" branchCoverage="0" crapScore="0" isConstructor="false" isStatic="false" isGetter="false" isSetter="false">
              <Summary numSequencePoints="10" visitedSequencePoints="0" numBranchPoints="0" visitedBranchPoints="0" sequenceCoverage="0.0" branchCoverage="0" maxCyclomaticComplexity="0" minCyclomaticComplexity="0" maxCrapScore="0" minCrapScore="0" visitedClasses="0" numClasses="0" visitedMethods="0" numMethods="1" />
              <MetadataToken>100663298</MetadataToken>
              <Name>System.Void EditModeTests::CollisionAvecObsatcle_PlayerMeurt_Madrid()</Name>
              <FileRef uid="2" />
              <SequencePoints>
                <SequencePoint vc="0" uspid="112" ordinal="0" offset="0" sl="33" sc="0" el="33" ec="0" bec="0" bev="0" fileid="2" />
                <SequencePoint vc="0" uspid="113" ordinal="0" offset="10" sl="34" sc="0" el="34" ec="0" bec="0" bev="0" fileid="2" />
                <SequencePoint vc="0" uspid="114" ordinal="0" offset="16" sl="36" sc="0" el="36" ec="0" bec="0" bev="0" fileid="2" />
                <SequencePoint vc="0" uspid="115" ordinal="0" offset="27" sl="38" sc="0" el="38" ec="0" bec="0" bev="0" fileid="2" />
                <SequencePoint vc="0" uspid="116" ordinal="0" offset="34" sl="40" sc="0" el="40" ec="0" bec="0" bev="0" fileid="2" />
                <SequencePoint vc="0" uspid="117" ordinal="0" offset="45" sl="42" sc="0" el="42" ec="0" bec="0" bev="0" fileid="2" />
                <SequencePoint vc="0" uspid="118" ordinal="0" offset="51" sl="44" sc="0" el="44" ec="0" bec="0" bev="0" fileid="2" />
                <SequencePoint vc="0" uspid="119" ordinal="0" offset="63" sl="46" sc="0" el="46" ec="0" bec="0" bev="0" fileid="2" />
                <SequencePoint vc="0" uspid="120" ordinal="0" offset="68" sl="47" sc="0" el="47" ec="0" bec="0" bev="0" fileid="2" />
                <SequencePoint vc="0" uspid="121" ordinal="0" offset="74" sl="48" sc="0" el="48" ec="0" bec="0" bev="0" fileid="2" />
              </SequencePoints>
              <BranchPoints />
            </Method>
            <Method visited="false" cyclomaticComplexity="0" nPathComplexity="0" sequenceCoverage="0.0" branchCoverage="0" crapScore="0" isConstructor="false" isStatic="false" isGetter="false" isSetter="false">
              <Summary numSequencePoints="10" visitedSequencePoints="0" numBranchPoints="0" visitedBranchPoints="0" sequenceCoverage="0.0" branchCoverage="0" maxCyclomaticComplexity="0" minCyclomaticComplexity="0" maxCrapScore="0" minCrapScore="0" visitedClasses="0" numClasses="0" visitedMethods="0" numMethods="1" />
              <MetadataToken>100663299</MetadataToken>
              <Name>System.Void EditModeTests::CollisionSol_PlayerMeurtPas_Madrid()</Name>
              <FileRef uid="2" />
              <SequencePoints>
                <SequencePoint vc="0" uspid="122" ordinal="0" offset="0" sl="53" sc="0" el="53" ec="0" bec="0" bev="0" fileid="2" />
                <SequencePoint vc="0" uspid="123" ordinal="0" offset="10" sl="54" sc="0" el="54" ec="0" bec="0" bev="0" fileid="2" />
                <SequencePoint vc="0" uspid="124" ordinal="0" offset="16" sl="56" sc="0" el="56" ec="0" bec="0" bev="0" fileid="2" />
                <SequencePoint vc="0" uspid="125" ordinal="0" offset="27" sl="57" sc="0" el="57" ec="0" bec="0" bev="0" fileid="2" />
                <SequencePoint vc="0" uspid="126" ordinal="0" offset="34" sl="59" sc="0" el="59" ec="0" bec="0" bev="0" fileid="2" />
                <SequencePoint vc="0" uspid="127" ordinal="0" offset="45" sl="61" sc="0" el="61" ec="0" bec="0" bev="0" fileid="2" />
                <SequencePoint vc="0" uspid="128" ordinal="0" offset="51" sl="63" sc="0" el="63" ec="0" bec="0" bev="0" fileid="2" />
                <SequencePoint vc="0" uspid="129" ordinal="0" offset="62" sl="65" sc="0" el="65" ec="0" bec="0" bev="0" fileid="2" />
                <SequencePoint vc="0" uspid="130" ordinal="0" offset="67" sl="66" sc="0" el="66" ec="0" bec="0" bev="0" fileid="2" />
                <SequencePoint vc="0" uspid="131" ordinal="0" offset="73" sl="67" sc="0" el="67" ec="0" bec="0" bev="0" fileid="2" />
              </SequencePoints>
              <BranchPoints />
            </Method>
          </Methods>
        </Class>
      </Classes>
    </Module>
    <Module>
      <Summary numSequencePoints="16" visitedSequencePoints="0" numBranchPoints="0" visitedBranchPoints="0" sequenceCoverage="0.0" branchCoverage="0.0" maxCyclomaticComplexity="0" minCyclomaticComplexity="0" maxCrapScore="0" minCrapScore="0" visitedClasses="0" numClasses="1" visitedMethods="0" numMethods="1" />
      <ModuleTime>0001-01-01T00:00:00</ModuleTime>
      <ModuleName>PlayModeTests</ModuleName>
      <Files>
        <File uid="3" fullPath="C:/Ahuntsic/Jeux Vidéos/EndlessRunner/Assets/Tests/PlayModeTests/PlayModeTests.cs" />
      </Files>
      <Classes>
        <Class>
          <Summary numSequencePoints="16" visitedSequencePoints="0" numBranchPoints="0" visitedBranchPoints="0" sequenceCoverage="0.0" branchCoverage="0.0" maxCyclomaticComplexity="0" minCyclomaticComplexity="0" maxCrapScore="0" minCrapScore="0" visitedClasses="0" numClasses="1" visitedMethods="0" numMethods="1" />
          <FullName>PlayModeTests/&lt;GameTest_Madrid&gt;d__0</FullName>
          <Methods>
            <Method visited="false" cyclomaticComplexity="0" nPathComplexity="0" sequenceCoverage="0.0" branchCoverage="0" crapScore="0" isConstructor="false" isStatic="false" isGetter="false" isSetter="false">
              <Summary numSequencePoints="16" visitedSequencePoints="0" numBranchPoints="0" visitedBranchPoints="0" sequenceCoverage="0.0" branchCoverage="0" maxCyclomaticComplexity="0" minCyclomaticComplexity="0" maxCrapScore="0" minCrapScore="0" visitedClasses="0" numClasses="0" visitedMethods="0" numMethods="1" />
              <MetadataToken>100663303</MetadataToken>
              <Name>System.Boolean PlayModeTests/&lt;GameTest_Madrid&gt;d__0::MoveNext()</Name>
              <FileRef uid="3" />
              <SequencePoints>
                <SequencePoint vc="0" uspid="132" ordinal="0" offset="42" sl="13" sc="0" el="13" ec="0" bec="0" bev="0" fileid="3" />
                <SequencePoint vc="0" uspid="133" ordinal="0" offset="61" sl="17" sc="0" el="17" ec="0" bec="0" bev="0" fileid="3" />
                <SequencePoint vc="0" uspid="134" ordinal="0" offset="84" sl="15" sc="0" el="15" ec="0" bec="0" bev="0" fileid="3" />
                <SequencePoint vc="0" uspid="135" ordinal="0" offset="97" sl="21" sc="0" el="21" ec="0" bec="0" bev="0" fileid="3" />
                <SequencePoint vc="0" uspid="136" ordinal="0" offset="113" sl="22" sc="0" el="22" ec="0" bec="0" bev="0" fileid="3" />
                <SequencePoint vc="0" uspid="137" ordinal="0" offset="140" sl="24" sc="0" el="24" ec="0" bec="0" bev="0" fileid="3" />
                <SequencePoint vc="0" uspid="138" ordinal="0" offset="157" sl="25" sc="0" el="25" ec="0" bec="0" bev="0" fileid="3" />
                <SequencePoint vc="0" uspid="139" ordinal="0" offset="184" sl="27" sc="0" el="27" ec="0" bec="0" bev="0" fileid="3" />
                <SequencePoint vc="0" uspid="140" ordinal="0" offset="210" sl="29" sc="0" el="29" ec="0" bec="0" bev="0" fileid="3" />
                <SequencePoint vc="0" uspid="141" ordinal="0" offset="242" sl="31" sc="0" el="31" ec="0" bec="0" bev="0" fileid="3" />
                <SequencePoint vc="0" uspid="142" ordinal="0" offset="253" sl="32" sc="0" el="32" ec="0" bec="0" bev="0" fileid="3" />
                <SequencePoint vc="0" uspid="143" ordinal="0" offset="269" sl="34" sc="0" el="34" ec="0" bec="0" bev="0" fileid="3" />
                <SequencePoint vc="0" uspid="144" ordinal="0" offset="296" sl="36" sc="0" el="36" ec="0" bec="0" bev="0" fileid="3" />
                <SequencePoint vc="0" uspid="145" ordinal="0" offset="323" sl="37" sc="0" el="37" ec="0" bec="0" bev="0" fileid="3" />
                <SequencePoint vc="0" uspid="146" ordinal="0" offset="355" sl="39" sc="0" el="39" ec="0" bec="0" bev="0" fileid="3" />
                <SequencePoint vc="0" uspid="147" ordinal="0" offset="381" sl="40" sc="0" el="40" ec="0" bec="0" bev="0" fileid="3" />
              </SequencePoints>
              <BranchPoints />
            </Method>
          </Methods>
        </Class>
      </Classes>
    </Module>
    <Module>
      <Summary numSequencePoints="168" visitedSequencePoints="0" numBranchPoints="0" visitedBranchPoints="0" sequenceCoverage="0.0" branchCoverage="0.0" maxCyclomaticComplexity="0" minCyclomaticComplexity="0" maxCrapScore="0" minCrapScore="0" visitedClasses="0" numClasses="7" visitedMethods="0" numMethods="30" />
      <ModuleTime>0001-01-01T00:00:00</ModuleTime>
      <ModuleName>Scripts</ModuleName>
      <Files>
        <File uid="4" fullPath="C:/Ahuntsic/Jeux Vidéos/EndlessRunner/Assets/Scripts/CameraFollow.cs" />
        <File uid="5" fullPath="C:/Ahuntsic/Jeux Vidéos/EndlessRunner/Assets/Scripts/Coin.cs" />
        <File uid="6" fullPath="C:/Ahuntsic/Jeux Vidéos/EndlessRunner/Assets/Scripts/GameManager.cs" />
        <File uid="7" fullPath="C:/Ahuntsic/Jeux Vidéos/EndlessRunner/Assets/Scripts/GroundSpawner.cs" />
        <File uid="8" fullPath="C:/Ahuntsic/Jeux Vidéos/EndlessRunner/Assets/Scripts/GroundTile.cs" />
        <File uid="9" fullPath="C:/Ahuntsic/Jeux Vidéos/EndlessRunner/Assets/Scripts/Obstacle.cs" />
        <File uid="10" fullPath="C:/Ahuntsic/Jeux Vidéos/EndlessRunner/Assets/Scripts/PlayerMovement.cs" />
      </Files>
      <Classes>
        <Class>
          <Summary numSequencePoints="6" visitedSequencePoints="0" numBranchPoints="0" visitedBranchPoints="0" sequenceCoverage="0.0" branchCoverage="0.0" maxCyclomaticComplexity="0" minCyclomaticComplexity="0" maxCrapScore="0" minCrapScore="0" visitedClasses="0" numClasses="1" visitedMethods="0" numMethods="2" />
          <FullName>CameraFollow</FullName>
          <Methods>
            <Method visited="false" cyclomaticComplexity="0" nPathComplexity="0" sequenceCoverage="0.0" branchCoverage="0" crapScore="0" isConstructor="false" isStatic="false" isGetter="false" isSetter="false">
              <Summary numSequencePoints="2" visitedSequencePoints="0" numBranchPoints="0" visitedBranchPoints="0" sequenceCoverage="0.0" branchCoverage="0" maxCyclomaticComplexity="0" minCyclomaticComplexity="0" maxCrapScore="0" minCrapScore="0" visitedClasses="0" numClasses="0" visitedMethods="0" numMethods="1" />
              <MetadataToken>100663297</MetadataToken>
              <Name>System.Void CameraFollow::Start()</Name>
              <FileRef uid="4" />
              <SequencePoints>
                <SequencePoint vc="0" uspid="148" ordinal="0" offset="0" sl="11" sc="0" el="11" ec="0" bec="0" bev="0" fileid="4" />
                <SequencePoint vc="0" uspid="149" ordinal="0" offset="33" sl="12" sc="0" el="12" ec="0" bec="0" bev="0" fileid="4" />
              </SequencePoints>
              <BranchPoints />
            </Method>
            <Method visited="false" cyclomaticComplexity="0" nPathComplexity="0" sequenceCoverage="0.0" branchCoverage="0" crapScore="0" isConstructor="false" isStatic="false" isGetter="false" isSetter="false">
              <Summary numSequencePoints="4" visitedSequencePoints="0" numBranchPoints="0" visitedBranchPoints="0" sequenceCoverage="0.0" branchCoverage="0" maxCyclomaticComplexity="0" minCyclomaticComplexity="0" maxCrapScore="0" minCrapScore="0" visitedClasses="0" numClasses="0" visitedMethods="0" numMethods="1" />
              <MetadataToken>100663298</MetadataToken>
              <Name>System.Void CameraFollow::Update()</Name>
              <FileRef uid="4" />
              <SequencePoints>
                <SequencePoint vc="0" uspid="150" ordinal="0" offset="0" sl="17" sc="0" el="17" ec="0" bec="0" bev="0" fileid="4" />
                <SequencePoint vc="0" uspid="151" ordinal="0" offset="23" sl="18" sc="0" el="18" ec="0" bec="0" bev="0" fileid="4" />
                <SequencePoint vc="0" uspid="152" ordinal="0" offset="35" sl="19" sc="0" el="19" ec="0" bec="0" bev="0" fileid="4" />
                <SequencePoint vc="0" uspid="153" ordinal="0" offset="47" sl="20" sc="0" el="20" ec="0" bec="0" bev="0" fileid="4" />
              </SequencePoints>
              <BranchPoints />
            </Method>
          </Methods>
        </Class>
        <Class>
          <Summary numSequencePoints="11" visitedSequencePoints="0" numBranchPoints="0" visitedBranchPoints="0" sequenceCoverage="0.0" branchCoverage="0.0" maxCyclomaticComplexity="0" minCyclomaticComplexity="0" maxCrapScore="0" minCrapScore="0" visitedClasses="0" numClasses="1" visitedMethods="0" numMethods="3" />
          <FullName>Coin</FullName>
          <Methods>
            <Method visited="false" cyclomaticComplexity="0" nPathComplexity="0" sequenceCoverage="0.0" branchCoverage="0" crapScore="0" isConstructor="false" isStatic="false" isGetter="false" isSetter="false">
              <Summary numSequencePoints="8" visitedSequencePoints="0" numBranchPoints="0" visitedBranchPoints="0" sequenceCoverage="0.0" branchCoverage="0" maxCyclomaticComplexity="0" minCyclomaticComplexity="0" maxCrapScore="0" minCrapScore="0" visitedClasses="0" numClasses="0" visitedMethods="0" numMethods="1" />
              <MetadataToken>100663300</MetadataToken>
              <Name>System.Void Coin::OnTriggerEnter(UnityEngine.Collider)</Name>
              <FileRef uid="5" />
              <SequencePoints>
                <SequencePoint vc="0" uspid="154" ordinal="0" offset="0" sl="8" sc="0" el="8" ec="0" bec="0" bev="0" fileid="5" />
                <SequencePoint vc="0" uspid="155" ordinal="0" offset="13" sl="10" sc="0" el="10" ec="0" bec="0" bev="0" fileid="5" />
                <SequencePoint vc="0" uspid="156" ordinal="0" offset="24" sl="11" sc="0" el="11" ec="0" bec="0" bev="0" fileid="5" />
                <SequencePoint vc="0" uspid="157" ordinal="0" offset="25" sl="14" sc="0" el="14" ec="0" bec="0" bev="0" fileid="5" />
                <SequencePoint vc="0" uspid="158" ordinal="0" offset="38" sl="16" sc="0" el="16" ec="0" bec="0" bev="0" fileid="5" />
                <SequencePoint vc="0" uspid="159" ordinal="0" offset="39" sl="19" sc="0" el="19" ec="0" bec="0" bev="0" fileid="5" />
                <SequencePoint vc="0" uspid="160" ordinal="0" offset="49" sl="21" sc="0" el="21" ec="0" bec="0" bev="0" fileid="5" />
                <SequencePoint vc="0" uspid="161" ordinal="0" offset="60" sl="22" sc="0" el="22" ec="0" bec="0" bev="0" fileid="5" />
              </SequencePoints>
              <BranchPoints />
            </Method>
            <Method visited="false" cyclomaticComplexity="0" nPathComplexity="0" sequenceCoverage="0.0" branchCoverage="0" crapScore="0" isConstructor="false" isStatic="false" isGetter="false" isSetter="false">
              <Summary numSequencePoints="2" visitedSequencePoints="0" numBranchPoints="0" visitedBranchPoints="0" sequenceCoverage="0.0" branchCoverage="0" maxCyclomaticComplexity="0" minCyclomaticComplexity="0" maxCrapScore="0" minCrapScore="0" visitedClasses="0" numClasses="0" visitedMethods="0" numMethods="1" />
              <MetadataToken>100663301</MetadataToken>
              <Name>System.Void Coin::Update()</Name>
              <FileRef uid="5" />
              <SequencePoints>
                <SequencePoint vc="0" uspid="162" ordinal="0" offset="0" sl="27" sc="0" el="27" ec="0" bec="0" bev="0" fileid="5" />
                <SequencePoint vc="0" uspid="163" ordinal="0" offset="33" sl="28" sc="0" el="28" ec="0" bec="0" bev="0" fileid="5" />
              </SequencePoints>
              <BranchPoints />
            </Method>
            <Method visited="false" cyclomaticComplexity="0" nPathComplexity="0" sequenceCoverage="0.0" branchCoverage="0" crapScore="0" isConstructor="true" isStatic="false" isGetter="false" isSetter="false">
              <Summary numSequencePoints="1" visitedSequencePoints="0" numBranchPoints="0" visitedBranchPoints="0" sequenceCoverage="0.0" branchCoverage="0" maxCyclomaticComplexity="0" minCyclomaticComplexity="0" maxCrapScore="0" minCrapScore="0" visitedClasses="0" numClasses="0" visitedMethods="0" numMethods="1" />
              <MetadataToken>100663302</MetadataToken>
              <Name>Coin::Coin()</Name>
              <FileRef uid="5" />
              <SequencePoints>
                <SequencePoint vc="0" uspid="164" ordinal="0" offset="0" sl="5" sc="22" el="5" ec="22" bec="0" bev="0" fileid="5" />
              </SequencePoints>
              <BranchPoints />
            </Method>
          </Methods>
        </Class>
        <Class>
          <Summary numSequencePoints="30" visitedSequencePoints="0" numBranchPoints="0" visitedBranchPoints="0" sequenceCoverage="0.0" branchCoverage="0.0" maxCyclomaticComplexity="0" minCyclomaticComplexity="0" maxCrapScore="0" minCrapScore="0" visitedClasses="0" numClasses="1" visitedMethods="0" numMethods="7" />
          <FullName>GameManager</FullName>
          <Methods>
            <Method visited="false" cyclomaticComplexity="0" nPathComplexity="0" sequenceCoverage="0.0" branchCoverage="0" crapScore="0" isConstructor="false" isStatic="false" isGetter="false" isSetter="false">
              <Summary numSequencePoints="6" visitedSequencePoints="0" numBranchPoints="0" visitedBranchPoints="0" sequenceCoverage="0.0" branchCoverage="0" maxCyclomaticComplexity="0" minCyclomaticComplexity="0" maxCrapScore="0" minCrapScore="0" visitedClasses="0" numClasses="0" visitedMethods="0" numMethods="1" />
              <MetadataToken>100663303</MetadataToken>
              <Name>System.Void GameManager::Start()</Name>
              <FileRef uid="6" />
              <SequencePoints>
                <SequencePoint vc="0" uspid="165" ordinal="0" offset="0" sl="25" sc="0" el="25" ec="0" bec="0" bev="0" fileid="6" />
                <SequencePoint vc="0" uspid="166" ordinal="0" offset="7" sl="26" sc="0" el="26" ec="0" bec="0" bev="0" fileid="6" />
                <SequencePoint vc="0" uspid="167" ordinal="0" offset="28" sl="27" sc="0" el="27" ec="0" bec="0" bev="0" fileid="6" />
                <SequencePoint vc="0" uspid="168" ordinal="0" offset="40" sl="30" sc="0" el="30" ec="0" bec="0" bev="0" fileid="6" />
                <SequencePoint vc="0" uspid="169" ordinal="0" offset="51" sl="31" sc="0" el="31" ec="0" bec="0" bev="0" fileid="6" />
                <SequencePoint vc="0" uspid="170" ordinal="0" offset="58" sl="32" sc="0" el="32" ec="0" bec="0" bev="0" fileid="6" />
              </SequencePoints>
              <BranchPoints />
            </Method>
            <Method visited="false" cyclomaticComplexity="0" nPathComplexity="0" sequenceCoverage="0.0" branchCoverage="0" crapScore="0" isConstructor="false" isStatic="false" isGetter="false" isSetter="false">
              <Summary numSequencePoints="5" visitedSequencePoints="0" numBranchPoints="0" visitedBranchPoints="0" sequenceCoverage="0.0" branchCoverage="0" maxCyclomaticComplexity="0" minCyclomaticComplexity="0" maxCrapScore="0" minCrapScore="0" visitedClasses="0" numClasses="0" visitedMethods="0" numMethods="1" />
              <MetadataToken>100663304</MetadataToken>
              <Name>System.Void GameManager::Update()</Name>
              <FileRef uid="6" />
              <SequencePoints>
                <SequencePoint vc="0" uspid="171" ordinal="0" offset="0" sl="35" sc="0" el="35" ec="0" bec="0" bev="0" fileid="6" />
                <SequencePoint vc="0" uspid="172" ordinal="0" offset="8" sl="37" sc="0" el="37" ec="0" bec="0" bev="0" fileid="6" />
                <SequencePoint vc="0" uspid="173" ordinal="0" offset="32" sl="40" sc="0" el="40" ec="0" bec="0" bev="0" fileid="6" />
                <SequencePoint vc="0" uspid="174" ordinal="0" offset="72" sl="42" sc="0" el="42" ec="0" bec="0" bev="0" fileid="6" />
                <SequencePoint vc="0" uspid="175" ordinal="0" offset="78" sl="45" sc="0" el="45" ec="0" bec="0" bev="0" fileid="6" />
              </SequencePoints>
              <BranchPoints />
            </Method>
            <Method visited="false" cyclomaticComplexity="0" nPathComplexity="0" sequenceCoverage="0.0" branchCoverage="0" crapScore="0" isConstructor="false" isStatic="false" isGetter="false" isSetter="false">
              <Summary numSequencePoints="4" visitedSequencePoints="0" numBranchPoints="0" visitedBranchPoints="0" sequenceCoverage="0.0" branchCoverage="0" maxCyclomaticComplexity="0" minCyclomaticComplexity="0" maxCrapScore="0" minCrapScore="0" visitedClasses="0" numClasses="0" visitedMethods="0" numMethods="1" />
              <MetadataToken>100663305</MetadataToken>
              <Name>System.Void GameManager::IncrementScore()</Name>
              <FileRef uid="6" />
              <SequencePoints>
                <SequencePoint vc="0" uspid="176" ordinal="0" offset="0" sl="50" sc="0" el="50" ec="0" bec="0" bev="0" fileid="6" />
                <SequencePoint vc="0" uspid="177" ordinal="0" offset="14" sl="51" sc="0" el="51" ec="0" bec="0" bev="0" fileid="6" />
                <SequencePoint vc="0" uspid="178" ordinal="0" offset="46" sl="52" sc="0" el="52" ec="0" bec="0" bev="0" fileid="6" />
                <SequencePoint vc="0" uspid="179" ordinal="0" offset="75" sl="53" sc="0" el="53" ec="0" bec="0" bev="0" fileid="6" />
              </SequencePoints>
              <BranchPoints />
            </Method>
            <Method visited="false" cyclomaticComplexity="0" nPathComplexity="0" sequenceCoverage="0.0" branchCoverage="0" crapScore="0" isConstructor="false" isStatic="false" isGetter="false" isSetter="false">
              <Summary numSequencePoints="2" visitedSequencePoints="0" numBranchPoints="0" visitedBranchPoints="0" sequenceCoverage="0.0" branchCoverage="0" maxCyclomaticComplexity="0" minCyclomaticComplexity="0" maxCrapScore="0" minCrapScore="0" visitedClasses="0" numClasses="0" visitedMethods="0" numMethods="1" />
              <MetadataToken>100663306</MetadataToken>
              <Name>System.Void GameManager::Awake()</Name>
              <FileRef uid="6" />
              <SequencePoints>
                <SequencePoint vc="0" uspid="180" ordinal="0" offset="0" sl="57" sc="0" el="57" ec="0" bec="0" bev="0" fileid="6" />
                <SequencePoint vc="0" uspid="181" ordinal="0" offset="6" sl="58" sc="0" el="58" ec="0" bec="0" bev="0" fileid="6" />
              </SequencePoints>
              <BranchPoints />
            </Method>
            <Method visited="false" cyclomaticComplexity="0" nPathComplexity="0" sequenceCoverage="0.0" branchCoverage="0" crapScore="0" isConstructor="false" isStatic="false" isGetter="false" isSetter="false">
              <Summary numSequencePoints="7" visitedSequencePoints="0" numBranchPoints="0" visitedBranchPoints="0" sequenceCoverage="0.0" branchCoverage="0" maxCyclomaticComplexity="0" minCyclomaticComplexity="0" maxCrapScore="0" minCrapScore="0" visitedClasses="0" numClasses="0" visitedMethods="0" numMethods="1" />
              <MetadataToken>100663307</MetadataToken>
              <Name>System.Void GameManager::CheckMilestone()</Name>
              <FileRef uid="6" />
              <SequencePoints>
                <SequencePoint vc="0" uspid="182" ordinal="0" offset="0" sl="62" sc="0" el="62" ec="0" bec="0" bev="0" fileid="6" />
                <SequencePoint vc="0" uspid="183" ordinal="0" offset="11" sl="64" sc="0" el="64" ec="0" bec="0" bev="0" fileid="6" />
                <SequencePoint vc="0" uspid="184" ordinal="0" offset="18" sl="66" sc="0" el="66" ec="0" bec="0" bev="0" fileid="6" />
                <SequencePoint vc="0" uspid="185" ordinal="0" offset="32" sl="68" sc="0" el="68" ec="0" bec="0" bev="0" fileid="6" />
                <SequencePoint vc="0" uspid="186" ordinal="0" offset="60" sl="70" sc="0" el="70" ec="0" bec="0" bev="0" fileid="6" />
                <SequencePoint vc="0" uspid="187" ordinal="0" offset="77" sl="73" sc="0" el="73" ec="0" bec="0" bev="0" fileid="6" />
                <SequencePoint vc="0" uspid="188" ordinal="0" offset="84" sl="76" sc="0" el="76" ec="0" bec="0" bev="0" fileid="6" />
              </SequencePoints>
              <BranchPoints />
            </Method>
            <Method visited="false" cyclomaticComplexity="0" nPathComplexity="0" sequenceCoverage="0.0" branchCoverage="0" crapScore="0" isConstructor="false" isStatic="false" isGetter="false" isSetter="false">
              <Summary numSequencePoints="4" visitedSequencePoints="0" numBranchPoints="0" visitedBranchPoints="0" sequenceCoverage="0.0" branchCoverage="0" maxCyclomaticComplexity="0" minCyclomaticComplexity="0" maxCrapScore="0" minCrapScore="0" visitedClasses="0" numClasses="0" visitedMethods="0" numMethods="1" />
              <MetadataToken>100663308</MetadataToken>
              <Name>System.Void GameManager::GameOver()</Name>
              <FileRef uid="6" />
              <SequencePoints>
                <SequencePoint vc="0" uspid="189" ordinal="0" offset="0" sl="80" sc="0" el="80" ec="0" bec="0" bev="0" fileid="6" />
                <SequencePoint vc="0" uspid="190" ordinal="0" offset="7" sl="81" sc="0" el="81" ec="0" bec="0" bev="0" fileid="6" />
                <SequencePoint vc="0" uspid="191" ordinal="0" offset="24" sl="82" sc="0" el="82" ec="0" bec="0" bev="0" fileid="6" />
                <SequencePoint vc="0" uspid="192" ordinal="0" offset="41" sl="83" sc="0" el="83" ec="0" bec="0" bev="0" fileid="6" />
              </SequencePoints>
              <BranchPoints />
            </Method>
            <Method visited="false" cyclomaticComplexity="0" nPathComplexity="0" sequenceCoverage="0.0" branchCoverage="0" crapScore="0" isConstructor="false" isStatic="false" isGetter="false" isSetter="false">
              <Summary numSequencePoints="2" visitedSequencePoints="0" numBranchPoints="0" visitedBranchPoints="0" sequenceCoverage="0.0" branchCoverage="0" maxCyclomaticComplexity="0" minCyclomaticComplexity="0" maxCrapScore="0" minCrapScore="0" visitedClasses="0" numClasses="0" visitedMethods="0" numMethods="1" />
              <MetadataToken>100663309</MetadataToken>
              <Name>System.Void GameManager::RestartGame()</Name>
              <FileRef uid="6" />
              <SequencePoints>
                <SequencePoint vc="0" uspid="193" ordinal="0" offset="0" sl="87" sc="0" el="87" ec="0" bec="0" bev="0" fileid="6" />
                <SequencePoint vc="0" uspid="194" ordinal="0" offset="18" sl="88" sc="0" el="88" ec="0" bec="0" bev="0" fileid="6" />
              </SequencePoints>
              <BranchPoints />
            </Method>
          </Methods>
        </Class>
        <Class>
          <Summary numSequencePoints="13" visitedSequencePoints="0" numBranchPoints="0" visitedBranchPoints="0" sequenceCoverage="0.0" branchCoverage="0.0" maxCyclomaticComplexity="0" minCyclomaticComplexity="0" maxCrapScore="0" minCrapScore="0" visitedClasses="0" numClasses="1" visitedMethods="0" numMethods="2" />
          <FullName>GroundSpawner</FullName>
          <Methods>
            <Method visited="false" cyclomaticComplexity="0" nPathComplexity="0" sequenceCoverage="0.0" branchCoverage="0" crapScore="0" isConstructor="false" isStatic="false" isGetter="false" isSetter="false">
              <Summary numSequencePoints="6" visitedSequencePoints="0" numBranchPoints="0" visitedBranchPoints="0" sequenceCoverage="0.0" branchCoverage="0" maxCyclomaticComplexity="0" minCyclomaticComplexity="0" maxCrapScore="0" minCrapScore="0" visitedClasses="0" numClasses="0" visitedMethods="0" numMethods="1" />
              <MetadataToken>100663311</MetadataToken>
              <Name>System.Void GroundSpawner::SpawnTile(System.Boolean)</Name>
              <FileRef uid="7" />
              <SequencePoints>
                <SequencePoint vc="0" uspid="195" ordinal="0" offset="0" sl="10" sc="0" el="10" ec="0" bec="0" bev="0" fileid="7" />
                <SequencePoint vc="0" uspid="196" ordinal="0" offset="23" sl="11" sc="0" el="11" ec="0" bec="0" bev="0" fileid="7" />
                <SequencePoint vc="0" uspid="197" ordinal="0" offset="51" sl="13" sc="0" el="13" ec="0" bec="0" bev="0" fileid="7" />
                <SequencePoint vc="0" uspid="198" ordinal="0" offset="54" sl="15" sc="0" el="15" ec="0" bec="0" bev="0" fileid="7" />
                <SequencePoint vc="0" uspid="199" ordinal="0" offset="65" sl="16" sc="0" el="16" ec="0" bec="0" bev="0" fileid="7" />
                <SequencePoint vc="0" uspid="200" ordinal="0" offset="76" sl="18" sc="0" el="18" ec="0" bec="0" bev="0" fileid="7" />
              </SequencePoints>
              <BranchPoints />
            </Method>
            <Method visited="false" cyclomaticComplexity="0" nPathComplexity="0" sequenceCoverage="0.0" branchCoverage="0" crapScore="0" isConstructor="false" isStatic="false" isGetter="false" isSetter="false">
              <Summary numSequencePoints="7" visitedSequencePoints="0" numBranchPoints="0" visitedBranchPoints="0" sequenceCoverage="0.0" branchCoverage="0" maxCyclomaticComplexity="0" minCyclomaticComplexity="0" maxCrapScore="0" minCrapScore="0" visitedClasses="0" numClasses="0" visitedMethods="0" numMethods="1" />
              <MetadataToken>100663312</MetadataToken>
              <Name>System.Void GroundSpawner::Start()</Name>
              <FileRef uid="7" />
              <SequencePoints>
                <SequencePoint vc="0" uspid="201" ordinal="0" offset="0" sl="21" sc="0" el="21" ec="0" bec="0" bev="0" fileid="7" />
                <SequencePoint vc="0" uspid="202" ordinal="0" offset="4" sl="23" sc="0" el="23" ec="0" bec="0" bev="0" fileid="7" />
                <SequencePoint vc="0" uspid="203" ordinal="0" offset="8" sl="25" sc="0" el="25" ec="0" bec="0" bev="0" fileid="7" />
                <SequencePoint vc="0" uspid="204" ordinal="0" offset="17" sl="29" sc="0" el="29" ec="0" bec="0" bev="0" fileid="7" />
                <SequencePoint vc="0" uspid="205" ordinal="0" offset="24" sl="21" sc="0" el="21" ec="0" bec="0" bev="0" fileid="7" />
                <SequencePoint vc="0" uspid="206" ordinal="0" offset="28" sl="21" sc="0" el="21" ec="0" bec="0" bev="0" fileid="7" />
                <SequencePoint vc="0" uspid="207" ordinal="0" offset="33" sl="32" sc="0" el="32" ec="0" bec="0" bev="0" fileid="7" />
              </SequencePoints>
              <BranchPoints />
            </Method>
          </Methods>
        </Class>
        <Class>
          <Summary numSequencePoints="37" visitedSequencePoints="0" numBranchPoints="0" visitedBranchPoints="0" sequenceCoverage="0.0" branchCoverage="0.0" maxCyclomaticComplexity="0" minCyclomaticComplexity="0" maxCrapScore="0" minCrapScore="0" visitedClasses="0" numClasses="1" visitedMethods="0" numMethods="6" />
          <FullName>GroundTile</FullName>
          <Methods>
            <Method visited="false" cyclomaticComplexity="0" nPathComplexity="0" sequenceCoverage="0.0" branchCoverage="0" crapScore="0" isConstructor="false" isStatic="false" isGetter="false" isSetter="false">
              <Summary numSequencePoints="11" visitedSequencePoints="0" numBranchPoints="0" visitedBranchPoints="0" sequenceCoverage="0.0" branchCoverage="0" maxCyclomaticComplexity="0" minCyclomaticComplexity="0" maxCrapScore="0" minCrapScore="0" visitedClasses="0" numClasses="0" visitedMethods="0" numMethods="1" />
              <MetadataToken>100663314</MetadataToken>
              <Name>System.Void GroundTile::Awake()</Name>
              <FileRef uid="8" />
              <SequencePoints>
                <SequencePoint vc="0" uspid="208" ordinal="0" offset="0" sl="14" sc="0" el="14" ec="0" bec="0" bev="0" fileid="8" />
                <SequencePoint vc="0" uspid="209" ordinal="0" offset="11" sl="15" sc="0" el="15" ec="0" bec="0" bev="0" fileid="8" />
                <SequencePoint vc="0" uspid="210" ordinal="0" offset="19" sl="17" sc="0" el="17" ec="0" bec="0" bev="0" fileid="8" />
                <SequencePoint vc="0" uspid="211" ordinal="0" offset="29" sl="18" sc="0" el="18" ec="0" bec="0" bev="0" fileid="8" />
                <SequencePoint vc="0" uspid="212" ordinal="0" offset="36" sl="19" sc="0" el="19" ec="0" bec="0" bev="0" fileid="8" />
                <SequencePoint vc="0" uspid="213" ordinal="0" offset="37" sl="21" sc="0" el="21" ec="0" bec="0" bev="0" fileid="8" />
                <SequencePoint vc="0" uspid="214" ordinal="0" offset="49" sl="22" sc="0" el="22" ec="0" bec="0" bev="0" fileid="8" />
                <SequencePoint vc="0" uspid="215" ordinal="0" offset="62" sl="24" sc="0" el="24" ec="0" bec="0" bev="0" fileid="8" />
                <SequencePoint vc="0" uspid="216" ordinal="0" offset="72" sl="25" sc="0" el="25" ec="0" bec="0" bev="0" fileid="8" />
                <SequencePoint vc="0" uspid="217" ordinal="0" offset="79" sl="26" sc="0" el="26" ec="0" bec="0" bev="0" fileid="8" />
                <SequencePoint vc="0" uspid="218" ordinal="0" offset="80" sl="29" sc="0" el="29" ec="0" bec="0" bev="0" fileid="8" />
              </SequencePoints>
              <BranchPoints />
            </Method>
            <Method visited="false" cyclomaticComplexity="0" nPathComplexity="0" sequenceCoverage="0.0" branchCoverage="0" crapScore="0" isConstructor="false" isStatic="false" isGetter="false" isSetter="false">
              <Summary numSequencePoints="4" visitedSequencePoints="0" numBranchPoints="0" visitedBranchPoints="0" sequenceCoverage="0.0" branchCoverage="0" maxCyclomaticComplexity="0" minCyclomaticComplexity="0" maxCrapScore="0" minCrapScore="0" visitedClasses="0" numClasses="0" visitedMethods="0" numMethods="1" />
              <MetadataToken>100663315</MetadataToken>
              <Name>System.Void GroundTile::OnTriggerExit(UnityEngine.Collider)</Name>
              <FileRef uid="8" />
              <SequencePoints>
                <SequencePoint vc="0" uspid="219" ordinal="0" offset="0" sl="33" sc="0" el="33" ec="0" bec="0" bev="0" fileid="8" />
                <SequencePoint vc="0" uspid="220" ordinal="0" offset="13" sl="35" sc="0" el="35" ec="0" bec="0" bev="0" fileid="8" />
                <SequencePoint vc="0" uspid="221" ordinal="0" offset="25" sl="36" sc="0" el="36" ec="0" bec="0" bev="0" fileid="8" />
                <SequencePoint vc="0" uspid="222" ordinal="0" offset="41" sl="39" sc="0" el="39" ec="0" bec="0" bev="0" fileid="8" />
              </SequencePoints>
              <BranchPoints />
            </Method>
            <Method visited="false" cyclomaticComplexity="0" nPathComplexity="0" sequenceCoverage="0.0" branchCoverage="0" crapScore="0" isConstructor="false" isStatic="false" isGetter="false" isSetter="false">
              <Summary numSequencePoints="8" visitedSequencePoints="0" numBranchPoints="0" visitedBranchPoints="0" sequenceCoverage="0.0" branchCoverage="0" maxCyclomaticComplexity="0" minCyclomaticComplexity="0" maxCrapScore="0" minCrapScore="0" visitedClasses="0" numClasses="0" visitedMethods="0" numMethods="1" />
              <MetadataToken>100663316</MetadataToken>
              <Name>System.Void GroundTile::SpawnObstacle()</Name>
              <FileRef uid="8" />
              <SequencePoints>
                <SequencePoint vc="0" uspid="223" ordinal="0" offset="0" sl="43" sc="0" el="43" ec="0" bec="0" bev="0" fileid="8" />
                <SequencePoint vc="0" uspid="224" ordinal="0" offset="7" sl="44" sc="0" el="44" ec="0" bec="0" bev="0" fileid="8" />
                <SequencePoint vc="0" uspid="225" ordinal="0" offset="22" sl="45" sc="0" el="45" ec="0" bec="0" bev="0" fileid="8" />
                <SequencePoint vc="0" uspid="226" ordinal="0" offset="30" sl="47" sc="0" el="47" ec="0" bec="0" bev="0" fileid="8" />
                <SequencePoint vc="0" uspid="227" ordinal="0" offset="37" sl="50" sc="0" el="50" ec="0" bec="0" bev="0" fileid="8" />
                <SequencePoint vc="0" uspid="228" ordinal="0" offset="45" sl="51" sc="0" el="51" ec="0" bec="0" bev="0" fileid="8" />
                <SequencePoint vc="0" uspid="229" ordinal="0" offset="63" sl="54" sc="0" el="54" ec="0" bec="0" bev="0" fileid="8" />
                <SequencePoint vc="0" uspid="230" ordinal="0" offset="87" sl="55" sc="0" el="55" ec="0" bec="0" bev="0" fileid="8" />
              </SequencePoints>
              <BranchPoints />
            </Method>
            <Method visited="false" cyclomaticComplexity="0" nPathComplexity="0" sequenceCoverage="0.0" branchCoverage="0" crapScore="0" isConstructor="false" isStatic="false" isGetter="false" isSetter="false">
              <Summary numSequencePoints="8" visitedSequencePoints="0" numBranchPoints="0" visitedBranchPoints="0" sequenceCoverage="0.0" branchCoverage="0" maxCyclomaticComplexity="0" minCyclomaticComplexity="0" maxCrapScore="0" minCrapScore="0" visitedClasses="0" numClasses="0" visitedMethods="0" numMethods="1" />
              <MetadataToken>100663317</MetadataToken>
              <Name>System.Void GroundTile::SpawnCoins()</Name>
              <FileRef uid="8" />
              <SequencePoints>
                <SequencePoint vc="0" uspid="231" ordinal="0" offset="0" sl="59" sc="0" el="59" ec="0" bec="0" bev="0" fileid="8" />
                <SequencePoint vc="0" uspid="232" ordinal="0" offset="3" sl="60" sc="0" el="60" ec="0" bec="0" bev="0" fileid="8" />
                <SequencePoint vc="0" uspid="233" ordinal="0" offset="10" sl="61" sc="0" el="61" ec="0" bec="0" bev="0" fileid="8" />
                <SequencePoint vc="0" uspid="234" ordinal="0" offset="14" sl="63" sc="0" el="63" ec="0" bec="0" bev="0" fileid="8" />
                <SequencePoint vc="0" uspid="235" ordinal="0" offset="31" sl="64" sc="0" el="64" ec="0" bec="0" bev="0" fileid="8" />
                <SequencePoint vc="0" uspid="236" ordinal="0" offset="48" sl="61" sc="0" el="61" ec="0" bec="0" bev="0" fileid="8" />
                <SequencePoint vc="0" uspid="237" ordinal="0" offset="52" sl="61" sc="0" el="61" ec="0" bec="0" bev="0" fileid="8" />
                <SequencePoint vc="0" uspid="238" ordinal="0" offset="56" sl="66" sc="0" el="66" ec="0" bec="0" bev="0" fileid="8" />
              </SequencePoints>
              <BranchPoints />
            </Method>
            <Method visited="false" cyclomaticComplexity="0" nPathComplexity="0" sequenceCoverage="0.0" branchCoverage="0" crapScore="0" isConstructor="false" isStatic="false" isGetter="false" isSetter="false">
              <Summary numSequencePoints="5" visitedSequencePoints="0" numBranchPoints="0" visitedBranchPoints="0" sequenceCoverage="0.0" branchCoverage="0" maxCyclomaticComplexity="0" minCyclomaticComplexity="0" maxCrapScore="0" minCrapScore="0" visitedClasses="0" numClasses="0" visitedMethods="0" numMethods="1" />
              <MetadataToken>100663318</MetadataToken>
              <Name>UnityEngine.Vector3 GroundTile::GetRandomPointInCollider(UnityEngine.Collider)</Name>
              <FileRef uid="8" />
              <SequencePoints>
                <SequencePoint vc="0" uspid="239" ordinal="0" offset="0" sl="70" sc="0" el="70" ec="0" bec="0" bev="0" fileid="8" />
                <SequencePoint vc="0" uspid="240" ordinal="0" offset="136" sl="76" sc="0" el="76" ec="0" bec="0" bev="0" fileid="8" />
                <SequencePoint vc="0" uspid="241" ordinal="0" offset="151" sl="78" sc="0" el="78" ec="0" bec="0" bev="0" fileid="8" />
                <SequencePoint vc="0" uspid="242" ordinal="0" offset="159" sl="81" sc="0" el="81" ec="0" bec="0" bev="0" fileid="8" />
                <SequencePoint vc="0" uspid="243" ordinal="0" offset="171" sl="82" sc="0" el="82" ec="0" bec="0" bev="0" fileid="8" />
              </SequencePoints>
              <BranchPoints />
            </Method>
            <Method visited="false" cyclomaticComplexity="0" nPathComplexity="0" sequenceCoverage="0.0" branchCoverage="0" crapScore="0" isConstructor="true" isStatic="false" isGetter="false" isSetter="false">
              <Summary numSequencePoints="1" visitedSequencePoints="0" numBranchPoints="0" visitedBranchPoints="0" sequenceCoverage="0.0" branchCoverage="0" maxCyclomaticComplexity="0" minCyclomaticComplexity="0" maxCrapScore="0" minCrapScore="0" visitedClasses="0" numClasses="0" visitedMethods="0" numMethods="1" />
              <MetadataToken>100663319</MetadataToken>
              <Name>GroundTile::GroundTile()</Name>
              <FileRef uid="8" />
              <SequencePoints>
                <SequencePoint vc="0" uspid="244" ordinal="0" offset="0" sl="9" sc="22" el="9" ec="22" bec="0" bev="0" fileid="8" />
              </SequencePoints>
              <BranchPoints />
            </Method>
          </Methods>
        </Class>
        <Class>
          <Summary numSequencePoints="17" visitedSequencePoints="0" numBranchPoints="0" visitedBranchPoints="0" sequenceCoverage="0.0" branchCoverage="0.0" maxCyclomaticComplexity="0" minCyclomaticComplexity="0" maxCrapScore="0" minCrapScore="0" visitedClasses="0" numClasses="1" visitedMethods="0" numMethods="3" />
          <FullName>Obstacle</FullName>
          <Methods>
            <Method visited="false" cyclomaticComplexity="0" nPathComplexity="0" sequenceCoverage="0.0" branchCoverage="0" crapScore="0" isConstructor="false" isStatic="false" isGetter="false" isSetter="false">
              <Summary numSequencePoints="11" visitedSequencePoints="0" numBranchPoints="0" visitedBranchPoints="0" sequenceCoverage="0.0" branchCoverage="0" maxCyclomaticComplexity="0" minCyclomaticComplexity="0" maxCrapScore="0" minCrapScore="0" visitedClasses="0" numClasses="0" visitedMethods="0" numMethods="1" />
              <MetadataToken>100663321</MetadataToken>
              <Name>System.Void Obstacle::Awake()</Name>
              <FileRef uid="9" />
              <SequencePoints>
                <SequencePoint vc="0" uspid="245" ordinal="0" offset="0" sl="13" sc="0" el="13" ec="0" bec="0" bev="0" fileid="9" />
                <SequencePoint vc="0" uspid="246" ordinal="0" offset="11" sl="14" sc="0" el="14" ec="0" bec="0" bev="0" fileid="9" />
                <SequencePoint vc="0" uspid="247" ordinal="0" offset="19" sl="16" sc="0" el="16" ec="0" bec="0" bev="0" fileid="9" />
                <SequencePoint vc="0" uspid="248" ordinal="0" offset="29" sl="17" sc="0" el="17" ec="0" bec="0" bev="0" fileid="9" />
                <SequencePoint vc="0" uspid="249" ordinal="0" offset="36" sl="18" sc="0" el="18" ec="0" bec="0" bev="0" fileid="9" />
                <SequencePoint vc="0" uspid="250" ordinal="0" offset="37" sl="20" sc="0" el="20" ec="0" bec="0" bev="0" fileid="9" />
                <SequencePoint vc="0" uspid="251" ordinal="0" offset="49" sl="22" sc="0" el="22" ec="0" bec="0" bev="0" fileid="9" />
                <SequencePoint vc="0" uspid="252" ordinal="0" offset="57" sl="24" sc="0" el="24" ec="0" bec="0" bev="0" fileid="9" />
                <SequencePoint vc="0" uspid="253" ordinal="0" offset="67" sl="25" sc="0" el="25" ec="0" bec="0" bev="0" fileid="9" />
                <SequencePoint vc="0" uspid="254" ordinal="0" offset="74" sl="26" sc="0" el="26" ec="0" bec="0" bev="0" fileid="9" />
                <SequencePoint vc="0" uspid="255" ordinal="0" offset="75" sl="29" sc="0" el="29" ec="0" bec="0" bev="0" fileid="9" />
              </SequencePoints>
              <BranchPoints />
            </Method>
            <Method visited="false" cyclomaticComplexity="0" nPathComplexity="0" sequenceCoverage="0.0" branchCoverage="0" crapScore="0" isConstructor="false" isStatic="false" isGetter="false" isSetter="false">
              <Summary numSequencePoints="2" visitedSequencePoints="0" numBranchPoints="0" visitedBranchPoints="0" sequenceCoverage="0.0" branchCoverage="0" maxCyclomaticComplexity="0" minCyclomaticComplexity="0" maxCrapScore="0" minCrapScore="0" visitedClasses="0" numClasses="0" visitedMethods="0" numMethods="1" />
              <MetadataToken>100663322</MetadataToken>
              <Name>System.Void Obstacle::OnCollisionEnter(UnityEngine.Collision)</Name>
              <FileRef uid="9" />
              <SequencePoints>
                <SequencePoint vc="0" uspid="256" ordinal="0" offset="0" sl="33" sc="0" el="33" ec="0" bec="0" bev="0" fileid="9" />
                <SequencePoint vc="0" uspid="257" ordinal="0" offset="12" sl="34" sc="0" el="34" ec="0" bec="0" bev="0" fileid="9" />
              </SequencePoints>
              <BranchPoints />
            </Method>
            <Method visited="false" cyclomaticComplexity="0" nPathComplexity="0" sequenceCoverage="0.0" branchCoverage="0" crapScore="0" isConstructor="false" isStatic="false" isGetter="false" isSetter="false">
              <Summary numSequencePoints="4" visitedSequencePoints="0" numBranchPoints="0" visitedBranchPoints="0" sequenceCoverage="0.0" branchCoverage="0" maxCyclomaticComplexity="0" minCyclomaticComplexity="0" maxCrapScore="0" minCrapScore="0" visitedClasses="0" numClasses="0" visitedMethods="0" numMethods="1" />
              <MetadataToken>100663323</MetadataToken>
              <Name>System.Void Obstacle::CheckCollision(UnityEngine.GameObject)</Name>
              <FileRef uid="9" />
              <SequencePoints>
                <SequencePoint vc="0" uspid="258" ordinal="0" offset="0" sl="38" sc="0" el="38" ec="0" bec="0" bev="0" fileid="9" />
                <SequencePoint vc="0" uspid="259" ordinal="0" offset="18" sl="40" sc="0" el="40" ec="0" bec="0" bev="0" fileid="9" />
                <SequencePoint vc="0" uspid="260" ordinal="0" offset="26" sl="40" sc="0" el="40" ec="0" bec="0" bev="0" fileid="9" />
                <SequencePoint vc="0" uspid="261" ordinal="0" offset="37" sl="42" sc="0" el="42" ec="0" bec="0" bev="0" fileid="9" />
              </SequencePoints>
              <BranchPoints />
            </Method>
          </Methods>
        </Class>
        <Class>
          <Summary numSequencePoints="54" visitedSequencePoints="0" numBranchPoints="0" visitedBranchPoints="0" sequenceCoverage="0.0" branchCoverage="0.0" maxCyclomaticComplexity="0" minCyclomaticComplexity="0" maxCrapScore="0" minCrapScore="0" visitedClasses="0" numClasses="1" visitedMethods="0" numMethods="7" />
          <FullName>PlayerMovement</FullName>
          <Methods>
            <Method visited="false" cyclomaticComplexity="0" nPathComplexity="0" sequenceCoverage="0.0" branchCoverage="0" crapScore="0" isConstructor="false" isStatic="false" isGetter="false" isSetter="false">
              <Summary numSequencePoints="14" visitedSequencePoints="0" numBranchPoints="0" visitedBranchPoints="0" sequenceCoverage="0.0" branchCoverage="0" maxCyclomaticComplexity="0" minCyclomaticComplexity="0" maxCrapScore="0" minCrapScore="0" visitedClasses="0" numClasses="0" visitedMethods="0" numMethods="1" />
              <MetadataToken>100663325</MetadataToken>
              <Name>System.Void PlayerMovement::Awake()</Name>
              <FileRef uid="10" />
              <SequencePoints>
                <SequencePoint vc="0" uspid="262" ordinal="0" offset="0" sl="26" sc="0" el="26" ec="0" bec="0" bev="0" fileid="10" />
                <SequencePoint vc="0" uspid="263" ordinal="0" offset="12" sl="27" sc="0" el="27" ec="0" bec="0" bev="0" fileid="10" />
                <SequencePoint vc="0" uspid="264" ordinal="0" offset="24" sl="28" sc="0" el="28" ec="0" bec="0" bev="0" fileid="10" />
                <SequencePoint vc="0" uspid="265" ordinal="0" offset="36" sl="29" sc="0" el="29" ec="0" bec="0" bev="0" fileid="10" />
                <SequencePoint vc="0" uspid="266" ordinal="0" offset="57" sl="30" sc="0" el="30" ec="0" bec="0" bev="0" fileid="10" />
                <SequencePoint vc="0" uspid="267" ordinal="0" offset="78" sl="32" sc="0" el="32" ec="0" bec="0" bev="0" fileid="10" />
                <SequencePoint vc="0" uspid="268" ordinal="0" offset="91" sl="34" sc="0" el="34" ec="0" bec="0" bev="0" fileid="10" />
                <SequencePoint vc="0" uspid="269" ordinal="0" offset="101" sl="35" sc="0" el="35" ec="0" bec="0" bev="0" fileid="10" />
                <SequencePoint vc="0" uspid="270" ordinal="0" offset="108" sl="36" sc="0" el="36" ec="0" bec="0" bev="0" fileid="10" />
                <SequencePoint vc="0" uspid="271" ordinal="0" offset="109" sl="38" sc="0" el="38" ec="0" bec="0" bev="0" fileid="10" />
                <SequencePoint vc="0" uspid="272" ordinal="0" offset="122" sl="40" sc="0" el="40" ec="0" bec="0" bev="0" fileid="10" />
                <SequencePoint vc="0" uspid="273" ordinal="0" offset="132" sl="41" sc="0" el="41" ec="0" bec="0" bev="0" fileid="10" />
                <SequencePoint vc="0" uspid="274" ordinal="0" offset="139" sl="42" sc="0" el="42" ec="0" bec="0" bev="0" fileid="10" />
                <SequencePoint vc="0" uspid="275" ordinal="0" offset="140" sl="45" sc="0" el="45" ec="0" bec="0" bev="0" fileid="10" />
              </SequencePoints>
              <BranchPoints />
            </Method>
            <Method visited="false" cyclomaticComplexity="0" nPathComplexity="0" sequenceCoverage="0.0" branchCoverage="0" crapScore="0" isConstructor="false" isStatic="false" isGetter="false" isSetter="false">
              <Summary numSequencePoints="6" visitedSequencePoints="0" numBranchPoints="0" visitedBranchPoints="0" sequenceCoverage="0.0" branchCoverage="0" maxCyclomaticComplexity="0" minCyclomaticComplexity="0" maxCrapScore="0" minCrapScore="0" visitedClasses="0" numClasses="0" visitedMethods="0" numMethods="1" />
              <MetadataToken>100663326</MetadataToken>
              <Name>System.Void PlayerMovement::Update()</Name>
              <FileRef uid="10" />
              <SequencePoints>
                <SequencePoint vc="0" uspid="276" ordinal="0" offset="0" sl="48" sc="0" el="48" ec="0" bec="0" bev="0" fileid="10" />
                <SequencePoint vc="0" uspid="277" ordinal="0" offset="16" sl="50" sc="0" el="50" ec="0" bec="0" bev="0" fileid="10" />
                <SequencePoint vc="0" uspid="278" ordinal="0" offset="25" sl="52" sc="0" el="52" ec="0" bec="0" bev="0" fileid="10" />
                <SequencePoint vc="0" uspid="279" ordinal="0" offset="31" sl="55" sc="0" el="55" ec="0" bec="0" bev="0" fileid="10" />
                <SequencePoint vc="0" uspid="280" ordinal="0" offset="54" sl="57" sc="0" el="57" ec="0" bec="0" bev="0" fileid="10" />
                <SequencePoint vc="0" uspid="281" ordinal="0" offset="60" sl="59" sc="0" el="59" ec="0" bec="0" bev="0" fileid="10" />
              </SequencePoints>
              <BranchPoints />
            </Method>
            <Method visited="false" cyclomaticComplexity="0" nPathComplexity="0" sequenceCoverage="0.0" branchCoverage="0" crapScore="0" isConstructor="false" isStatic="false" isGetter="false" isSetter="false">
              <Summary numSequencePoints="11" visitedSequencePoints="0" numBranchPoints="0" visitedBranchPoints="0" sequenceCoverage="0.0" branchCoverage="0" maxCyclomaticComplexity="0" minCyclomaticComplexity="0" maxCrapScore="0" minCrapScore="0" visitedClasses="0" numClasses="0" visitedMethods="0" numMethods="1" />
              <MetadataToken>100663327</MetadataToken>
              <Name>System.Void PlayerMovement::FixedUpdate()</Name>
              <FileRef uid="10" />
              <SequencePoints>
                <SequencePoint vc="0" uspid="282" ordinal="0" offset="0" sl="62" sc="0" el="62" ec="0" bec="0" bev="0" fileid="10" />
                <SequencePoint vc="0" uspid="283" ordinal="0" offset="8" sl="62" sc="0" el="62" ec="0" bec="0" bev="0" fileid="10" />
                <SequencePoint vc="0" uspid="284" ordinal="0" offset="9" sl="64" sc="0" el="64" ec="0" bec="0" bev="0" fileid="10" />
                <SequencePoint vc="0" uspid="285" ordinal="0" offset="37" sl="65" sc="0" el="65" ec="0" bec="0" bev="0" fileid="10" />
                <SequencePoint vc="0" uspid="286" ordinal="0" offset="70" sl="66" sc="0" el="66" ec="0" bec="0" bev="0" fileid="10" />
                <SequencePoint vc="0" uspid="287" ordinal="0" offset="135" sl="69" sc="0" el="69" ec="0" bec="0" bev="0" fileid="10" />
                <SequencePoint vc="0" uspid="288" ordinal="0" offset="146" sl="71" sc="0" el="71" ec="0" bec="0" bev="0" fileid="10" />
                <SequencePoint vc="0" uspid="289" ordinal="0" offset="201" sl="73" sc="0" el="73" ec="0" bec="0" bev="0" fileid="10" />
                <SequencePoint vc="0" uspid="290" ordinal="0" offset="235" sl="75" sc="0" el="75" ec="0" bec="0" bev="0" fileid="10" />
                <SequencePoint vc="0" uspid="291" ordinal="0" offset="243" sl="76" sc="0" el="76" ec="0" bec="0" bev="0" fileid="10" />
                <SequencePoint vc="0" uspid="292" ordinal="0" offset="254" sl="77" sc="0" el="77" ec="0" bec="0" bev="0" fileid="10" />
              </SequencePoints>
              <BranchPoints />
            </Method>
            <Method visited="false" cyclomaticComplexity="0" nPathComplexity="0" sequenceCoverage="0.0" branchCoverage="0" crapScore="0" isConstructor="false" isStatic="false" isGetter="false" isSetter="false">
              <Summary numSequencePoints="3" visitedSequencePoints="0" numBranchPoints="0" visitedBranchPoints="0" sequenceCoverage="0.0" branchCoverage="0" maxCyclomaticComplexity="0" minCyclomaticComplexity="0" maxCrapScore="0" minCrapScore="0" visitedClasses="0" numClasses="0" visitedMethods="0" numMethods="1" />
              <MetadataToken>100663328</MetadataToken>
              <Name>System.Void PlayerMovement::OnTriggerEnter(UnityEngine.Collider)</Name>
              <FileRef uid="10" />
              <SequencePoints>
                <SequencePoint vc="0" uspid="293" ordinal="0" offset="0" sl="81" sc="0" el="81" ec="0" bec="0" bev="0" fileid="10" />
                <SequencePoint vc="0" uspid="294" ordinal="0" offset="18" sl="83" sc="0" el="83" ec="0" bec="0" bev="0" fileid="10" />
                <SequencePoint vc="0" uspid="295" ordinal="0" offset="25" sl="85" sc="0" el="85" ec="0" bec="0" bev="0" fileid="10" />
              </SequencePoints>
              <BranchPoints />
            </Method>
            <Method visited="false" cyclomaticComplexity="0" nPathComplexity="0" sequenceCoverage="0.0" branchCoverage="0" crapScore="0" isConstructor="false" isStatic="false" isGetter="false" isSetter="false">
              <Summary numSequencePoints="11" visitedSequencePoints="0" numBranchPoints="0" visitedBranchPoints="0" sequenceCoverage="0.0" branchCoverage="0" maxCyclomaticComplexity="0" minCyclomaticComplexity="0" maxCrapScore="0" minCrapScore="0" visitedClasses="0" numClasses="0" visitedMethods="0" numMethods="1" />
              <MetadataToken>100663329</MetadataToken>
              <Name>System.Void PlayerMovement::Die()</Name>
              <FileRef uid="10" />
              <SequencePoints>
                <SequencePoint vc="0" uspid="296" ordinal="0" offset="0" sl="89" sc="0" el="89" ec="0" bec="0" bev="0" fileid="10" />
                <SequencePoint vc="0" uspid="297" ordinal="0" offset="8" sl="89" sc="0" el="89" ec="0" bec="0" bev="0" fileid="10" />
                <SequencePoint vc="0" uspid="298" ordinal="0" offset="9" sl="90" sc="0" el="90" ec="0" bec="0" bev="0" fileid="10" />
                <SequencePoint vc="0" uspid="299" ordinal="0" offset="16" sl="92" sc="0" el="92" ec="0" bec="0" bev="0" fileid="10" />
                <SequencePoint vc="0" uspid="300" ordinal="0" offset="33" sl="93" sc="0" el="93" ec="0" bec="0" bev="0" fileid="10" />
                <SequencePoint vc="0" uspid="301" ordinal="0" offset="50" sl="94" sc="0" el="94" ec="0" bec="0" bev="0" fileid="10" />
                <SequencePoint vc="0" uspid="302" ordinal="0" offset="61" sl="95" sc="0" el="95" ec="0" bec="0" bev="0" fileid="10" />
                <SequencePoint vc="0" uspid="303" ordinal="0" offset="83" sl="96" sc="0" el="96" ec="0" bec="0" bev="0" fileid="10" />
                <SequencePoint vc="0" uspid="304" ordinal="0" offset="94" sl="97" sc="0" el="97" ec="0" bec="0" bev="0" fileid="10" />
                <SequencePoint vc="0" uspid="305" ordinal="0" offset="105" sl="98" sc="0" el="98" ec="0" bec="0" bev="0" fileid="10" />
                <SequencePoint vc="0" uspid="306" ordinal="0" offset="116" sl="99" sc="0" el="99" ec="0" bec="0" bev="0" fileid="10" />
              </SequencePoints>
              <BranchPoints />
            </Method>
            <Method visited="false" cyclomaticComplexity="0" nPathComplexity="0" sequenceCoverage="0.0" branchCoverage="0" crapScore="0" isConstructor="false" isStatic="false" isGetter="false" isSetter="false">
              <Summary numSequencePoints="5" visitedSequencePoints="0" numBranchPoints="0" visitedBranchPoints="0" sequenceCoverage="0.0" branchCoverage="0" maxCyclomaticComplexity="0" minCyclomaticComplexity="0" maxCrapScore="0" minCrapScore="0" visitedClasses="0" numClasses="0" visitedMethods="0" numMethods="1" />
              <MetadataToken>100663330</MetadataToken>
              <Name>System.Void PlayerMovement::Jump()</Name>
              <FileRef uid="10" />
              <SequencePoints>
                <SequencePoint vc="0" uspid="307" ordinal="0" offset="0" sl="103" sc="0" el="103" ec="0" bec="0" bev="0" fileid="10" />
                <SequencePoint vc="0" uspid="308" ordinal="0" offset="25" sl="104" sc="0" el="104" ec="0" bec="0" bev="0" fileid="10" />
                <SequencePoint vc="0" uspid="309" ordinal="0" offset="71" sl="106" sc="0" el="106" ec="0" bec="0" bev="0" fileid="10" />
                <SequencePoint vc="0" uspid="310" ordinal="0" offset="99" sl="107" sc="0" el="107" ec="0" bec="0" bev="0" fileid="10" />
                <SequencePoint vc="0" uspid="311" ordinal="0" offset="106" sl="108" sc="0" el="108" ec="0" bec="0" bev="0" fileid="10" />
              </SequencePoints>
              <BranchPoints />
            </Method>
            <Method visited="false" cyclomaticComplexity="0" nPathComplexity="0" sequenceCoverage="0.0" branchCoverage="0" crapScore="0" isConstructor="true" isStatic="false" isGetter="false" isSetter="false">
              <Summary numSequencePoints="4" visitedSequencePoints="0" numBranchPoints="0" visitedBranchPoints="0" sequenceCoverage="0.0" branchCoverage="0" maxCyclomaticComplexity="0" minCyclomaticComplexity="0" maxCrapScore="0" minCrapScore="0" visitedClasses="0" numClasses="0" visitedMethods="0" numMethods="1" />
              <MetadataToken>100663331</MetadataToken>
              <Name>PlayerMovement::PlayerMovement()</Name>
              <FileRef uid="10" />
              <SequencePoints>
                <SequencePoint vc="0" uspid="312" ordinal="0" offset="0" sl="7" sc="5" el="7" ec="5" bec="0" bev="0" fileid="10" />
                <SequencePoint vc="0" uspid="313" ordinal="0" offset="7" sl="8" sc="5" el="8" ec="5" bec="0" bev="0" fileid="10" />
                <SequencePoint vc="0" uspid="314" ordinal="0" offset="18" sl="13" sc="5" el="13" ec="5" bec="0" bev="0" fileid="10" />
                <SequencePoint vc="0" uspid="315" ordinal="0" offset="29" sl="16" sc="22" el="16" ec="22" bec="0" bev="0" fileid="10" />
              </SequencePoints>
              <BranchPoints />
            </Method>
          </Methods>
        </Class>
      </Classes>
    </Module>
  </Modules>
</CoverageSession>